{"/Users/sakicelik/Documents/GitHub/sahikabeauty/app/HomeClient.jsx": {"path":"/Users/sakicelik/Documents/GitHub/sahikabeauty/app/HomeClient.jsx","statementMap":{"0":{"start":{"line":440,"column":0},"end":{"line":440,"column":15}},"1":{"start":{"line":3,"column":23},"end":{"line":3,"column":null}},"2":{"start":{"line":4,"column":36},"end":{"line":4,"column":null}},"3":{"start":{"line":5,"column":25},"end":{"line":5,"column":null}},"4":{"start":{"line":6,"column":33},"end":{"line":6,"column":null}},"5":{"start":{"line":7,"column":25},"end":{"line":7,"column":null}},"6":{"start":{"line":8,"column":29},"end":{"line":8,"column":null}},"7":{"start":{"line":9,"column":24},"end":{"line":9,"column":null}},"8":{"start":{"line":10,"column":25},"end":{"line":10,"column":null}},"9":{"start":{"line":11,"column":19},"end":{"line":11,"column":null}},"10":{"start":{"line":21,"column":19},"end":{"line":438,"column":null}},"11":{"start":{"line":30,"column":28},"end":{"line":30,"column":null}},"12":{"start":{"line":31,"column":34},"end":{"line":31,"column":null}},"13":{"start":{"line":32,"column":50},"end":{"line":32,"column":null}},"14":{"start":{"line":33,"column":28},"end":{"line":33,"column":null}},"15":{"start":{"line":34,"column":36},"end":{"line":34,"column":null}},"16":{"start":{"line":37,"column":2},"end":{"line":69,"column":null}},"17":{"start":{"line":38,"column":22},"end":{"line":63,"column":null}},"18":{"start":{"line":39,"column":6},"end":{"line":62,"column":null}},"19":{"start":{"line":40,"column":8},"end":{"line":40,"column":null}},"20":{"start":{"line":41,"column":40},"end":{"line":44,"column":null}},"21":{"start":{"line":46,"column":8},"end":{"line":49,"column":null}},"22":{"start":{"line":47,"column":28},"end":{"line":47,"column":null}},"23":{"start":{"line":48,"column":10},"end":{"line":48,"column":null}},"24":{"start":{"line":51,"column":8},"end":{"line":56,"column":null}},"25":{"start":{"line":52,"column":31},"end":{"line":52,"column":null}},"26":{"start":{"line":53,"column":31},"end":{"line":53,"column":68}},"27":{"start":{"line":54,"column":10},"end":{"line":54,"column":null}},"28":{"start":{"line":55,"column":10},"end":{"line":55,"column":null}},"29":{"start":{"line":55,"column":61},"end":{"line":55,"column":null}},"30":{"start":{"line":58,"column":8},"end":{"line":58,"column":null}},"31":{"start":{"line":59,"column":8},"end":{"line":59,"column":null}},"32":{"start":{"line":61,"column":8},"end":{"line":61,"column":null}},"33":{"start":{"line":66,"column":4},"end":{"line":68,"column":null}},"34":{"start":{"line":67,"column":6},"end":{"line":67,"column":null}},"35":{"start":{"line":71,"column":30},"end":{"line":350,"column":null}},"36":{"start":{"line":352,"column":2},"end":{"line":354,"column":null}},"37":{"start":{"line":356,"column":2},"end":{"line":403,"column":null}},"38":{"start":{"line":369,"column":16},"end":{"line":369,"column":null}},"39":{"start":{"line":382,"column":16},"end":{"line":382,"column":null}},"40":{"start":{"line":395,"column":16},"end":{"line":395,"column":null}},"41":{"start":{"line":440,"column":15},"end":{"line":440,"column":null}}},"fnMap":{"0":{"name":"(anonymous_2)","decl":{"start":{"line":21,"column":19},"end":{"line":21,"column":20}},"loc":{"start":{"line":27,"column":1},"end":{"line":438,"column":null}}},"1":{"name":"(anonymous_3)","decl":{"start":{"line":37,"column":12},"end":{"line":37,"column":null}},"loc":{"start":{"line":37,"column":12},"end":{"line":69,"column":5}}},"2":{"name":"(anonymous_4)","decl":{"start":{"line":38,"column":22},"end":{"line":38,"column":null}},"loc":{"start":{"line":38,"column":22},"end":{"line":63,"column":null}}},"3":{"name":"(anonymous_5)","decl":{"start":{"line":55,"column":50},"end":{"line":55,"column":61}},"loc":{"start":{"line":55,"column":61},"end":{"line":55,"column":null}}},"4":{"name":"(anonymous_6)","decl":{"start":{"line":368,"column":45},"end":{"line":368,"column":46}},"loc":{"start":{"line":369,"column":16},"end":{"line":369,"column":null}}},"5":{"name":"(anonymous_7)","decl":{"start":{"line":381,"column":45},"end":{"line":381,"column":46}},"loc":{"start":{"line":382,"column":16},"end":{"line":382,"column":null}}},"6":{"name":"(anonymous_8)","decl":{"start":{"line":394,"column":45},"end":{"line":394,"column":46}},"loc":{"start":{"line":395,"column":16},"end":{"line":395,"column":null}}}},"branchMap":{"0":{"loc":{"start":{"line":22,"column":9},"end":{"line":22,"column":26}},"type":"default-arg","locations":[{"start":{"line":22,"column":24},"end":{"line":22,"column":26}}]},"1":{"loc":{"start":{"line":23,"column":12},"end":{"line":23,"column":32}},"type":"default-arg","locations":[{"start":{"line":23,"column":30},"end":{"line":23,"column":32}}]},"2":{"loc":{"start":{"line":24,"column":20},"end":{"line":24,"column":48}},"type":"default-arg","locations":[{"start":{"line":24,"column":46},"end":{"line":24,"column":48}}]},"3":{"loc":{"start":{"line":25,"column":9},"end":{"line":25,"column":28}},"type":"default-arg","locations":[{"start":{"line":25,"column":24},"end":{"line":25,"column":28}}]},"4":{"loc":{"start":{"line":26,"column":2},"end":{"line":26,"column":17}},"type":"default-arg","locations":[{"start":{"line":26,"column":12},"end":{"line":26,"column":17}}]},"5":{"loc":{"start":{"line":46,"column":8},"end":{"line":49,"column":null}},"type":"if","locations":[{"start":{"line":46,"column":8},"end":{"line":49,"column":null}},{"start":{},"end":{}}]},"6":{"loc":{"start":{"line":48,"column":19},"end":{"line":48,"column":53}},"type":"binary-expr","locations":[{"start":{"line":48,"column":19},"end":{"line":48,"column":51}},{"start":{"line":48,"column":51},"end":{"line":48,"column":53}}]},"7":{"loc":{"start":{"line":51,"column":8},"end":{"line":56,"column":null}},"type":"if","locations":[{"start":{"line":51,"column":8},"end":{"line":56,"column":null}},{"start":{},"end":{}}]},"8":{"loc":{"start":{"line":53,"column":31},"end":{"line":53,"column":68}},"type":"binary-expr","locations":[{"start":{"line":53,"column":31},"end":{"line":53,"column":66}},{"start":{"line":53,"column":66},"end":{"line":53,"column":68}}]},"9":{"loc":{"start":{"line":66,"column":4},"end":{"line":68,"column":null}},"type":"if","locations":[{"start":{"line":66,"column":4},"end":{"line":68,"column":null}},{"start":{},"end":{}}]},"10":{"loc":{"start":{"line":66,"column":8},"end":{"line":66,"column":67}},"type":"binary-expr","locations":[{"start":{"line":66,"column":8},"end":{"line":66,"column":37}},{"start":{"line":66,"column":37},"end":{"line":66,"column":67}}]},"11":{"loc":{"start":{"line":352,"column":2},"end":{"line":354,"column":null}},"type":"if","locations":[{"start":{"line":352,"column":2},"end":{"line":354,"column":null}},{"start":{},"end":{}}]},"12":{"loc":{"start":{"line":356,"column":2},"end":{"line":403,"column":null}},"type":"if","locations":[{"start":{"line":356,"column":2},"end":{"line":403,"column":null}},{"start":{},"end":{}}]}},"s":{"0":0,"1":0,"2":0,"3":0,"4":0,"5":0,"6":0,"7":0,"8":0,"9":0,"10":0,"11":0,"12":0,"13":0,"14":0,"15":0,"16":0,"17":0,"18":0,"19":0,"20":0,"21":0,"22":0,"23":0,"24":0,"25":0,"26":0,"27":0,"28":0,"29":0,"30":0,"31":0,"32":0,"33":0,"34":0,"35":0,"36":0,"37":0,"38":0,"39":0,"40":0,"41":0},"f":{"0":0,"1":0,"2":0,"3":0,"4":0,"5":0,"6":0},"b":{"0":[0],"1":[0],"2":[0],"3":[0],"4":[0],"5":[0,0],"6":[0,0],"7":[0,0],"8":[0,0],"9":[0,0],"10":[0,0],"11":[0,0],"12":[0,0]}}
,"/Users/sakicelik/Documents/GitHub/sahikabeauty/app/layout.jsx": {"path":"/Users/sakicelik/Documents/GitHub/sahikabeauty/app/layout.jsx","statementMap":{"0":{"start":{"line":119,"column":24},"end":{"line":119,"column":35}},"1":{"start":{"line":33,"column":13},"end":{"line":33,"column":21}},"2":{"start":{"line":1,"column":18},"end":{"line":1,"column":null}},"3":{"start":{"line":2,"column":26},"end":{"line":2,"column":null}},"4":{"start":{"line":5,"column":30},"end":{"line":5,"column":null}},"5":{"start":{"line":6,"column":24},"end":{"line":6,"column":null}},"6":{"start":{"line":8,"column":19},"end":{"line":8,"column":null}},"7":{"start":{"line":9,"column":72},"end":{"line":9,"column":null}},"8":{"start":{"line":10,"column":7},"end":{"line":10,"column":null}},"9":{"start":{"line":12,"column":18},"end":{"line":17,"column":null}},"10":{"start":{"line":19,"column":16},"end":{"line":24,"column":null}},"11":{"start":{"line":26,"column":17},"end":{"line":31,"column":null}},"12":{"start":{"line":33,"column":24},"end":{"line":117,"column":null}},"13":{"start":{"line":120,"column":29},"end":{"line":120,"column":null}},"14":{"start":{"line":121,"column":30},"end":{"line":121,"column":null}}},"fnMap":{"0":{"name":"RootLayout","decl":{"start":{"line":119,"column":24},"end":{"line":119,"column":35}},"loc":{"start":{"line":119,"column":47},"end":{"line":221,"column":1}}}},"branchMap":{},"s":{"0":0,"1":0,"2":0,"3":0,"4":0,"5":0,"6":0,"7":0,"8":0,"9":0,"10":0,"11":0,"12":0,"13":0,"14":0},"f":{"0":0},"b":{}}
,"/Users/sakicelik/Documents/GitHub/sahikabeauty/app/page.jsx": {"path":"/Users/sakicelik/Documents/GitHub/sahikabeauty/app/page.jsx","statementMap":{"0":{"start":{"line":303,"column":0},"end":{"line":303,"column":15}},"1":{"start":{"line":5,"column":22},"end":{"line":5,"column":38}},"2":{"start":{"line":1,"column":23},"end":{"line":1,"column":null}},"3":{"start":{"line":2,"column":92},"end":{"line":2,"column":null}},"4":{"start":{"line":3,"column":19},"end":{"line":3,"column":null}},"5":{"start":{"line":7,"column":2},"end":{"line":55,"column":null}},"6":{"start":{"line":58,"column":13},"end":{"line":301,"column":null}},"7":{"start":{"line":60,"column":14},"end":{"line":60,"column":16}},"8":{"start":{"line":61,"column":17},"end":{"line":61,"column":19}},"9":{"start":{"line":62,"column":25},"end":{"line":62,"column":27}},"10":{"start":{"line":63,"column":14},"end":{"line":63,"column":null}},"11":{"start":{"line":65,"column":2},"end":{"line":72,"column":null}},"12":{"start":{"line":68,"column":4},"end":{"line":68,"column":null}},"13":{"start":{"line":70,"column":4},"end":{"line":70,"column":null}},"14":{"start":{"line":71,"column":4},"end":{"line":71,"column":null}},"15":{"start":{"line":74,"column":29},"end":{"line":74,"column":null}},"16":{"start":{"line":75,"column":24},"end":{"line":75,"column":null}},"17":{"start":{"line":76,"column":27},"end":{"line":76,"column":null}},"18":{"start":{"line":79,"column":20},"end":{"line":284,"column":null}},"19":{"start":{"line":303,"column":15},"end":{"line":303,"column":19}}},"fnMap":{"0":{"name":"generateMetadata","decl":{"start":{"line":5,"column":22},"end":{"line":5,"column":38}},"loc":{"start":{"line":5,"column":22},"end":{"line":56,"column":null}}},"1":{"name":"(anonymous_5)","decl":{"start":{"line":58,"column":13},"end":{"line":58,"column":null}},"loc":{"start":{"line":58,"column":13},"end":{"line":301,"column":null}}}},"branchMap":{},"s":{"0":0,"1":0,"2":0,"3":0,"4":0,"5":0,"6":0,"7":0,"8":0,"9":0,"10":0,"11":0,"12":0,"13":0,"14":0,"15":0,"16":0,"17":0,"18":0,"19":0},"f":{"0":0,"1":0},"b":{}}
,"/Users/sakicelik/Documents/GitHub/sahikabeauty/app/robots.js": {"path":"/Users/sakicelik/Documents/GitHub/sahikabeauty/app/robots.js","statementMap":{"0":{"start":{"line":1,"column":24},"end":{"line":1,"column":null}},"1":{"start":{"line":2,"column":18},"end":{"line":2,"column":null}},"2":{"start":{"line":4,"column":2},"end":{"line":12,"column":null}}},"fnMap":{"0":{"name":"robots","decl":{"start":{"line":1,"column":24},"end":{"line":1,"column":null}},"loc":{"start":{"line":1,"column":24},"end":{"line":13,"column":null}}}},"branchMap":{},"s":{"0":0,"1":0,"2":0},"f":{"0":0},"b":{}}
,"/Users/sakicelik/Documents/GitHub/sahikabeauty/app/sitemap.js": {"path":"/Users/sakicelik/Documents/GitHub/sahikabeauty/app/sitemap.js","statementMap":{"0":{"start":{"line":42,"column":24},"end":{"line":42,"column":null}},"1":{"start":{"line":1,"column":25},"end":{"line":1,"column":null}},"2":{"start":{"line":4,"column":18},"end":{"line":29,"column":null}},"3":{"start":{"line":32,"column":19},"end":{"line":40,"column":null}},"4":{"start":{"line":43,"column":18},"end":{"line":43,"column":null}},"5":{"start":{"line":46,"column":22},"end":{"line":83,"column":null}},"6":{"start":{"line":86,"column":23},"end":{"line":91,"column":null}},"7":{"start":{"line":86,"column":50},"end":{"line":91,"column":null}},"8":{"start":{"line":94,"column":20},"end":{"line":99,"column":null}},"9":{"start":{"line":94,"column":45},"end":{"line":99,"column":null}},"10":{"start":{"line":102,"column":24},"end":{"line":107,"column":null}},"11":{"start":{"line":102,"column":54},"end":{"line":107,"column":null}},"12":{"start":{"line":110,"column":28},"end":{"line":115,"column":null}},"13":{"start":{"line":110,"column":58},"end":{"line":115,"column":null}},"14":{"start":{"line":117,"column":2},"end":{"line":117,"column":null}}},"fnMap":{"0":{"name":"sitemap","decl":{"start":{"line":42,"column":24},"end":{"line":42,"column":null}},"loc":{"start":{"line":42,"column":24},"end":{"line":118,"column":null}}},"1":{"name":"(anonymous_2)","decl":{"start":{"line":86,"column":36},"end":{"line":86,"column":37}},"loc":{"start":{"line":86,"column":50},"end":{"line":91,"column":null}}},"2":{"name":"(anonymous_3)","decl":{"start":{"line":94,"column":34},"end":{"line":94,"column":35}},"loc":{"start":{"line":94,"column":45},"end":{"line":99,"column":null}}},"3":{"name":"(anonymous_4)","decl":{"start":{"line":102,"column":39},"end":{"line":102,"column":40}},"loc":{"start":{"line":102,"column":54},"end":{"line":107,"column":null}}},"4":{"name":"(anonymous_5)","decl":{"start":{"line":110,"column":43},"end":{"line":110,"column":44}},"loc":{"start":{"line":110,"column":58},"end":{"line":115,"column":null}}}},"branchMap":{},"s":{"0":0,"1":0,"2":0,"3":0,"4":0,"5":0,"6":0,"7":0,"8":0,"9":0,"10":0,"11":0,"12":0,"13":0,"14":0},"f":{"0":0,"1":0,"2":0,"3":0,"4":0},"b":{}}
,"/Users/sakicelik/Documents/GitHub/sahikabeauty/app/admin/Sidebar.jsx": {"path":"/Users/sakicelik/Documents/GitHub/sahikabeauty/app/admin/Sidebar.jsx","statementMap":{"0":{"start":{"line":82,"column":24},"end":{"line":82,"column":32}},"1":{"start":{"line":3,"column":17},"end":{"line":3,"column":null}},"2":{"start":{"line":4,"column":28},"end":{"line":4,"column":null}},"3":{"start":{"line":5,"column":25},"end":{"line":5,"column":null}},"4":{"start":{"line":21,"column":7},"end":{"line":21,"column":null}},"5":{"start":{"line":23,"column":18},"end":{"line":80,"column":null}},"6":{"start":{"line":83,"column":19},"end":{"line":83,"column":null}},"7":{"start":{"line":117,"column":31},"end":{"line":117,"column":null}},"8":{"start":{"line":118,"column":36},"end":{"line":118,"column":45}},"9":{"start":{"line":120,"column":14},"end":{"line":121,"column":null}},"10":{"start":{"line":129,"column":35},"end":{"line":129,"column":null}}},"fnMap":{"0":{"name":"Sidebar","decl":{"start":{"line":82,"column":24},"end":{"line":82,"column":32}},"loc":{"start":{"line":82,"column":68},"end":{"line":160,"column":null}}},"1":{"name":"(anonymous_3)","decl":{"start":{"line":116,"column":27},"end":{"line":116,"column":28}},"loc":{"start":{"line":116,"column":28},"end":{"line":139,"column":null}}},"2":{"name":"(anonymous_4)","decl":{"start":{"line":129,"column":29},"end":{"line":129,"column":35}},"loc":{"start":{"line":129,"column":35},"end":{"line":129,"column":null}}}},"branchMap":{"0":{"loc":{"start":{"line":88,"column":7},"end":{"line":88,"column":null}},"type":"binary-expr","locations":[{"start":{"line":88,"column":7},"end":{"line":88,"column":null}}]},"1":{"loc":{"start":{"line":98,"column":10},"end":{"line":98,"column":74}},"type":"cond-expr","locations":[{"start":{"line":98,"column":19},"end":{"line":98,"column":37}},{"start":{"line":98,"column":37},"end":{"line":98,"column":74}}]},"2":{"loc":{"start":{"line":117,"column":31},"end":{"line":117,"column":null}},"type":"binary-expr","locations":[{"start":{"line":117,"column":31},"end":{"line":117,"column":53}},{"start":{"line":117,"column":58},"end":{"line":117,"column":84}},{"start":{"line":117,"column":84},"end":{"line":117,"column":null}}]},"3":{"loc":{"start":{"line":125,"column":22},"end":{"line":127,"column":null}},"type":"cond-expr","locations":[{"start":{"line":126,"column":26},"end":{"line":126,"column":null}},{"start":{"line":127,"column":26},"end":{"line":127,"column":null}}]},"4":{"loc":{"start":{"line":131,"column":57},"end":{"line":131,"column":128}},"type":"cond-expr","locations":[{"start":{"line":131,"column":68},"end":{"line":131,"column":86}},{"start":{"line":131,"column":86},"end":{"line":131,"column":128}}]}},"s":{"0":0,"1":0,"2":0,"3":0,"4":0,"5":0,"6":0,"7":0,"8":0,"9":0,"10":0},"f":{"0":0,"1":0,"2":0},"b":{"0":[0],"1":[0,0],"2":[0,0,0],"3":[0,0],"4":[0,0]}}
,"/Users/sakicelik/Documents/GitHub/sahikabeauty/app/admin/layout.jsx": {"path":"/Users/sakicelik/Documents/GitHub/sahikabeauty/app/admin/layout.jsx","statementMap":{"0":{"start":{"line":12,"column":24},"end":{"line":12,"column":36}},"1":{"start":{"line":3,"column":36},"end":{"line":3,"column":null}},"2":{"start":{"line":4,"column":28},"end":{"line":4,"column":null}},"3":{"start":{"line":5,"column":22},"end":{"line":5,"column":null}},"4":{"start":{"line":7,"column":24},"end":{"line":7,"column":null}},"5":{"start":{"line":8,"column":24},"end":{"line":8,"column":null}},"6":{"start":{"line":9,"column":38},"end":{"line":9,"column":null}},"7":{"start":{"line":10,"column":20},"end":{"line":10,"column":null}},"8":{"start":{"line":13,"column":48},"end":{"line":13,"column":null}},"9":{"start":{"line":14,"column":26},"end":{"line":14,"column":null}},"10":{"start":{"line":15,"column":32},"end":{"line":15,"column":null}},"11":{"start":{"line":16,"column":40},"end":{"line":16,"column":null}},"12":{"start":{"line":19,"column":2},"end":{"line":31,"column":null}},"13":{"start":{"line":21,"column":22},"end":{"line":28,"column":null}},"14":{"start":{"line":22,"column":28},"end":{"line":22,"column":null}},"15":{"start":{"line":23,"column":23},"end":{"line":23,"column":null}},"16":{"start":{"line":25,"column":6},"end":{"line":25,"column":null}},"17":{"start":{"line":26,"column":6},"end":{"line":26,"column":null}},"18":{"start":{"line":27,"column":6},"end":{"line":27,"column":null}},"19":{"start":{"line":30,"column":4},"end":{"line":30,"column":null}},"20":{"start":{"line":33,"column":29},"end":{"line":36,"column":null}},"21":{"start":{"line":34,"column":4},"end":{"line":34,"column":null}},"22":{"start":{"line":35,"column":4},"end":{"line":35,"column":null}},"23":{"start":{"line":38,"column":23},"end":{"line":41,"column":null}},"24":{"start":{"line":39,"column":4},"end":{"line":39,"column":null}},"25":{"start":{"line":40,"column":4},"end":{"line":40,"column":null}},"26":{"start":{"line":43,"column":24},"end":{"line":45,"column":null}},"27":{"start":{"line":44,"column":4},"end":{"line":44,"column":null}},"28":{"start":{"line":47,"column":2},"end":{"line":56,"column":null}},"29":{"start":{"line":58,"column":2},"end":{"line":65,"column":null}}},"fnMap":{"0":{"name":"AdminLayout","decl":{"start":{"line":12,"column":24},"end":{"line":12,"column":36}},"loc":{"start":{"line":12,"column":48},"end":{"line":122,"column":null}}},"1":{"name":"(anonymous_3)","decl":{"start":{"line":19,"column":12},"end":{"line":19,"column":null}},"loc":{"start":{"line":19,"column":12},"end":{"line":31,"column":5}}},"2":{"name":"(anonymous_4)","decl":{"start":{"line":21,"column":22},"end":{"line":21,"column":null}},"loc":{"start":{"line":21,"column":22},"end":{"line":28,"column":null}}},"3":{"name":"(anonymous_5)","decl":{"start":{"line":33,"column":29},"end":{"line":33,"column":30}},"loc":{"start":{"line":33,"column":30},"end":{"line":36,"column":null}}},"4":{"name":"(anonymous_6)","decl":{"start":{"line":38,"column":23},"end":{"line":38,"column":null}},"loc":{"start":{"line":38,"column":23},"end":{"line":41,"column":null}}},"5":{"name":"(anonymous_7)","decl":{"start":{"line":43,"column":24},"end":{"line":43,"column":null}},"loc":{"start":{"line":43,"column":24},"end":{"line":45,"column":null}}}},"branchMap":{"0":{"loc":{"start":{"line":47,"column":2},"end":{"line":56,"column":null}},"type":"if","locations":[{"start":{"line":47,"column":2},"end":{"line":56,"column":null}},{"start":{},"end":{}}]},"1":{"loc":{"start":{"line":58,"column":2},"end":{"line":65,"column":null}},"type":"if","locations":[{"start":{"line":58,"column":2},"end":{"line":65,"column":null}},{"start":{},"end":{}}]}},"s":{"0":0,"1":0,"2":0,"3":0,"4":0,"5":0,"6":0,"7":0,"8":0,"9":0,"10":0,"11":0,"12":0,"13":0,"14":0,"15":0,"16":0,"17":0,"18":0,"19":0,"20":0,"21":0,"22":0,"23":0,"24":0,"25":0,"26":0,"27":0,"28":0,"29":0},"f":{"0":0,"1":0,"2":0,"3":0,"4":0,"5":0},"b":{"0":[0,0],"1":[0,0]}}
,"/Users/sakicelik/Documents/GitHub/sahikabeauty/app/admin/page.jsx": {"path":"/Users/sakicelik/Documents/GitHub/sahikabeauty/app/admin/page.jsx","statementMap":{"0":{"start":{"line":20,"column":24},"end":{"line":20,"column":null}},"1":{"start":{"line":3,"column":36},"end":{"line":3,"column":null}},"2":{"start":{"line":4,"column":18},"end":{"line":4,"column":null}},"3":{"start":{"line":18,"column":7},"end":{"line":18,"column":null}},"4":{"start":{"line":21,"column":42},"end":{"line":21,"column":null}},"5":{"start":{"line":22,"column":34},"end":{"line":22,"column":null}},"6":{"start":{"line":23,"column":32},"end":{"line":23,"column":null}},"7":{"start":{"line":24,"column":28},"end":{"line":28,"column":null}},"8":{"start":{"line":31,"column":28},"end":{"line":70,"column":null}},"9":{"start":{"line":32,"column":4},"end":{"line":69,"column":null}},"10":{"start":{"line":33,"column":6},"end":{"line":33,"column":null}},"11":{"start":{"line":34,"column":25},"end":{"line":34,"column":null}},"12":{"start":{"line":35,"column":24},"end":{"line":35,"column":68}},"13":{"start":{"line":35,"column":41},"end":{"line":35,"column":61}},"14":{"start":{"line":37,"column":23},"end":{"line":43,"column":null}},"15":{"start":{"line":45,"column":6},"end":{"line":45,"column":null}},"16":{"start":{"line":47,"column":6},"end":{"line":49,"column":null}},"17":{"start":{"line":48,"column":8},"end":{"line":48,"column":null}},"18":{"start":{"line":51,"column":19},"end":{"line":51,"column":null}},"19":{"start":{"line":52,"column":6},"end":{"line":52,"column":null}},"20":{"start":{"line":54,"column":6},"end":{"line":60,"column":null}},"21":{"start":{"line":55,"column":8},"end":{"line":55,"column":null}},"22":{"start":{"line":56,"column":8},"end":{"line":56,"column":null}},"23":{"start":{"line":58,"column":8},"end":{"line":58,"column":null}},"24":{"start":{"line":59,"column":8},"end":{"line":59,"column":null}},"25":{"start":{"line":62,"column":6},"end":{"line":68,"column":null}},"26":{"start":{"line":63,"column":8},"end":{"line":63,"column":null}},"27":{"start":{"line":64,"column":8},"end":{"line":64,"column":null}},"28":{"start":{"line":66,"column":8},"end":{"line":66,"column":null}},"29":{"start":{"line":67,"column":8},"end":{"line":67,"column":null}},"30":{"start":{"line":73,"column":24},"end":{"line":97,"column":null}},"31":{"start":{"line":74,"column":4},"end":{"line":96,"column":null}},"32":{"start":{"line":75,"column":25},"end":{"line":75,"column":null}},"33":{"start":{"line":76,"column":24},"end":{"line":76,"column":68}},"34":{"start":{"line":76,"column":41},"end":{"line":76,"column":61}},"35":{"start":{"line":78,"column":23},"end":{"line":80,"column":null}},"36":{"start":{"line":82,"column":6},"end":{"line":82,"column":null}},"37":{"start":{"line":83,"column":19},"end":{"line":83,"column":null}},"38":{"start":{"line":85,"column":6},"end":{"line":89,"column":null}},"39":{"start":{"line":86,"column":8},"end":{"line":86,"column":null}},"40":{"start":{"line":88,"column":8},"end":{"line":88,"column":null}},"41":{"start":{"line":91,"column":6},"end":{"line":95,"column":null}},"42":{"start":{"line":92,"column":8},"end":{"line":92,"column":null}},"43":{"start":{"line":94,"column":8},"end":{"line":94,"column":null}},"44":{"start":{"line":100,"column":22},"end":{"line":122,"column":null}},"45":{"start":{"line":101,"column":4},"end":{"line":121,"column":null}},"46":{"start":{"line":102,"column":6},"end":{"line":102,"column":null}},"47":{"start":{"line":103,"column":6},"end":{"line":103,"column":null}},"48":{"start":{"line":105,"column":22},"end":{"line":108,"column":null}},"49":{"start":{"line":110,"column":6},"end":{"line":110,"column":null}},"50":{"start":{"line":111,"column":6},"end":{"line":115,"column":null}},"51":{"start":{"line":112,"column":8},"end":{"line":114,"column":null}},"52":{"start":{"line":113,"column":10},"end":{"line":113,"column":null}},"53":{"start":{"line":117,"column":6},"end":{"line":117,"column":null}},"54":{"start":{"line":118,"column":6},"end":{"line":118,"column":null}},"55":{"start":{"line":120,"column":6},"end":{"line":120,"column":null}},"56":{"start":{"line":124,"column":2},"end":{"line":133,"column":null}},"57":{"start":{"line":125,"column":4},"end":{"line":125,"column":null}},"58":{"start":{"line":128,"column":21},"end":{"line":130,"column":null}},"59":{"start":{"line":129,"column":6},"end":{"line":129,"column":null}},"60":{"start":{"line":132,"column":4},"end":{"line":132,"column":null}},"61":{"start":{"line":132,"column":17},"end":{"line":132,"column":null}},"62":{"start":{"line":136,"column":2},"end":{"line":148,"column":null}},"63":{"start":{"line":137,"column":18},"end":{"line":137,"column":null}},"64":{"start":{"line":138,"column":30},"end":{"line":141,"column":null}},"65":{"start":{"line":139,"column":30},"end":{"line":139,"column":null}},"66":{"start":{"line":140,"column":6},"end":{"line":140,"column":null}},"67":{"start":{"line":143,"column":4},"end":{"line":147,"column":null}},"68":{"start":{"line":151,"column":28},"end":{"line":155,"column":null}},"69":{"start":{"line":152,"column":18},"end":{"line":152,"column":null}},"70":{"start":{"line":153,"column":28},"end":{"line":153,"column":null}},"71":{"start":{"line":154,"column":4},"end":{"line":154,"column":null}},"72":{"start":{"line":158,"column":26},"end":{"line":160,"column":null}},"73":{"start":{"line":159,"column":23},"end":{"line":159,"column":38}},"74":{"start":{"line":163,"column":28},"end":{"line":170,"column":null}},"75":{"start":{"line":164,"column":4},"end":{"line":164,"column":null}},"76":{"start":{"line":164,"column":16},"end":{"line":164,"column":null}},"77":{"start":{"line":165,"column":20},"end":{"line":165,"column":null}},"78":{"start":{"line":166,"column":4},"end":{"line":168,"column":null}},"79":{"start":{"line":167,"column":6},"end":{"line":167,"column":null}},"80":{"start":{"line":169,"column":4},"end":{"line":169,"column":null}},"81":{"start":{"line":173,"column":31},"end":{"line":184,"column":null}},"82":{"start":{"line":174,"column":4},"end":{"line":174,"column":null}},"83":{"start":{"line":174,"column":21},"end":{"line":174,"column":null}},"84":{"start":{"line":175,"column":4},"end":{"line":183,"column":null}},"85":{"start":{"line":176,"column":19},"end":{"line":176,"column":null}},"86":{"start":{"line":177,"column":6},"end":{"line":180,"column":null}},"87":{"start":{"line":182,"column":6},"end":{"line":182,"column":null}},"88":{"start":{"line":186,"column":2},"end":{"line":195,"column":null}},"89":{"start":{"line":258,"column":89},"end":{"line":258,"column":100}},"90":{"start":{"line":289,"column":42},"end":{"line":289,"column":null}},"91":{"start":{"line":290,"column":18},"end":{"line":291,"column":37}},"92":{"start":{"line":339,"column":18},"end":{"line":339,"column":35}},"93":{"start":{"line":391,"column":44},"end":{"line":391,"column":null}},"94":{"start":{"line":392,"column":20},"end":{"line":393,"column":38}}},"fnMap":{"0":{"name":"AdminDashboard","decl":{"start":{"line":20,"column":24},"end":{"line":20,"column":null}},"loc":{"start":{"line":20,"column":24},"end":{"line":421,"column":null}}},"1":{"name":"(anonymous_3)","decl":{"start":{"line":31,"column":28},"end":{"line":31,"column":null}},"loc":{"start":{"line":31,"column":28},"end":{"line":70,"column":null}}},"2":{"name":"(anonymous_4)","decl":{"start":{"line":35,"column":35},"end":{"line":35,"column":41}},"loc":{"start":{"line":35,"column":41},"end":{"line":35,"column":61}}},"3":{"name":"(anonymous_5)","decl":{"start":{"line":73,"column":24},"end":{"line":73,"column":null}},"loc":{"start":{"line":73,"column":24},"end":{"line":97,"column":null}}},"4":{"name":"(anonymous_6)","decl":{"start":{"line":76,"column":35},"end":{"line":76,"column":41}},"loc":{"start":{"line":76,"column":41},"end":{"line":76,"column":61}}},"5":{"name":"(anonymous_7)","decl":{"start":{"line":100,"column":22},"end":{"line":100,"column":null}},"loc":{"start":{"line":100,"column":22},"end":{"line":122,"column":null}}},"6":{"name":"(anonymous_8)","decl":{"start":{"line":111,"column":22},"end":{"line":111,"column":23}},"loc":{"start":{"line":111,"column":31},"end":{"line":115,"column":null}}},"7":{"name":"(anonymous_9)","decl":{"start":{"line":124,"column":12},"end":{"line":124,"column":null}},"loc":{"start":{"line":124,"column":12},"end":{"line":133,"column":5}}},"8":{"name":"(anonymous_10)","decl":{"start":{"line":128,"column":33},"end":{"line":128,"column":null}},"loc":{"start":{"line":128,"column":33},"end":{"line":130,"column":7}}},"9":{"name":"(anonymous_11)","decl":{"start":{"line":132,"column":11},"end":{"line":132,"column":17}},"loc":{"start":{"line":132,"column":17},"end":{"line":132,"column":null}}},"10":{"name":"(anonymous_12)","decl":{"start":{"line":136,"column":12},"end":{"line":136,"column":null}},"loc":{"start":{"line":136,"column":12},"end":{"line":148,"column":5}}},"11":{"name":"(anonymous_13)","decl":{"start":{"line":138,"column":50},"end":{"line":138,"column":51}},"loc":{"start":{"line":138,"column":51},"end":{"line":141,"column":null}}},"12":{"name":"(anonymous_14)","decl":{"start":{"line":151,"column":48},"end":{"line":151,"column":49}},"loc":{"start":{"line":151,"column":49},"end":{"line":155,"column":null}}},"13":{"name":"(anonymous_15)","decl":{"start":{"line":159,"column":12},"end":{"line":159,"column":23}},"loc":{"start":{"line":159,"column":23},"end":{"line":159,"column":38}}},"14":{"name":"(anonymous_16)","decl":{"start":{"line":163,"column":28},"end":{"line":163,"column":29}},"loc":{"start":{"line":163,"column":29},"end":{"line":170,"column":null}}},"15":{"name":"(anonymous_17)","decl":{"start":{"line":173,"column":31},"end":{"line":173,"column":32}},"loc":{"start":{"line":173,"column":32},"end":{"line":184,"column":null}}},"16":{"name":"(anonymous_18)","decl":{"start":{"line":258,"column":84},"end":{"line":258,"column":89}},"loc":{"start":{"line":258,"column":89},"end":{"line":258,"column":100}}},"17":{"name":"(anonymous_19)","decl":{"start":{"line":288,"column":39},"end":{"line":288,"column":40}},"loc":{"start":{"line":288,"column":53},"end":{"line":313,"column":null}}},"18":{"name":"(anonymous_20)","decl":{"start":{"line":338,"column":37},"end":{"line":338,"column":38}},"loc":{"start":{"line":339,"column":18},"end":{"line":339,"column":35}}},"19":{"name":"(anonymous_21)","decl":{"start":{"line":390,"column":49},"end":{"line":390,"column":50}},"loc":{"start":{"line":390,"column":63},"end":{"line":412,"column":null}}}},"branchMap":{"0":{"loc":{"start":{"line":47,"column":6},"end":{"line":49,"column":null}},"type":"if","locations":[{"start":{"line":47,"column":6},"end":{"line":49,"column":null}},{"start":{},"end":{}}]},"1":{"loc":{"start":{"line":54,"column":6},"end":{"line":60,"column":null}},"type":"if","locations":[{"start":{"line":54,"column":6},"end":{"line":60,"column":null}},{"start":{"line":57,"column":13},"end":{"line":60,"column":null}}]},"2":{"loc":{"start":{"line":55,"column":24},"end":{"line":55,"column":39}},"type":"binary-expr","locations":[{"start":{"line":55,"column":24},"end":{"line":55,"column":33}},{"start":{"line":55,"column":37},"end":{"line":55,"column":39}}]},"3":{"loc":{"start":{"line":56,"column":61},"end":{"line":56,"column":null}},"type":"binary-expr","locations":[{"start":{"line":56,"column":61},"end":{"line":56,"column":82}},{"start":{"line":56,"column":82},"end":{"line":56,"column":null}}]},"4":{"loc":{"start":{"line":62,"column":6},"end":{"line":68,"column":null}},"type":"if","locations":[{"start":{"line":62,"column":6},"end":{"line":68,"column":null}},{"start":{"line":65,"column":13},"end":{"line":68,"column":null}}]},"5":{"loc":{"start":{"line":85,"column":6},"end":{"line":89,"column":null}},"type":"if","locations":[{"start":{"line":85,"column":6},"end":{"line":89,"column":null}},{"start":{"line":87,"column":13},"end":{"line":89,"column":null}}]},"6":{"loc":{"start":{"line":91,"column":6},"end":{"line":95,"column":null}},"type":"if","locations":[{"start":{"line":91,"column":6},"end":{"line":95,"column":null}},{"start":{"line":93,"column":13},"end":{"line":95,"column":null}}]},"7":{"loc":{"start":{"line":112,"column":8},"end":{"line":114,"column":null}},"type":"if","locations":[{"start":{"line":112,"column":8},"end":{"line":114,"column":null}},{"start":{},"end":{}}]},"8":{"loc":{"start":{"line":164,"column":4},"end":{"line":164,"column":null}},"type":"if","locations":[{"start":{"line":164,"column":4},"end":{"line":164,"column":null}},{"start":{},"end":{}}]},"9":{"loc":{"start":{"line":166,"column":4},"end":{"line":168,"column":null}},"type":"if","locations":[{"start":{"line":166,"column":4},"end":{"line":168,"column":null}},{"start":{},"end":{}}]},"10":{"loc":{"start":{"line":174,"column":4},"end":{"line":174,"column":null}},"type":"if","locations":[{"start":{"line":174,"column":4},"end":{"line":174,"column":null}},{"start":{},"end":{}}]},"11":{"loc":{"start":{"line":186,"column":2},"end":{"line":195,"column":null}},"type":"if","locations":[{"start":{"line":186,"column":2},"end":{"line":195,"column":null}},{"start":{},"end":{}}]},"12":{"loc":{"start":{"line":282,"column":14},"end":{"line":287,"column":15}},"type":"cond-expr","locations":[{"start":{"line":282,"column":14},"end":{"line":287,"column":15}}]},"13":{"loc":{"start":{"line":332,"column":14},"end":{"line":337,"column":15}},"type":"cond-expr","locations":[{"start":{"line":332,"column":14},"end":{"line":337,"column":15}}]},"14":{"loc":{"start":{"line":374,"column":12},"end":{"line":379,"column":13}},"type":"cond-expr","locations":[{"start":{"line":374,"column":12},"end":{"line":379,"column":13}}]}},"s":{"0":0,"1":0,"2":0,"3":0,"4":0,"5":0,"6":0,"7":0,"8":0,"9":0,"10":0,"11":0,"12":0,"13":0,"14":0,"15":0,"16":0,"17":0,"18":0,"19":0,"20":0,"21":0,"22":0,"23":0,"24":0,"25":0,"26":0,"27":0,"28":0,"29":0,"30":0,"31":0,"32":0,"33":0,"34":0,"35":0,"36":0,"37":0,"38":0,"39":0,"40":0,"41":0,"42":0,"43":0,"44":0,"45":0,"46":0,"47":0,"48":0,"49":0,"50":0,"51":0,"52":0,"53":0,"54":0,"55":0,"56":0,"57":0,"58":0,"59":0,"60":0,"61":0,"62":0,"63":0,"64":0,"65":0,"66":0,"67":0,"68":0,"69":0,"70":0,"71":0,"72":0,"73":0,"74":0,"75":0,"76":0,"77":0,"78":0,"79":0,"80":0,"81":0,"82":0,"83":0,"84":0,"85":0,"86":0,"87":0,"88":0,"89":0,"90":0,"91":0,"92":0,"93":0,"94":0},"f":{"0":0,"1":0,"2":0,"3":0,"4":0,"5":0,"6":0,"7":0,"8":0,"9":0,"10":0,"11":0,"12":0,"13":0,"14":0,"15":0,"16":0,"17":0,"18":0,"19":0},"b":{"0":[0,0],"1":[0,0],"2":[0,0],"3":[0,0],"4":[0,0],"5":[0,0],"6":[0,0],"7":[0,0],"8":[0,0],"9":[0,0],"10":[0,0],"11":[0,0],"12":[0],"13":[0],"14":[0]}}
,"/Users/sakicelik/Documents/GitHub/sahikabeauty/app/admin/blog/page.jsx": {"path":"/Users/sakicelik/Documents/GitHub/sahikabeauty/app/admin/blog/page.jsx","statementMap":{"0":{"start":{"line":8,"column":24},"end":{"line":8,"column":null}},"1":{"start":{"line":3,"column":36},"end":{"line":3,"column":null}},"2":{"start":{"line":4,"column":18},"end":{"line":4,"column":null}},"3":{"start":{"line":5,"column":33},"end":{"line":5,"column":null}},"4":{"start":{"line":6,"column":17},"end":{"line":6,"column":null}},"5":{"start":{"line":9,"column":28},"end":{"line":9,"column":null}},"6":{"start":{"line":10,"column":34},"end":{"line":10,"column":null}},"7":{"start":{"line":11,"column":40},"end":{"line":11,"column":null}},"8":{"start":{"line":12,"column":36},"end":{"line":12,"column":null}},"9":{"start":{"line":13,"column":32},"end":{"line":13,"column":null}},"10":{"start":{"line":16,"column":34},"end":{"line":30,"column":null}},"11":{"start":{"line":32,"column":21},"end":{"line":54,"column":null}},"12":{"start":{"line":33,"column":4},"end":{"line":53,"column":null}},"13":{"start":{"line":34,"column":6},"end":{"line":34,"column":null}},"14":{"start":{"line":35,"column":23},"end":{"line":35,"column":null}},"15":{"start":{"line":36,"column":19},"end":{"line":36,"column":null}},"16":{"start":{"line":38,"column":6},"end":{"line":38,"column":null}},"17":{"start":{"line":39,"column":6},"end":{"line":39,"column":null}},"18":{"start":{"line":41,"column":6},"end":{"line":47,"column":null}},"19":{"start":{"line":42,"column":8},"end":{"line":42,"column":null}},"20":{"start":{"line":43,"column":8},"end":{"line":43,"column":null}},"21":{"start":{"line":45,"column":8},"end":{"line":45,"column":null}},"22":{"start":{"line":46,"column":8},"end":{"line":46,"column":null}},"23":{"start":{"line":49,"column":6},"end":{"line":49,"column":null}},"24":{"start":{"line":50,"column":6},"end":{"line":50,"column":null}},"25":{"start":{"line":52,"column":6},"end":{"line":52,"column":null}},"26":{"start":{"line":56,"column":2},"end":{"line":58,"column":null}},"27":{"start":{"line":57,"column":4},"end":{"line":57,"column":null}},"28":{"start":{"line":60,"column":27},"end":{"line":105,"column":null}},"29":{"start":{"line":61,"column":17},"end":{"line":61,"column":34}},"30":{"start":{"line":62,"column":4},"end":{"line":62,"column":null}},"31":{"start":{"line":62,"column":15},"end":{"line":62,"column":null}},"32":{"start":{"line":64,"column":4},"end":{"line":67,"column":null}},"33":{"start":{"line":65,"column":6},"end":{"line":65,"column":null}},"34":{"start":{"line":66,"column":6},"end":{"line":66,"column":null}},"35":{"start":{"line":69,"column":4},"end":{"line":69,"column":null}},"36":{"start":{"line":71,"column":4},"end":{"line":104,"column":null}},"37":{"start":{"line":72,"column":29},"end":{"line":72,"column":null}},"38":{"start":{"line":73,"column":6},"end":{"line":73,"column":null}},"39":{"start":{"line":74,"column":6},"end":{"line":74,"column":null}},"40":{"start":{"line":76,"column":23},"end":{"line":79,"column":null}},"41":{"start":{"line":81,"column":19},"end":{"line":81,"column":null}},"42":{"start":{"line":83,"column":6},"end":{"line":98,"column":null}},"43":{"start":{"line":85,"column":10},"end":{"line":88,"column":null}},"44":{"start":{"line":90,"column":8},"end":{"line":95,"column":null}},"45":{"start":{"line":91,"column":10},"end":{"line":91,"column":null}},"46":{"start":{"line":91,"column":33},"end":{"line":91,"column":null}},"47":{"start":{"line":92,"column":10},"end":{"line":92,"column":null}},"48":{"start":{"line":94,"column":10},"end":{"line":94,"column":null}},"49":{"start":{"line":97,"column":8},"end":{"line":97,"column":null}},"50":{"start":{"line":100,"column":6},"end":{"line":100,"column":null}},"51":{"start":{"line":101,"column":6},"end":{"line":101,"column":null}},"52":{"start":{"line":103,"column":6},"end":{"line":103,"column":null}},"53":{"start":{"line":107,"column":20},"end":{"line":125,"column":null}},"54":{"start":{"line":108,"column":4},"end":{"line":122,"column":null}},"55":{"start":{"line":123,"column":4},"end":{"line":123,"column":null}},"56":{"start":{"line":124,"column":4},"end":{"line":124,"column":null}},"57":{"start":{"line":127,"column":23},"end":{"line":183,"column":null}},"58":{"start":{"line":128,"column":4},"end":{"line":128,"column":null}},"59":{"start":{"line":129,"column":4},"end":{"line":129,"column":null}},"60":{"start":{"line":131,"column":4},"end":{"line":182,"column":null}},"61":{"start":{"line":132,"column":6},"end":{"line":132,"column":null}},"62":{"start":{"line":133,"column":6},"end":{"line":133,"column":null}},"63":{"start":{"line":136,"column":6},"end":{"line":140,"column":null}},"64":{"start":{"line":137,"column":8},"end":{"line":137,"column":null}},"65":{"start":{"line":138,"column":8},"end":{"line":138,"column":null}},"66":{"start":{"line":139,"column":8},"end":{"line":139,"column":null}},"67":{"start":{"line":142,"column":18},"end":{"line":142,"column":null}},"68":{"start":{"line":143,"column":21},"end":{"line":143,"column":null}},"69":{"start":{"line":145,"column":6},"end":{"line":145,"column":null}},"70":{"start":{"line":146,"column":6},"end":{"line":146,"column":null}},"71":{"start":{"line":149,"column":37},"end":{"line":149,"column":null}},"72":{"start":{"line":152,"column":6},"end":{"line":154,"column":null}},"73":{"start":{"line":153,"column":8},"end":{"line":153,"column":null}},"74":{"start":{"line":156,"column":6},"end":{"line":156,"column":null}},"75":{"start":{"line":158,"column":23},"end":{"line":164,"column":null}},"76":{"start":{"line":166,"column":19},"end":{"line":166,"column":null}},"77":{"start":{"line":167,"column":6},"end":{"line":167,"column":null}},"78":{"start":{"line":169,"column":6},"end":{"line":176,"column":null}},"79":{"start":{"line":170,"column":8},"end":{"line":170,"column":null}},"80":{"start":{"line":171,"column":8},"end":{"line":171,"column":null}},"81":{"start":{"line":172,"column":8},"end":{"line":172,"column":null}},"82":{"start":{"line":174,"column":8},"end":{"line":174,"column":null}},"83":{"start":{"line":175,"column":8},"end":{"line":175,"column":null}},"84":{"start":{"line":178,"column":6},"end":{"line":178,"column":null}},"85":{"start":{"line":179,"column":6},"end":{"line":179,"column":null}},"86":{"start":{"line":181,"column":6},"end":{"line":181,"column":null}},"87":{"start":{"line":185,"column":21},"end":{"line":214,"column":null}},"88":{"start":{"line":186,"column":4},"end":{"line":186,"column":null}},"89":{"start":{"line":187,"column":4},"end":{"line":187,"column":null}},"90":{"start":{"line":190,"column":4},"end":{"line":194,"column":null}},"91":{"start":{"line":191,"column":6},"end":{"line":191,"column":null}},"92":{"start":{"line":192,"column":6},"end":{"line":192,"column":null}},"93":{"start":{"line":193,"column":6},"end":{"line":193,"column":null}},"94":{"start":{"line":196,"column":4},"end":{"line":196,"column":null}},"95":{"start":{"line":198,"column":4},"end":{"line":212,"column":null}},"96":{"start":{"line":213,"column":4},"end":{"line":213,"column":null}},"97":{"start":{"line":216,"column":23},"end":{"line":236,"column":null}},"98":{"start":{"line":217,"column":4},"end":{"line":217,"column":null}},"99":{"start":{"line":217,"column":49},"end":{"line":217,"column":null}},"100":{"start":{"line":219,"column":4},"end":{"line":235,"column":null}},"101":{"start":{"line":220,"column":23},"end":{"line":222,"column":null}},"102":{"start":{"line":224,"column":19},"end":{"line":224,"column":null}},"103":{"start":{"line":226,"column":6},"end":{"line":231,"column":null}},"104":{"start":{"line":227,"column":8},"end":{"line":227,"column":null}},"105":{"start":{"line":228,"column":8},"end":{"line":228,"column":null}},"106":{"start":{"line":230,"column":8},"end":{"line":230,"column":null}},"107":{"start":{"line":233,"column":6},"end":{"line":233,"column":null}},"108":{"start":{"line":234,"column":6},"end":{"line":234,"column":null}},"109":{"start":{"line":238,"column":23},"end":{"line":241,"column":null}},"110":{"start":{"line":239,"column":4},"end":{"line":239,"column":null}},"111":{"start":{"line":240,"column":4},"end":{"line":240,"column":null}},"112":{"start":{"line":243,"column":28},"end":{"line":249,"column":null}},"113":{"start":{"line":244,"column":43},"end":{"line":244,"column":51}},"114":{"start":{"line":245,"column":4},"end":{"line":248,"column":null}},"115":{"start":{"line":245,"column":27},"end":{"line":248,"column":null}},"116":{"start":{"line":251,"column":27},"end":{"line":262,"column":null}},"117":{"start":{"line":252,"column":23},"end":{"line":252,"column":37}},"118":{"start":{"line":253,"column":4},"end":{"line":253,"column":null}},"119":{"start":{"line":255,"column":17},"end":{"line":258,"column":null}},"120":{"start":{"line":257,"column":20},"end":{"line":257,"column":null}},"121":{"start":{"line":258,"column":23},"end":{"line":258,"column":null}},"122":{"start":{"line":260,"column":4},"end":{"line":260,"column":null}},"123":{"start":{"line":261,"column":4},"end":{"line":261,"column":null}},"124":{"start":{"line":261,"column":27},"end":{"line":261,"column":null}},"125":{"start":{"line":264,"column":2},"end":{"line":299,"column":null}},"126":{"start":{"line":291,"column":18},"end":{"line":291,"column":null}},"127":{"start":{"line":330,"column":16},"end":{"line":330,"column":35}},"128":{"start":{"line":351,"column":39},"end":{"line":351,"column":null}},"129":{"start":{"line":356,"column":45},"end":{"line":356,"column":70}}},"fnMap":{"0":{"name":"BlogYonetim","decl":{"start":{"line":8,"column":24},"end":{"line":8,"column":null}},"loc":{"start":{"line":8,"column":24},"end":{"line":589,"column":null}}},"1":{"name":"(anonymous_3)","decl":{"start":{"line":32,"column":21},"end":{"line":32,"column":null}},"loc":{"start":{"line":32,"column":21},"end":{"line":54,"column":null}}},"2":{"name":"(anonymous_4)","decl":{"start":{"line":56,"column":12},"end":{"line":56,"column":null}},"loc":{"start":{"line":56,"column":12},"end":{"line":58,"column":5}}},"3":{"name":"(anonymous_5)","decl":{"start":{"line":60,"column":27},"end":{"line":60,"column":34}},"loc":{"start":{"line":60,"column":34},"end":{"line":105,"column":null}}},"4":{"name":"(anonymous_6)","decl":{"start":{"line":91,"column":22},"end":{"line":91,"column":23}},"loc":{"start":{"line":91,"column":33},"end":{"line":91,"column":null}}},"5":{"name":"(anonymous_7)","decl":{"start":{"line":107,"column":20},"end":{"line":107,"column":null}},"loc":{"start":{"line":107,"column":20},"end":{"line":125,"column":null}}},"6":{"name":"(anonymous_8)","decl":{"start":{"line":127,"column":23},"end":{"line":127,"column":30}},"loc":{"start":{"line":127,"column":30},"end":{"line":183,"column":null}}},"7":{"name":"(anonymous_9)","decl":{"start":{"line":185,"column":21},"end":{"line":185,"column":22}},"loc":{"start":{"line":185,"column":22},"end":{"line":214,"column":null}}},"8":{"name":"(anonymous_10)","decl":{"start":{"line":216,"column":23},"end":{"line":216,"column":30}},"loc":{"start":{"line":216,"column":30},"end":{"line":236,"column":null}}},"9":{"name":"(anonymous_11)","decl":{"start":{"line":238,"column":23},"end":{"line":238,"column":null}},"loc":{"start":{"line":238,"column":23},"end":{"line":241,"column":null}}},"10":{"name":"(anonymous_12)","decl":{"start":{"line":243,"column":28},"end":{"line":243,"column":29}},"loc":{"start":{"line":243,"column":29},"end":{"line":249,"column":null}}},"11":{"name":"(anonymous_13)","decl":{"start":{"line":245,"column":16},"end":{"line":245,"column":17}},"loc":{"start":{"line":245,"column":27},"end":{"line":248,"column":null}}},"12":{"name":"(anonymous_14)","decl":{"start":{"line":251,"column":27},"end":{"line":251,"column":28}},"loc":{"start":{"line":251,"column":28},"end":{"line":262,"column":null}}},"13":{"name":"(anonymous_15)","decl":{"start":{"line":257,"column":11},"end":{"line":257,"column":12}},"loc":{"start":{"line":257,"column":20},"end":{"line":257,"column":null}}},"14":{"name":"(anonymous_16)","decl":{"start":{"line":258,"column":14},"end":{"line":258,"column":15}},"loc":{"start":{"line":258,"column":23},"end":{"line":258,"column":null}}},"15":{"name":"(anonymous_17)","decl":{"start":{"line":261,"column":16},"end":{"line":261,"column":17}},"loc":{"start":{"line":261,"column":27},"end":{"line":261,"column":null}}},"16":{"name":"(anonymous_18)","decl":{"start":{"line":290,"column":47},"end":{"line":290,"column":48}},"loc":{"start":{"line":291,"column":18},"end":{"line":291,"column":null}}},"17":{"name":"(anonymous_19)","decl":{"start":{"line":329,"column":25},"end":{"line":329,"column":26}},"loc":{"start":{"line":330,"column":16},"end":{"line":330,"column":35}}},"18":{"name":"(anonymous_20)","decl":{"start":{"line":351,"column":33},"end":{"line":351,"column":39}},"loc":{"start":{"line":351,"column":39},"end":{"line":351,"column":null}}},"19":{"name":"(anonymous_21)","decl":{"start":{"line":356,"column":39},"end":{"line":356,"column":45}},"loc":{"start":{"line":356,"column":45},"end":{"line":356,"column":70}}}},"branchMap":{"0":{"loc":{"start":{"line":41,"column":6},"end":{"line":47,"column":null}},"type":"if","locations":[{"start":{"line":41,"column":6},"end":{"line":47,"column":null}},{"start":{"line":44,"column":13},"end":{"line":47,"column":null}}]},"1":{"loc":{"start":{"line":62,"column":4},"end":{"line":62,"column":null}},"type":"if","locations":[{"start":{"line":62,"column":4},"end":{"line":62,"column":null}},{"start":{},"end":{}}]},"2":{"loc":{"start":{"line":64,"column":4},"end":{"line":67,"column":null}},"type":"if","locations":[{"start":{"line":64,"column":4},"end":{"line":67,"column":null}},{"start":{},"end":{}}]},"3":{"loc":{"start":{"line":83,"column":6},"end":{"line":98,"column":null}},"type":"if","locations":[{"start":{"line":83,"column":6},"end":{"line":98,"column":null}},{"start":{"line":96,"column":13},"end":{"line":98,"column":null}}]},"4":{"loc":{"start":{"line":85,"column":10},"end":{"line":88,"column":null}},"type":"binary-expr","locations":[{"start":{"line":85,"column":10},"end":{"line":85,"column":18}},{"start":{"line":86,"column":10},"end":{"line":86,"column":23}},{"start":{"line":87,"column":10},"end":{"line":87,"column":26}},{"start":{"line":88,"column":11},"end":{"line":88,"column":20}},{"start":{"line":88,"column":25},"end":{"line":88,"column":38}},{"start":{"line":88,"column":42},"end":{"line":88,"column":60}},{"start":{"line":88,"column":64},"end":{"line":88,"column":85}}]},"5":{"loc":{"start":{"line":90,"column":8},"end":{"line":95,"column":null}},"type":"if","locations":[{"start":{"line":90,"column":8},"end":{"line":95,"column":null}},{"start":{"line":93,"column":15},"end":{"line":95,"column":null}}]},"6":{"loc":{"start":{"line":97,"column":24},"end":{"line":97,"column":null}},"type":"binary-expr","locations":[{"start":{"line":97,"column":24},"end":{"line":97,"column":34}},{"start":{"line":97,"column":38},"end":{"line":97,"column":null}}]},"7":{"loc":{"start":{"line":136,"column":6},"end":{"line":140,"column":null}},"type":"if","locations":[{"start":{"line":136,"column":6},"end":{"line":140,"column":null}},{"start":{},"end":{}}]},"8":{"loc":{"start":{"line":136,"column":10},"end":{"line":136,"column":42}},"type":"binary-expr","locations":[{"start":{"line":136,"column":10},"end":{"line":136,"column":25}},{"start":{"line":136,"column":25},"end":{"line":136,"column":42}}]},"9":{"loc":{"start":{"line":142,"column":18},"end":{"line":142,"column":null}},"type":"cond-expr","locations":[{"start":{"line":142,"column":32},"end":{"line":142,"column":63}},{"start":{"line":142,"column":66},"end":{"line":142,"column":null}}]},"10":{"loc":{"start":{"line":143,"column":21},"end":{"line":143,"column":null}},"type":"cond-expr","locations":[{"start":{"line":143,"column":35},"end":{"line":143,"column":43}},{"start":{"line":143,"column":43},"end":{"line":143,"column":null}}]},"11":{"loc":{"start":{"line":152,"column":6},"end":{"line":154,"column":null}},"type":"if","locations":[{"start":{"line":152,"column":6},"end":{"line":154,"column":null}},{"start":{},"end":{}}]},"12":{"loc":{"start":{"line":169,"column":6},"end":{"line":176,"column":null}},"type":"if","locations":[{"start":{"line":169,"column":6},"end":{"line":176,"column":null}},{"start":{"line":173,"column":13},"end":{"line":176,"column":null}}]},"13":{"loc":{"start":{"line":172,"column":22},"end":{"line":172,"column":null}},"type":"cond-expr","locations":[{"start":{"line":172,"column":36},"end":{"line":172,"column":75}},{"start":{"line":172,"column":75},"end":{"line":172,"column":null}}]},"14":{"loc":{"start":{"line":190,"column":4},"end":{"line":194,"column":null}},"type":"if","locations":[{"start":{"line":190,"column":4},"end":{"line":194,"column":null}},{"start":{},"end":{}}]},"15":{"loc":{"start":{"line":209,"column":12},"end":{"line":209,"column":53}},"type":"cond-expr","locations":[{"start":{"line":209,"column":39},"end":{"line":209,"column":48}},{"start":{"line":209,"column":51},"end":{"line":209,"column":53}}]},"16":{"loc":{"start":{"line":211,"column":17},"end":{"line":211,"column":null}},"type":"cond-expr","locations":[{"start":{"line":211,"column":48},"end":{"line":211,"column":62}},{"start":{"line":211,"column":65},"end":{"line":211,"column":null}}]},"17":{"loc":{"start":{"line":217,"column":4},"end":{"line":217,"column":null}},"type":"if","locations":[{"start":{"line":217,"column":4},"end":{"line":217,"column":null}},{"start":{},"end":{}}]},"18":{"loc":{"start":{"line":226,"column":6},"end":{"line":231,"column":null}},"type":"if","locations":[{"start":{"line":226,"column":6},"end":{"line":231,"column":null}},{"start":{"line":229,"column":13},"end":{"line":231,"column":null}}]},"19":{"loc":{"start":{"line":247,"column":14},"end":{"line":247,"column":null}},"type":"cond-expr","locations":[{"start":{"line":247,"column":36},"end":{"line":247,"column":46}},{"start":{"line":247,"column":46},"end":{"line":247,"column":null}}]},"20":{"loc":{"start":{"line":247,"column":46},"end":{"line":247,"column":null}},"type":"cond-expr","locations":[{"start":{"line":247,"column":113},"end":{"line":247,"column":132}},{"start":{"line":247,"column":132},"end":{"line":247,"column":null}}]},"21":{"loc":{"start":{"line":247,"column":46},"end":{"line":247,"column":113}},"type":"binary-expr","locations":[{"start":{"line":247,"column":46},"end":{"line":247,"column":72}},{"start":{"line":247,"column":72},"end":{"line":247,"column":92}},{"start":{"line":247,"column":92},"end":{"line":247,"column":108}}]},"22":{"loc":{"start":{"line":264,"column":2},"end":{"line":299,"column":null}},"type":"if","locations":[{"start":{"line":264,"column":2},"end":{"line":299,"column":null}},{"start":{},"end":{}}]},"23":{"loc":{"start":{"line":342,"column":22},"end":{"line":342,"column":null}},"type":"cond-expr","locations":[{"start":{"line":342,"column":39},"end":{"line":342,"column":71}},{"start":{"line":342,"column":71},"end":{"line":342,"column":null}}]},"24":{"loc":{"start":{"line":344,"column":23},"end":{"line":344,"column":null}},"type":"cond-expr","locations":[{"start":{"line":344,"column":40},"end":{"line":344,"column":52}},{"start":{"line":344,"column":52},"end":{"line":344,"column":null}}]},"25":{"loc":{"start":{"line":367,"column":9},"end":{"line":367,"column":null}},"type":"binary-expr","locations":[{"start":{"line":367,"column":9},"end":{"line":367,"column":null}}]},"26":{"loc":{"start":{"line":372,"column":7},"end":{"line":372,"column":null}},"type":"binary-expr","locations":[{"start":{"line":372,"column":7},"end":{"line":372,"column":null}}]},"27":{"loc":{"start":{"line":376,"column":15},"end":{"line":376,"column":null}},"type":"cond-expr","locations":[{"start":{"line":376,"column":29},"end":{"line":376,"column":55}},{"start":{"line":376,"column":55},"end":{"line":376,"column":null}}]},"28":{"loc":{"start":{"line":524,"column":25},"end":{"line":524,"column":null}},"type":"cond-expr","locations":[{"start":{"line":524,"column":37},"end":{"line":524,"column":55}},{"start":{"line":524,"column":55},"end":{"line":524,"column":null}}]},"29":{"loc":{"start":{"line":533,"column":23},"end":{"line":533,"column":37}},"type":"binary-expr","locations":[{"start":{"line":533,"column":23},"end":{"line":533,"column":37}}]},"30":{"loc":{"start":{"line":536,"column":33},"end":{"line":536,"column":null}},"type":"binary-expr","locations":[{"start":{"line":536,"column":33},"end":{"line":536,"column":47}},{"start":{"line":536,"column":51},"end":{"line":536,"column":null}}]},"31":{"loc":{"start":{"line":580,"column":19},"end":{"line":580,"column":null}},"type":"cond-expr","locations":[{"start":{"line":580,"column":31},"end":{"line":580,"column":48}},{"start":{"line":580,"column":48},"end":{"line":580,"column":null}}]},"32":{"loc":{"start":{"line":580,"column":48},"end":{"line":580,"column":null}},"type":"cond-expr","locations":[{"start":{"line":580,"column":62},"end":{"line":580,"column":82}},{"start":{"line":580,"column":82},"end":{"line":580,"column":null}}]}},"s":{"0":0,"1":0,"2":0,"3":0,"4":0,"5":0,"6":0,"7":0,"8":0,"9":0,"10":0,"11":0,"12":0,"13":0,"14":0,"15":0,"16":0,"17":0,"18":0,"19":0,"20":0,"21":0,"22":0,"23":0,"24":0,"25":0,"26":0,"27":0,"28":0,"29":0,"30":0,"31":0,"32":0,"33":0,"34":0,"35":0,"36":0,"37":0,"38":0,"39":0,"40":0,"41":0,"42":0,"43":0,"44":0,"45":0,"46":0,"47":0,"48":0,"49":0,"50":0,"51":0,"52":0,"53":0,"54":0,"55":0,"56":0,"57":0,"58":0,"59":0,"60":0,"61":0,"62":0,"63":0,"64":0,"65":0,"66":0,"67":0,"68":0,"69":0,"70":0,"71":0,"72":0,"73":0,"74":0,"75":0,"76":0,"77":0,"78":0,"79":0,"80":0,"81":0,"82":0,"83":0,"84":0,"85":0,"86":0,"87":0,"88":0,"89":0,"90":0,"91":0,"92":0,"93":0,"94":0,"95":0,"96":0,"97":0,"98":0,"99":0,"100":0,"101":0,"102":0,"103":0,"104":0,"105":0,"106":0,"107":0,"108":0,"109":0,"110":0,"111":0,"112":0,"113":0,"114":0,"115":0,"116":0,"117":0,"118":0,"119":0,"120":0,"121":0,"122":0,"123":0,"124":0,"125":0,"126":0,"127":0,"128":0,"129":0},"f":{"0":0,"1":0,"2":0,"3":0,"4":0,"5":0,"6":0,"7":0,"8":0,"9":0,"10":0,"11":0,"12":0,"13":0,"14":0,"15":0,"16":0,"17":0,"18":0,"19":0},"b":{"0":[0,0],"1":[0,0],"2":[0,0],"3":[0,0],"4":[0,0,0,0,0,0,0],"5":[0,0],"6":[0,0],"7":[0,0],"8":[0,0],"9":[0,0],"10":[0,0],"11":[0,0],"12":[0,0],"13":[0,0],"14":[0,0],"15":[0,0],"16":[0,0],"17":[0,0],"18":[0,0],"19":[0,0],"20":[0,0],"21":[0,0,0],"22":[0,0],"23":[0,0],"24":[0,0],"25":[0],"26":[0],"27":[0,0],"28":[0,0],"29":[0],"30":[0,0],"31":[0,0],"32":[0,0]}}
,"/Users/sakicelik/Documents/GitHub/sahikabeauty/app/admin/carousel/page.jsx": {"path":"/Users/sakicelik/Documents/GitHub/sahikabeauty/app/admin/carousel/page.jsx","statementMap":{"0":{"start":{"line":7,"column":24},"end":{"line":7,"column":null}},"1":{"start":{"line":3,"column":36},"end":{"line":3,"column":null}},"2":{"start":{"line":4,"column":18},"end":{"line":4,"column":null}},"3":{"start":{"line":5,"column":41},"end":{"line":5,"column":null}},"4":{"start":{"line":8,"column":30},"end":{"line":8,"column":null}},"5":{"start":{"line":9,"column":34},"end":{"line":9,"column":null}},"6":{"start":{"line":10,"column":42},"end":{"line":10,"column":null}},"7":{"start":{"line":11,"column":36},"end":{"line":11,"column":null}},"8":{"start":{"line":12,"column":32},"end":{"line":12,"column":null}},"9":{"start":{"line":13,"column":34},"end":{"line":20,"column":null}},"10":{"start":{"line":22,"column":22},"end":{"line":62,"column":null}},"11":{"start":{"line":23,"column":4},"end":{"line":61,"column":null}},"12":{"start":{"line":24,"column":6},"end":{"line":24,"column":null}},"13":{"start":{"line":25,"column":6},"end":{"line":25,"column":null}},"14":{"start":{"line":27,"column":25},"end":{"line":27,"column":null}},"15":{"start":{"line":28,"column":24},"end":{"line":28,"column":68}},"16":{"start":{"line":28,"column":41},"end":{"line":28,"column":61}},"17":{"start":{"line":30,"column":23},"end":{"line":32,"column":null}},"18":{"start":{"line":34,"column":6},"end":{"line":34,"column":null}},"19":{"start":{"line":35,"column":6},"end":{"line":35,"column":null}},"20":{"start":{"line":37,"column":6},"end":{"line":39,"column":null}},"21":{"start":{"line":38,"column":8},"end":{"line":38,"column":null}},"22":{"start":{"line":41,"column":19},"end":{"line":41,"column":null}},"23":{"start":{"line":42,"column":6},"end":{"line":42,"column":null}},"24":{"start":{"line":44,"column":6},"end":{"line":50,"column":null}},"25":{"start":{"line":45,"column":8},"end":{"line":45,"column":null}},"26":{"start":{"line":46,"column":8},"end":{"line":46,"column":null}},"27":{"start":{"line":48,"column":8},"end":{"line":48,"column":null}},"28":{"start":{"line":49,"column":8},"end":{"line":49,"column":null}},"29":{"start":{"line":52,"column":6},"end":{"line":58,"column":null}},"30":{"start":{"line":53,"column":8},"end":{"line":53,"column":null}},"31":{"start":{"line":54,"column":8},"end":{"line":54,"column":null}},"32":{"start":{"line":56,"column":8},"end":{"line":56,"column":null}},"33":{"start":{"line":57,"column":8},"end":{"line":57,"column":null}},"34":{"start":{"line":60,"column":6},"end":{"line":60,"column":null}},"35":{"start":{"line":64,"column":2},"end":{"line":66,"column":null}},"36":{"start":{"line":65,"column":4},"end":{"line":65,"column":null}},"37":{"start":{"line":68,"column":27},"end":{"line":113,"column":null}},"38":{"start":{"line":69,"column":17},"end":{"line":69,"column":34}},"39":{"start":{"line":70,"column":4},"end":{"line":70,"column":null}},"40":{"start":{"line":70,"column":15},"end":{"line":70,"column":null}},"41":{"start":{"line":72,"column":4},"end":{"line":75,"column":null}},"42":{"start":{"line":73,"column":6},"end":{"line":73,"column":null}},"43":{"start":{"line":74,"column":6},"end":{"line":74,"column":null}},"44":{"start":{"line":77,"column":4},"end":{"line":77,"column":null}},"45":{"start":{"line":79,"column":4},"end":{"line":112,"column":null}},"46":{"start":{"line":80,"column":29},"end":{"line":80,"column":null}},"47":{"start":{"line":81,"column":6},"end":{"line":81,"column":null}},"48":{"start":{"line":82,"column":6},"end":{"line":82,"column":null}},"49":{"start":{"line":84,"column":23},"end":{"line":87,"column":null}},"50":{"start":{"line":89,"column":19},"end":{"line":89,"column":null}},"51":{"start":{"line":91,"column":6},"end":{"line":106,"column":null}},"52":{"start":{"line":93,"column":10},"end":{"line":96,"column":null}},"53":{"start":{"line":98,"column":8},"end":{"line":103,"column":null}},"54":{"start":{"line":99,"column":10},"end":{"line":99,"column":null}},"55":{"start":{"line":99,"column":33},"end":{"line":99,"column":null}},"56":{"start":{"line":100,"column":10},"end":{"line":100,"column":null}},"57":{"start":{"line":102,"column":10},"end":{"line":102,"column":null}},"58":{"start":{"line":105,"column":8},"end":{"line":105,"column":null}},"59":{"start":{"line":108,"column":6},"end":{"line":108,"column":null}},"60":{"start":{"line":109,"column":6},"end":{"line":109,"column":null}},"61":{"start":{"line":111,"column":6},"end":{"line":111,"column":null}},"62":{"start":{"line":116,"column":20},"end":{"line":127,"column":null}},"63":{"start":{"line":117,"column":4},"end":{"line":124,"column":null}},"64":{"start":{"line":125,"column":4},"end":{"line":125,"column":null}},"65":{"start":{"line":126,"column":4},"end":{"line":126,"column":null}},"66":{"start":{"line":129,"column":23},"end":{"line":166,"column":null}},"67":{"start":{"line":130,"column":4},"end":{"line":130,"column":null}},"68":{"start":{"line":132,"column":4},"end":{"line":165,"column":null}},"69":{"start":{"line":133,"column":18},"end":{"line":133,"column":null}},"70":{"start":{"line":134,"column":21},"end":{"line":134,"column":null}},"71":{"start":{"line":136,"column":25},"end":{"line":136,"column":null}},"72":{"start":{"line":138,"column":6},"end":{"line":138,"column":null}},"73":{"start":{"line":139,"column":6},"end":{"line":139,"column":null}},"74":{"start":{"line":140,"column":6},"end":{"line":140,"column":null}},"75":{"start":{"line":141,"column":6},"end":{"line":141,"column":null}},"76":{"start":{"line":143,"column":23},"end":{"line":149,"column":null}},"77":{"start":{"line":151,"column":6},"end":{"line":151,"column":null}},"78":{"start":{"line":152,"column":19},"end":{"line":152,"column":null}},"79":{"start":{"line":153,"column":6},"end":{"line":153,"column":null}},"80":{"start":{"line":155,"column":6},"end":{"line":161,"column":null}},"81":{"start":{"line":156,"column":8},"end":{"line":156,"column":null}},"82":{"start":{"line":157,"column":8},"end":{"line":157,"column":null}},"83":{"start":{"line":158,"column":8},"end":{"line":158,"column":null}},"84":{"start":{"line":160,"column":8},"end":{"line":160,"column":null}},"85":{"start":{"line":163,"column":6},"end":{"line":163,"column":null}},"86":{"start":{"line":164,"column":6},"end":{"line":164,"column":null}},"87":{"start":{"line":169,"column":21},"end":{"line":180,"column":null}},"88":{"start":{"line":170,"column":4},"end":{"line":170,"column":null}},"89":{"start":{"line":171,"column":4},"end":{"line":178,"column":null}},"90":{"start":{"line":179,"column":4},"end":{"line":179,"column":null}},"91":{"start":{"line":182,"column":23},"end":{"line":203,"column":null}},"92":{"start":{"line":183,"column":4},"end":{"line":183,"column":null}},"93":{"start":{"line":183,"column":43},"end":{"line":183,"column":null}},"94":{"start":{"line":185,"column":4},"end":{"line":202,"column":null}},"95":{"start":{"line":186,"column":17},"end":{"line":186,"column":38}},"96":{"start":{"line":187,"column":23},"end":{"line":189,"column":null}},"97":{"start":{"line":191,"column":19},"end":{"line":191,"column":null}},"98":{"start":{"line":193,"column":6},"end":{"line":198,"column":null}},"99":{"start":{"line":194,"column":8},"end":{"line":194,"column":null}},"100":{"start":{"line":195,"column":8},"end":{"line":195,"column":null}},"101":{"start":{"line":197,"column":8},"end":{"line":197,"column":null}},"102":{"start":{"line":200,"column":6},"end":{"line":200,"column":null}},"103":{"start":{"line":201,"column":6},"end":{"line":201,"column":null}},"104":{"start":{"line":206,"column":28},"end":{"line":227,"column":null}},"105":{"start":{"line":207,"column":4},"end":{"line":226,"column":null}},"106":{"start":{"line":208,"column":17},"end":{"line":208,"column":38}},"107":{"start":{"line":209,"column":23},"end":{"line":215,"column":null}},"108":{"start":{"line":217,"column":19},"end":{"line":217,"column":null}},"109":{"start":{"line":219,"column":6},"end":{"line":222,"column":null}},"110":{"start":{"line":220,"column":8},"end":{"line":220,"column":null}},"111":{"start":{"line":221,"column":8},"end":{"line":221,"column":null}},"112":{"start":{"line":224,"column":6},"end":{"line":224,"column":null}},"113":{"start":{"line":225,"column":6},"end":{"line":225,"column":null}},"114":{"start":{"line":230,"column":23},"end":{"line":233,"column":null}},"115":{"start":{"line":231,"column":4},"end":{"line":231,"column":null}},"116":{"start":{"line":232,"column":4},"end":{"line":232,"column":null}},"117":{"start":{"line":236,"column":28},"end":{"line":242,"column":null}},"118":{"start":{"line":237,"column":43},"end":{"line":237,"column":51}},"119":{"start":{"line":238,"column":4},"end":{"line":241,"column":null}},"120":{"start":{"line":238,"column":27},"end":{"line":241,"column":null}},"121":{"start":{"line":244,"column":2},"end":{"line":279,"column":null}},"122":{"start":{"line":271,"column":18},"end":{"line":271,"column":null}},"123":{"start":{"line":310,"column":32},"end":{"line":310,"column":null}},"124":{"start":{"line":312,"column":18},"end":{"line":312,"column":37}},"125":{"start":{"line":318,"column":41},"end":{"line":318,"column":null}},"126":{"start":{"line":325,"column":41},"end":{"line":325,"column":null}},"127":{"start":{"line":366,"column":41},"end":{"line":366,"column":null}},"128":{"start":{"line":371,"column":47},"end":{"line":371,"column":68}},"129":{"start":{"line":388,"column":26},"end":{"line":388,"column":null}},"130":{"start":{"line":390,"column":12},"end":{"line":390,"column":32}},"131":{"start":{"line":426,"column":35},"end":{"line":426,"column":null}},"132":{"start":{"line":433,"column":35},"end":{"line":433,"column":null}},"133":{"start":{"line":442,"column":35},"end":{"line":442,"column":null}},"134":{"start":{"line":447,"column":41},"end":{"line":447,"column":62}}},"fnMap":{"0":{"name":"CarouselYonetim","decl":{"start":{"line":7,"column":24},"end":{"line":7,"column":null}},"loc":{"start":{"line":7,"column":24},"end":{"line":592,"column":null}}},"1":{"name":"(anonymous_3)","decl":{"start":{"line":22,"column":22},"end":{"line":22,"column":null}},"loc":{"start":{"line":22,"column":22},"end":{"line":62,"column":null}}},"2":{"name":"(anonymous_4)","decl":{"start":{"line":28,"column":35},"end":{"line":28,"column":41}},"loc":{"start":{"line":28,"column":41},"end":{"line":28,"column":61}}},"3":{"name":"(anonymous_5)","decl":{"start":{"line":64,"column":12},"end":{"line":64,"column":null}},"loc":{"start":{"line":64,"column":12},"end":{"line":66,"column":5}}},"4":{"name":"(anonymous_6)","decl":{"start":{"line":68,"column":27},"end":{"line":68,"column":34}},"loc":{"start":{"line":68,"column":34},"end":{"line":113,"column":null}}},"5":{"name":"(anonymous_7)","decl":{"start":{"line":99,"column":22},"end":{"line":99,"column":23}},"loc":{"start":{"line":99,"column":33},"end":{"line":99,"column":null}}},"6":{"name":"(anonymous_8)","decl":{"start":{"line":116,"column":20},"end":{"line":116,"column":null}},"loc":{"start":{"line":116,"column":20},"end":{"line":127,"column":null}}},"7":{"name":"(anonymous_9)","decl":{"start":{"line":129,"column":23},"end":{"line":129,"column":30}},"loc":{"start":{"line":129,"column":30},"end":{"line":166,"column":null}}},"8":{"name":"(anonymous_10)","decl":{"start":{"line":169,"column":21},"end":{"line":169,"column":22}},"loc":{"start":{"line":169,"column":22},"end":{"line":180,"column":null}}},"9":{"name":"(anonymous_11)","decl":{"start":{"line":182,"column":23},"end":{"line":182,"column":30}},"loc":{"start":{"line":182,"column":30},"end":{"line":203,"column":null}}},"10":{"name":"(anonymous_12)","decl":{"start":{"line":206,"column":28},"end":{"line":206,"column":35}},"loc":{"start":{"line":206,"column":42},"end":{"line":227,"column":null}}},"11":{"name":"(anonymous_13)","decl":{"start":{"line":230,"column":23},"end":{"line":230,"column":null}},"loc":{"start":{"line":230,"column":23},"end":{"line":233,"column":null}}},"12":{"name":"(anonymous_14)","decl":{"start":{"line":236,"column":28},"end":{"line":236,"column":29}},"loc":{"start":{"line":236,"column":29},"end":{"line":242,"column":null}}},"13":{"name":"(anonymous_15)","decl":{"start":{"line":238,"column":16},"end":{"line":238,"column":17}},"loc":{"start":{"line":238,"column":27},"end":{"line":241,"column":null}}},"14":{"name":"(anonymous_16)","decl":{"start":{"line":270,"column":47},"end":{"line":270,"column":48}},"loc":{"start":{"line":271,"column":18},"end":{"line":271,"column":null}}},"15":{"name":"(anonymous_17)","decl":{"start":{"line":310,"column":22},"end":{"line":310,"column":23}},"loc":{"start":{"line":310,"column":32},"end":{"line":310,"column":null}}},"16":{"name":"(anonymous_18)","decl":{"start":{"line":311,"column":21},"end":{"line":311,"column":22}},"loc":{"start":{"line":312,"column":18},"end":{"line":312,"column":37}}},"17":{"name":"(anonymous_19)","decl":{"start":{"line":318,"column":35},"end":{"line":318,"column":41}},"loc":{"start":{"line":318,"column":41},"end":{"line":318,"column":null}}},"18":{"name":"(anonymous_20)","decl":{"start":{"line":325,"column":35},"end":{"line":325,"column":41}},"loc":{"start":{"line":325,"column":41},"end":{"line":325,"column":null}}},"19":{"name":"(anonymous_21)","decl":{"start":{"line":366,"column":35},"end":{"line":366,"column":41}},"loc":{"start":{"line":366,"column":41},"end":{"line":366,"column":null}}},"20":{"name":"(anonymous_22)","decl":{"start":{"line":371,"column":41},"end":{"line":371,"column":47}},"loc":{"start":{"line":371,"column":47},"end":{"line":371,"column":68}}},"21":{"name":"(anonymous_23)","decl":{"start":{"line":388,"column":16},"end":{"line":388,"column":17}},"loc":{"start":{"line":388,"column":26},"end":{"line":388,"column":null}}},"22":{"name":"(anonymous_24)","decl":{"start":{"line":389,"column":15},"end":{"line":389,"column":16}},"loc":{"start":{"line":390,"column":12},"end":{"line":390,"column":32}}},"23":{"name":"(anonymous_25)","decl":{"start":{"line":426,"column":29},"end":{"line":426,"column":35}},"loc":{"start":{"line":426,"column":35},"end":{"line":426,"column":null}}},"24":{"name":"(anonymous_26)","decl":{"start":{"line":433,"column":29},"end":{"line":433,"column":35}},"loc":{"start":{"line":433,"column":35},"end":{"line":433,"column":null}}},"25":{"name":"(anonymous_27)","decl":{"start":{"line":442,"column":29},"end":{"line":442,"column":35}},"loc":{"start":{"line":442,"column":35},"end":{"line":442,"column":null}}},"26":{"name":"(anonymous_28)","decl":{"start":{"line":447,"column":35},"end":{"line":447,"column":41}},"loc":{"start":{"line":447,"column":41},"end":{"line":447,"column":62}}}},"branchMap":{"0":{"loc":{"start":{"line":37,"column":6},"end":{"line":39,"column":null}},"type":"if","locations":[{"start":{"line":37,"column":6},"end":{"line":39,"column":null}},{"start":{},"end":{}}]},"1":{"loc":{"start":{"line":44,"column":6},"end":{"line":50,"column":null}},"type":"if","locations":[{"start":{"line":44,"column":6},"end":{"line":50,"column":null}},{"start":{"line":47,"column":13},"end":{"line":50,"column":null}}]},"2":{"loc":{"start":{"line":45,"column":56},"end":{"line":45,"column":80}},"type":"binary-expr","locations":[{"start":{"line":45,"column":56},"end":{"line":45,"column":77}},{"start":{"line":45,"column":77},"end":{"line":45,"column":80}}]},"3":{"loc":{"start":{"line":46,"column":18},"end":{"line":46,"column":33}},"type":"binary-expr","locations":[{"start":{"line":46,"column":18},"end":{"line":46,"column":27}},{"start":{"line":46,"column":31},"end":{"line":46,"column":33}}]},"4":{"loc":{"start":{"line":49,"column":20},"end":{"line":49,"column":null}},"type":"binary-expr","locations":[{"start":{"line":49,"column":20},"end":{"line":49,"column":30}},{"start":{"line":49,"column":34},"end":{"line":49,"column":null}}]},"5":{"loc":{"start":{"line":52,"column":6},"end":{"line":58,"column":null}},"type":"if","locations":[{"start":{"line":52,"column":6},"end":{"line":58,"column":null}},{"start":{"line":55,"column":13},"end":{"line":58,"column":null}}]},"6":{"loc":{"start":{"line":70,"column":4},"end":{"line":70,"column":null}},"type":"if","locations":[{"start":{"line":70,"column":4},"end":{"line":70,"column":null}},{"start":{},"end":{}}]},"7":{"loc":{"start":{"line":72,"column":4},"end":{"line":75,"column":null}},"type":"if","locations":[{"start":{"line":72,"column":4},"end":{"line":75,"column":null}},{"start":{},"end":{}}]},"8":{"loc":{"start":{"line":91,"column":6},"end":{"line":106,"column":null}},"type":"if","locations":[{"start":{"line":91,"column":6},"end":{"line":106,"column":null}},{"start":{"line":104,"column":13},"end":{"line":106,"column":null}}]},"9":{"loc":{"start":{"line":93,"column":10},"end":{"line":96,"column":null}},"type":"binary-expr","locations":[{"start":{"line":93,"column":10},"end":{"line":93,"column":18}},{"start":{"line":94,"column":10},"end":{"line":94,"column":23}},{"start":{"line":95,"column":10},"end":{"line":95,"column":26}},{"start":{"line":96,"column":11},"end":{"line":96,"column":20}},{"start":{"line":96,"column":25},"end":{"line":96,"column":38}},{"start":{"line":96,"column":42},"end":{"line":96,"column":60}},{"start":{"line":96,"column":64},"end":{"line":96,"column":85}}]},"10":{"loc":{"start":{"line":98,"column":8},"end":{"line":103,"column":null}},"type":"if","locations":[{"start":{"line":98,"column":8},"end":{"line":103,"column":null}},{"start":{"line":101,"column":15},"end":{"line":103,"column":null}}]},"11":{"loc":{"start":{"line":105,"column":24},"end":{"line":105,"column":null}},"type":"binary-expr","locations":[{"start":{"line":105,"column":24},"end":{"line":105,"column":34}},{"start":{"line":105,"column":38},"end":{"line":105,"column":null}}]},"12":{"loc":{"start":{"line":133,"column":18},"end":{"line":133,"column":null}},"type":"cond-expr","locations":[{"start":{"line":133,"column":33},"end":{"line":133,"column":87}},{"start":{"line":133,"column":90},"end":{"line":133,"column":null}}]},"13":{"loc":{"start":{"line":133,"column":50},"end":{"line":133,"column":85}},"type":"binary-expr","locations":[{"start":{"line":133,"column":50},"end":{"line":133,"column":66}},{"start":{"line":133,"column":70},"end":{"line":133,"column":85}}]},"14":{"loc":{"start":{"line":134,"column":21},"end":{"line":134,"column":null}},"type":"cond-expr","locations":[{"start":{"line":134,"column":36},"end":{"line":134,"column":44}},{"start":{"line":134,"column":44},"end":{"line":134,"column":null}}]},"15":{"loc":{"start":{"line":136,"column":25},"end":{"line":136,"column":null}},"type":"cond-expr","locations":[{"start":{"line":136,"column":40},"end":{"line":136,"column":51}},{"start":{"line":136,"column":51},"end":{"line":136,"column":null}}]},"16":{"loc":{"start":{"line":155,"column":6},"end":{"line":161,"column":null}},"type":"if","locations":[{"start":{"line":155,"column":6},"end":{"line":161,"column":null}},{"start":{"line":159,"column":13},"end":{"line":161,"column":null}}]},"17":{"loc":{"start":{"line":158,"column":22},"end":{"line":158,"column":null}},"type":"cond-expr","locations":[{"start":{"line":158,"column":37},"end":{"line":158,"column":70}},{"start":{"line":158,"column":70},"end":{"line":158,"column":null}}]},"18":{"loc":{"start":{"line":172,"column":13},"end":{"line":172,"column":null}},"type":"binary-expr","locations":[{"start":{"line":172,"column":13},"end":{"line":172,"column":24}},{"start":{"line":172,"column":28},"end":{"line":172,"column":null}}]},"19":{"loc":{"start":{"line":173,"column":16},"end":{"line":173,"column":null}},"type":"binary-expr","locations":[{"start":{"line":173,"column":16},"end":{"line":173,"column":30}},{"start":{"line":173,"column":34},"end":{"line":173,"column":null}}]},"20":{"loc":{"start":{"line":174,"column":19},"end":{"line":174,"column":null}},"type":"binary-expr","locations":[{"start":{"line":174,"column":19},"end":{"line":174,"column":36}},{"start":{"line":174,"column":40},"end":{"line":174,"column":null}}]},"21":{"loc":{"start":{"line":175,"column":13},"end":{"line":175,"column":null}},"type":"binary-expr","locations":[{"start":{"line":175,"column":13},"end":{"line":175,"column":24}},{"start":{"line":175,"column":28},"end":{"line":175,"column":null}}]},"22":{"loc":{"start":{"line":176,"column":13},"end":{"line":176,"column":null}},"type":"binary-expr","locations":[{"start":{"line":176,"column":13},"end":{"line":176,"column":24}},{"start":{"line":176,"column":28},"end":{"line":176,"column":null}}]},"23":{"loc":{"start":{"line":183,"column":4},"end":{"line":183,"column":null}},"type":"if","locations":[{"start":{"line":183,"column":4},"end":{"line":183,"column":null}},{"start":{},"end":{}}]},"24":{"loc":{"start":{"line":186,"column":17},"end":{"line":186,"column":38}},"type":"binary-expr","locations":[{"start":{"line":186,"column":17},"end":{"line":186,"column":26}},{"start":{"line":186,"column":30},"end":{"line":186,"column":38}}]},"25":{"loc":{"start":{"line":193,"column":6},"end":{"line":198,"column":null}},"type":"if","locations":[{"start":{"line":193,"column":6},"end":{"line":198,"column":null}},{"start":{"line":196,"column":13},"end":{"line":198,"column":null}}]},"26":{"loc":{"start":{"line":208,"column":17},"end":{"line":208,"column":38}},"type":"binary-expr","locations":[{"start":{"line":208,"column":17},"end":{"line":208,"column":26}},{"start":{"line":208,"column":30},"end":{"line":208,"column":38}}]},"27":{"loc":{"start":{"line":219,"column":6},"end":{"line":222,"column":null}},"type":"if","locations":[{"start":{"line":219,"column":6},"end":{"line":222,"column":null}},{"start":{},"end":{}}]},"28":{"loc":{"start":{"line":240,"column":14},"end":{"line":240,"column":null}},"type":"cond-expr","locations":[{"start":{"line":240,"column":36},"end":{"line":240,"column":46}},{"start":{"line":240,"column":46},"end":{"line":240,"column":null}}]},"29":{"loc":{"start":{"line":240,"column":46},"end":{"line":240,"column":null}},"type":"cond-expr","locations":[{"start":{"line":240,"column":66},"end":{"line":240,"column":96}},{"start":{"line":240,"column":96},"end":{"line":240,"column":null}}]},"30":{"loc":{"start":{"line":240,"column":66},"end":{"line":240,"column":96}},"type":"binary-expr","locations":[{"start":{"line":240,"column":66},"end":{"line":240,"column":92}},{"start":{"line":240,"column":92},"end":{"line":240,"column":96}}]},"31":{"loc":{"start":{"line":244,"column":2},"end":{"line":279,"column":null}},"type":"if","locations":[{"start":{"line":244,"column":2},"end":{"line":279,"column
[...]
,"/Users/sakicelik/Documents/GitHub/sahikabeauty/components/Admin/Sidebar.jsx": {"path":"/Users/sakicelik/Documents/GitHub/sahikabeauty/components/Admin/Sidebar.jsx","statementMap":{"0":{"start":{"line":82,"column":24},"end":{"line":82,"column":32}},"1":{"start":{"line":3,"column":17},"end":{"line":3,"column":null}},"2":{"start":{"line":4,"column":28},"end":{"line":4,"column":null}},"3":{"start":{"line":5,"column":25},"end":{"line":5,"column":null}},"4":{"start":{"line":21,"column":7},"end":{"line":21,"column":null}},"5":{"start":{"line":23,"column":18},"end":{"line":80,"column":null}},"6":{"start":{"line":83,"column":19},"end":{"line":83,"column":null}},"7":{"start":{"line":117,"column":31},"end":{"line":117,"column":null}},"8":{"start":{"line":118,"column":36},"end":{"line":118,"column":45}},"9":{"start":{"line":120,"column":14},"end":{"line":121,"column":null}},"10":{"start":{"line":129,"column":35},"end":{"line":129,"column":null}}},"fnMap":{"0":{"name":"Sidebar","decl":{"start":{"line":82,"column":24},"end":{"line":82,"column":32}},"loc":{"start":{"line":82,"column":68},"end":{"line":160,"column":null}}},"1":{"name":"(anonymous_3)","decl":{"start":{"line":116,"column":27},"end":{"line":116,"column":28}},"loc":{"start":{"line":116,"column":28},"end":{"line":139,"column":null}}},"2":{"name":"(anonymous_4)","decl":{"start":{"line":129,"column":29},"end":{"line":129,"column":35}},"loc":{"start":{"line":129,"column":35},"end":{"line":129,"column":null}}}},"branchMap":{"0":{"loc":{"start":{"line":88,"column":7},"end":{"line":88,"column":null}},"type":"binary-expr","locations":[{"start":{"line":88,"column":7},"end":{"line":88,"column":null}}]},"1":{"loc":{"start":{"line":98,"column":10},"end":{"line":98,"column":74}},"type":"cond-expr","locations":[{"start":{"line":98,"column":19},"end":{"line":98,"column":37}},{"start":{"line":98,"column":37},"end":{"line":98,"column":74}}]},"2":{"loc":{"start":{"line":117,"column":31},"end":{"line":117,"column":null}},"type":"binary-expr","locations":[{"start":{"line":117,"column":31},"end":{"line":117,"column":53}},{"start":{"line":117,"column":58},"end":{"line":117,"column":84}},{"start":{"line":117,"column":84},"end":{"line":117,"column":null}}]},"3":{"loc":{"start":{"line":125,"column":22},"end":{"line":127,"column":null}},"type":"cond-expr","locations":[{"start":{"line":126,"column":26},"end":{"line":126,"column":null}},{"start":{"line":127,"column":26},"end":{"line":127,"column":null}}]},"4":{"loc":{"start":{"line":131,"column":57},"end":{"line":131,"column":128}},"type":"cond-expr","locations":[{"start":{"line":131,"column":68},"end":{"line":131,"column":86}},{"start":{"line":131,"column":86},"end":{"line":131,"column":128}}]}},"s":{"0":0,"1":0,"2":0,"3":0,"4":0,"5":0,"6":0,"7":0,"8":0,"9":0,"10":0},"f":{"0":0,"1":0,"2":0},"b":{"0":[0],"1":[0,0],"2":[0,0,0],"3":[0,0],"4":[0,0]}}
,"/Users/sakicelik/Documents/GitHub/sahikabeauty/components/Auth/LoginForm.jsx": {"path":"/Users/sakicelik/Documents/GitHub/sahikabeauty/components/Auth/LoginForm.jsx","statementMap":{"0":{"start":{"line":7,"column":24},"end":{"line":7,"column":34}},"1":{"start":{"line":3,"column":25},"end":{"line":3,"column":null}},"2":{"start":{"line":4,"column":28},"end":{"line":4,"column":null}},"3":{"start":{"line":5,"column":18},"end":{"line":5,"column":null}},"4":{"start":{"line":8,"column":34},"end":{"line":11,"column":null}},"5":{"start":{"line":12,"column":32},"end":{"line":12,"column":null}},"6":{"start":{"line":14,"column":28},"end":{"line":17,"column":null}},"7":{"start":{"line":15,"column":28},"end":{"line":15,"column":36}},"8":{"start":{"line":16,"column":4},"end":{"line":16,"column":null}},"9":{"start":{"line":16,"column":27},"end":{"line":16,"column":null}},"10":{"start":{"line":19,"column":23},"end":{"line":37,"column":null}},"11":{"start":{"line":20,"column":4},"end":{"line":20,"column":null}},"12":{"start":{"line":21,"column":4},"end":{"line":21,"column":null}},"13":{"start":{"line":23,"column":4},"end":{"line":36,"column":null}},"14":{"start":{"line":24,"column":21},"end":{"line":24,"column":null}},"15":{"start":{"line":26,"column":6},"end":{"line":31,"column":null}},"16":{"start":{"line":27,"column":8},"end":{"line":27,"column":null}},"17":{"start":{"line":28,"column":8},"end":{"line":28,"column":null}},"18":{"start":{"line":30,"column":8},"end":{"line":30,"column":null}},"19":{"start":{"line":33,"column":6},"end":{"line":33,"column":null}},"20":{"start":{"line":35,"column":6},"end":{"line":35,"column":null}}},"fnMap":{"0":{"name":"LoginForm","decl":{"start":{"line":7,"column":24},"end":{"line":7,"column":34}},"loc":{"start":{"line":7,"column":52},"end":{"line":89,"column":null}}},"1":{"name":"(anonymous_3)","decl":{"start":{"line":14,"column":28},"end":{"line":14,"column":29}},"loc":{"start":{"line":14,"column":29},"end":{"line":17,"column":null}}},"2":{"name":"(anonymous_4)","decl":{"start":{"line":16,"column":16},"end":{"line":16,"column":17}},"loc":{"start":{"line":16,"column":27},"end":{"line":16,"column":null}}},"3":{"name":"(anonymous_5)","decl":{"start":{"line":19,"column":23},"end":{"line":19,"column":30}},"loc":{"start":{"line":19,"column":30},"end":{"line":37,"column":null}}}},"branchMap":{"0":{"loc":{"start":{"line":26,"column":6},"end":{"line":31,"column":null}},"type":"if","locations":[{"start":{"line":26,"column":6},"end":{"line":31,"column":null}},{"start":{"line":29,"column":13},"end":{"line":31,"column":null}}]},"1":{"loc":{"start":{"line":79,"column":13},"end":{"line":79,"column":null}},"type":"cond-expr","locations":[{"start":{"line":79,"column":23},"end":{"line":79,"column":46}},{"start":{"line":79,"column":46},"end":{"line":79,"column":null}}]}},"s":{"0":0,"1":0,"2":0,"3":0,"4":0,"5":0,"6":0,"7":0,"8":0,"9":0,"10":0,"11":0,"12":0,"13":0,"14":0,"15":0,"16":0,"17":0,"18":0,"19":0,"20":0},"f":{"0":0,"1":0,"2":0,"3":0},"b":{"0":[0,0],"1":[0,0]}}
,"/Users/sakicelik/Documents/GitHub/sahikabeauty/components/ui/dialog.jsx": {"path":"/Users/sakicelik/Documents/GitHub/sahikabeauty/components/ui/dialog.jsx","statementMap":{"0":{"start":{"line":96,"column":2},"end":{"line":96,"column":8}},"1":{"start":{"line":99,"column":2},"end":{"line":99,"column":13}},"2":{"start":{"line":101,"column":2},"end":{"line":101,"column":15}},"3":{"start":{"line":105,"column":2},"end":{"line":105,"column":19}},"4":{"start":{"line":103,"column":2},"end":{"line":103,"column":14}},"5":{"start":{"line":102,"column":2},"end":{"line":102,"column":14}},"6":{"start":{"line":98,"column":2},"end":{"line":98,"column":15}},"7":{"start":{"line":97,"column":2},"end":{"line":97,"column":14}},"8":{"start":{"line":104,"column":2},"end":{"line":104,"column":13}},"9":{"start":{"line":100,"column":2},"end":{"line":100,"column":15}},"10":{"start":{"line":3,"column":23},"end":{"line":3,"column":null}},"11":{"start":{"line":4,"column":33},"end":{"line":4,"column":null}},"12":{"start":{"line":5,"column":18},"end":{"line":5,"column":null}},"13":{"start":{"line":7,"column":19},"end":{"line":7,"column":null}},"14":{"start":{"line":9,"column":15},"end":{"line":9,"column":35}},"15":{"start":{"line":11,"column":22},"end":{"line":11,"column":45}},"16":{"start":{"line":13,"column":21},"end":{"line":13,"column":43}},"17":{"start":{"line":15,"column":20},"end":{"line":15,"column":41}},"18":{"start":{"line":27,"column":0},"end":{"line":27,"column":null}},"19":{"start":{"line":50,"column":0},"end":{"line":50,"column":null}},"20":{"start":{"line":61,"column":0},"end":{"line":61,"column":null}},"21":{"start":{"line":72,"column":0},"end":{"line":72,"column":null}},"22":{"start":{"line":84,"column":0},"end":{"line":84,"column":null}},"23":{"start":{"line":93,"column":0},"end":{"line":93,"column":null}}},"fnMap":{},"branchMap":{},"s":{"0":0,"1":0,"2":0,"3":0,"4":0,"5":0,"6":0,"7":0,"8":0,"9":0,"10":0,"11":0,"12":0,"13":0,"14":0,"15":0,"16":0,"17":0,"18":0,"19":0,"20":0,"21":0,"22":0,"23":0},"f":{},"b":{}}
,"/Users/sakicelik/Documents/GitHub/sahikabeauty/hooks/useServices.js": {"path":"/Users/sakicelik/Documents/GitHub/sahikabeauty/hooks/useServices.js","statementMap":{"0":{"start":{"line":3,"column":13},"end":{"line":3,"column":27}},"1":{"start":{"line":1,"column":36},"end":{"line":1,"column":null}},"2":{"start":{"line":3,"column":27},"end":{"line":158,"column":null}},"3":{"start":{"line":4,"column":34},"end":{"line":4,"column":null}},"4":{"start":{"line":5,"column":32},"end":{"line":5,"column":null}},"5":{"start":{"line":6,"column":28},"end":{"line":6,"column":null}},"6":{"start":{"line":8,"column":24},"end":{"line":37,"column":null}},"7":{"start":{"line":9,"column":4},"end":{"line":36,"column":null}},"8":{"start":{"line":10,"column":6},"end":{"line":10,"column":null}},"9":{"start":{"line":11,"column":6},"end":{"line":11,"column":null}},"10":{"start":{"line":13,"column":27},"end":{"line":13,"column":null}},"11":{"start":{"line":14,"column":6},"end":{"line":14,"column":null}},"12":{"start":{"line":14,"column":27},"end":{"line":14,"column":null}},"13":{"start":{"line":15,"column":6},"end":{"line":15,"column":null}},"14":{"start":{"line":15,"column":25},"end":{"line":15,"column":null}},"15":{"start":{"line":17,"column":18},"end":{"line":17,"column":85}},"16":{"start":{"line":18,"column":23},"end":{"line":18,"column":null}},"17":{"start":{"line":20,"column":6},"end":{"line":22,"column":null}},"18":{"start":{"line":21,"column":8},"end":{"line":21,"column":null}},"19":{"start":{"line":24,"column":19},"end":{"line":24,"column":null}},"20":{"start":{"line":26,"column":6},"end":{"line":30,"column":null}},"21":{"start":{"line":27,"column":8},"end":{"line":27,"column":null}},"22":{"start":{"line":29,"column":8},"end":{"line":29,"column":null}},"23":{"start":{"line":32,"column":6},"end":{"line":32,"column":null}},"24":{"start":{"line":33,"column":6},"end":{"line":33,"column":null}},"25":{"start":{"line":35,"column":6},"end":{"line":35,"column":null}},"26":{"start":{"line":39,"column":25},"end":{"line":58,"column":null}},"27":{"start":{"line":40,"column":4},"end":{"line":57,"column":null}},"28":{"start":{"line":41,"column":23},"end":{"line":41,"column":null}},"29":{"start":{"line":43,"column":6},"end":{"line":45,"column":null}},"30":{"start":{"line":44,"column":8},"end":{"line":44,"column":null}},"31":{"start":{"line":47,"column":19},"end":{"line":47,"column":null}},"32":{"start":{"line":49,"column":6},"end":{"line":53,"column":null}},"33":{"start":{"line":50,"column":8},"end":{"line":50,"column":null}},"34":{"start":{"line":52,"column":8},"end":{"line":52,"column":null}},"35":{"start":{"line":55,"column":6},"end":{"line":55,"column":null}},"36":{"start":{"line":56,"column":6},"end":{"line":56,"column":null}},"37":{"start":{"line":60,"column":24},"end":{"line":87,"column":null}},"38":{"start":{"line":61,"column":4},"end":{"line":86,"column":null}},"39":{"start":{"line":62,"column":23},"end":{"line":68,"column":null}},"40":{"start":{"line":70,"column":6},"end":{"line":72,"column":null}},"41":{"start":{"line":71,"column":8},"end":{"line":71,"column":null}},"42":{"start":{"line":74,"column":19},"end":{"line":74,"column":null}},"43":{"start":{"line":76,"column":6},"end":{"line":82,"column":null}},"44":{"start":{"line":78,"column":8},"end":{"line":78,"column":null}},"45":{"start":{"line":79,"column":8},"end":{"line":79,"column":null}},"46":{"start":{"line":81,"column":8},"end":{"line":81,"column":null}},"47":{"start":{"line":84,"column":6},"end":{"line":84,"column":null}},"48":{"start":{"line":85,"column":6},"end":{"line":85,"column":null}},"49":{"start":{"line":89,"column":24},"end":{"line":116,"column":null}},"50":{"start":{"line":90,"column":4},"end":{"line":115,"column":null}},"51":{"start":{"line":91,"column":23},"end":{"line":97,"column":null}},"52":{"start":{"line":99,"column":6},"end":{"line":101,"column":null}},"53":{"start":{"line":100,"column":8},"end":{"line":100,"column":null}},"54":{"start":{"line":103,"column":19},"end":{"line":103,"column":null}},"55":{"start":{"line":105,"column":6},"end":{"line":111,"column":null}},"56":{"start":{"line":107,"column":8},"end":{"line":107,"column":null}},"57":{"start":{"line":108,"column":8},"end":{"line":108,"column":null}},"58":{"start":{"line":110,"column":8},"end":{"line":110,"column":null}},"59":{"start":{"line":113,"column":6},"end":{"line":113,"column":null}},"60":{"start":{"line":114,"column":6},"end":{"line":114,"column":null}},"61":{"start":{"line":118,"column":24},"end":{"line":141,"column":null}},"62":{"start":{"line":119,"column":4},"end":{"line":140,"column":null}},"63":{"start":{"line":120,"column":23},"end":{"line":122,"column":null}},"64":{"start":{"line":124,"column":6},"end":{"line":126,"column":null}},"65":{"start":{"line":125,"column":8},"end":{"line":125,"column":null}},"66":{"start":{"line":128,"column":19},"end":{"line":128,"column":null}},"67":{"start":{"line":130,"column":6},"end":{"line":136,"column":null}},"68":{"start":{"line":132,"column":8},"end":{"line":132,"column":null}},"69":{"start":{"line":133,"column":8},"end":{"line":133,"column":null}},"70":{"start":{"line":135,"column":8},"end":{"line":135,"column":null}},"71":{"start":{"line":138,"column":6},"end":{"line":138,"column":null}},"72":{"start":{"line":139,"column":6},"end":{"line":139,"column":null}},"73":{"start":{"line":143,"column":2},"end":{"line":145,"column":null}},"74":{"start":{"line":144,"column":4},"end":{"line":144,"column":null}},"75":{"start":{"line":147,"column":2},"end":{"line":157,"column":null}}},"fnMap":{"0":{"name":"(anonymous_1)","decl":{"start":{"line":3,"column":27},"end":{"line":3,"column":null}},"loc":{"start":{"line":3,"column":27},"end":{"line":158,"column":null}}},"1":{"name":"(anonymous_2)","decl":{"start":{"line":8,"column":24},"end":{"line":8,"column":31}},"loc":{"start":{"line":8,"column":42},"end":{"line":37,"column":null}}},"2":{"name":"(anonymous_3)","decl":{"start":{"line":39,"column":25},"end":{"line":39,"column":32}},"loc":{"start":{"line":39,"column":32},"end":{"line":58,"column":null}}},"3":{"name":"(anonymous_4)","decl":{"start":{"line":60,"column":24},"end":{"line":60,"column":31}},"loc":{"start":{"line":60,"column":31},"end":{"line":87,"column":null}}},"4":{"name":"(anonymous_5)","decl":{"start":{"line":89,"column":24},"end":{"line":89,"column":31}},"loc":{"start":{"line":89,"column":35},"end":{"line":116,"column":null}}},"5":{"name":"(anonymous_6)","decl":{"start":{"line":118,"column":24},"end":{"line":118,"column":31}},"loc":{"start":{"line":118,"column":31},"end":{"line":141,"column":null}}},"6":{"name":"(anonymous_7)","decl":{"start":{"line":143,"column":12},"end":{"line":143,"column":null}},"loc":{"start":{"line":143,"column":12},"end":{"line":145,"column":5}}}},"branchMap":{"0":{"loc":{"start":{"line":8,"column":31},"end":{"line":8,"column":42}},"type":"default-arg","locations":[{"start":{"line":8,"column":40},"end":{"line":8,"column":42}}]},"1":{"loc":{"start":{"line":14,"column":6},"end":{"line":14,"column":null}},"type":"if","locations":[{"start":{"line":14,"column":6},"end":{"line":14,"column":null}},{"start":{},"end":{}}]},"2":{"loc":{"start":{"line":15,"column":6},"end":{"line":15,"column":null}},"type":"if","locations":[{"start":{"line":15,"column":6},"end":{"line":15,"column":null}},{"start":{},"end":{}}]},"3":{"loc":{"start":{"line":17,"column":34},"end":{"line":17,"column":84}},"type":"cond-expr","locations":[{"start":{"line":17,"column":60},"end":{"line":17,"column":78}},{"start":{"line":17,"column":81},"end":{"line":17,"column":84}}]},"4":{"loc":{"start":{"line":20,"column":6},"end":{"line":22,"column":null}},"type":"if","locations":[{"start":{"line":20,"column":6},"end":{"line":22,"column":null}},{"start":{},"end":{}}]},"5":{"loc":{"start":{"line":26,"column":6},"end":{"line":30,"column":null}},"type":"if","locations":[{"start":{"line":26,"column":6},"end":{"line":30,"column":null}},{"start":{"line":28,"column":13},"end":{"line":30,"column":null}}]},"6":{"loc":{"start":{"line":29,"column":24},"end":{"line":29,"column":null}},"type":"binary-expr","locations":[{"start":{"line":29,"column":24},"end":{"line":29,"column":34}},{"start":{"line":29,"column":38},"end":{"line":29,"column":null}}]},"7":{"loc":{"start":{"line":43,"column":6},"end":{"line":45,"column":null}},"type":"if","locations":[{"start":{"line":43,"column":6},"end":{"line":45,"column":null}},{"start":{},"end":{}}]},"8":{"loc":{"start":{"line":49,"column":6},"end":{"line":53,"column":null}},"type":"if","locations":[{"start":{"line":49,"column":6},"end":{"line":53,"column":null}},{"start":{"line":51,"column":13},"end":{"line":53,"column":null}}]},"9":{"loc":{"start":{"line":52,"column":24},"end":{"line":52,"column":null}},"type":"binary-expr","locations":[{"start":{"line":52,"column":24},"end":{"line":52,"column":34}},{"start":{"line":52,"column":38},"end":{"line":52,"column":null}}]},"10":{"loc":{"start":{"line":70,"column":6},"end":{"line":72,"column":null}},"type":"if","locations":[{"start":{"line":70,"column":6},"end":{"line":72,"column":null}},{"start":{},"end":{}}]},"11":{"loc":{"start":{"line":76,"column":6},"end":{"line":82,"column":null}},"type":"if","locations":[{"start":{"line":76,"column":6},"end":{"line":82,"column":null}},{"start":{"line":80,"column":13},"end":{"line":82,"column":null}}]},"12":{"loc":{"start":{"line":81,"column":24},"end":{"line":81,"column":null}},"type":"binary-expr","locations":[{"start":{"line":81,"column":24},"end":{"line":81,"column":34}},{"start":{"line":81,"column":38},"end":{"line":81,"column":null}}]},"13":{"loc":{"start":{"line":99,"column":6},"end":{"line":101,"column":null}},"type":"if","locations":[{"start":{"line":99,"column":6},"end":{"line":101,"column":null}},{"start":{},"end":{}}]},"14":{"loc":{"start":{"line":105,"column":6},"end":{"line":111,"column":null}},"type":"if","locations":[{"start":{"line":105,"column":6},"end":{"line":111,"column":null}},{"start":{"line":109,"column":13},"end":{"line":111,"column":null}}]},"15":{"loc":{"start":{"line":110,"column":24},"end":{"line":110,"column":null}},"type":"binary-expr","locations":[{"start":{"line":110,"column":24},"end":{"line":110,"column":34}},{"start":{"line":110,"column":38},"end":{"line":110,"column":null}}]},"16":{"loc":{"start":{"line":124,"column":6},"end":{"line":126,"column":null}},"type":"if","locations":[{"start":{"line":124,"column":6},"end":{"line":126,"column":null}},{"start":{},"end":{}}]},"17":{"loc":{"start":{"line":130,"column":6},"end":{"line":136,"column":null}},"type":"if","locations":[{"start":{"line":130,"column":6},"end":{"line":136,"column":null}},{"start":{"line":134,"column":13},"end":{"line":136,"column":null}}]},"18":{"loc":{"start":{"line":135,"column":24},"end":{"line":135,"column":null}},"type":"binary-expr","locations":[{"start":{"line":135,"column":24},"end":{"line":135,"column":34}},{"start":{"line":135,"column":38},"end":{"line":135,"column":null}}]}},"s":{"0":0,"1":0,"2":0,"3":0,"4":0,"5":0,"6":0,"7":0,"8":0,"9":0,"10":0,"11":0,"12":0,"13":0,"14":0,"15":0,"16":0,"17":0,"18":0,"19":0,"20":0,"21":0,"22":0,"23":0,"24":0,"25":0,"26":0,"27":0,"28":0,"29":0,"30":0,"31":0,"32":0,"33":0,"34":0,"35":0,"36":0,"37":0,"38":0,"39":0,"40":0,"41":0,"42":0,"43":0,"44":0,"45":0,"46":0,"47":0,"48":0,"49":0,"50":0,"51":0,"52":0,"53":0,"54":0,"55":0,"56":0,"57":0,"58":0,"59":0,"60":0,"61":0,"62":0,"63":0,"64":0,"65":0,"66":0,"67":0,"68":0,"69":0,"70":0,"71":0,"72":0,"73":0,"74":0,"75":0},"f":{"0":0,"1":0,"2":0,"3":0,"4":0,"5":0,"6":0},"b":{"0":[0],"1":[0,0],"2":[0,0],"3":[0,0],"4":[0,0],"5":[0,0],"6":[0,0],"7":[0,0],"8":[0,0],"9":[0,0],"10":[0,0],"11":[0,0],"12":[0,0],"13":[0,0],"14":[0,0],"15":[0,0],"16":[0,0],"17":[0,0],"18":[0,0]}}
}
