TN:
SF:app/HomeClient.jsx
FN:21,(anonymous_2)
FN:37,(anonymous_3)
FN:38,(anonymous_4)
FN:55,(anonymous_5)
FN:368,(anonymous_6)
FN:381,(anonymous_7)
FN:394,(anonymous_8)
FNF:7
FNH:0
FNDA:0,(anonymous_2)
FNDA:0,(anonymous_3)
FNDA:0,(anonymous_4)
FNDA:0,(anonymous_5)
FNDA:0,(anonymous_6)
FNDA:0,(anonymous_7)
FNDA:0,(anonymous_8)
DA:3,0
DA:4,0
DA:5,0
DA:6,0
DA:7,0
DA:8,0
DA:9,0
DA:10,0
DA:11,0
DA:21,0
DA:30,0
DA:31,0
DA:32,0
DA:33,0
DA:34,0
DA:37,0
DA:38,0
DA:39,0
DA:40,0
DA:41,0
DA:46,0
DA:47,0
DA:48,0
DA:51,0
DA:52,0
DA:53,0
DA:54,0
DA:55,0
DA:58,0
DA:59,0
DA:61,0
DA:66,0
DA:67,0
DA:71,0
DA:352,0
DA:356,0
DA:369,0
DA:382,0
DA:395,0
DA:440,0
LF:40
LH:0
BRDA:22,0,0,0
BRDA:23,1,0,0
BRDA:24,2,0,0
BRDA:25,3,0,0
BRDA:26,4,0,0
BRDA:46,5,0,0
BRDA:46,5,1,0
BRDA:48,6,0,0
BRDA:48,6,1,0
BRDA:51,7,0,0
BRDA:51,7,1,0
BRDA:53,8,0,0
BRDA:53,8,1,0
BRDA:66,9,0,0
BRDA:66,9,1,0
BRDA:66,10,0,0
BRDA:66,10,1,0
BRDA:352,11,0,0
BRDA:352,11,1,0
BRDA:356,12,0,0
BRDA:356,12,1,0
BRF:21
BRH:0
end_of_record
TN:
SF:app/layout.jsx
FN:119,RootLayout
FNF:1
FNH:0
FNDA:0,RootLayout
DA:1,0
DA:2,0
DA:5,0
DA:6,0
DA:8,0
DA:9,0
DA:10,0
DA:12,0
DA:19,0
DA:26,0
DA:33,0
DA:119,0
DA:120,0
DA:121,0
LF:14
LH:0
BRF:0
BRH:0
end_of_record
TN:
SF:app/page.jsx
FN:5,generateMetadata
FN:58,(anonymous_5)
FNF:2
FNH:0
FNDA:0,generateMetadata
FNDA:0,(anonymous_5)
DA:1,0
DA:2,0
DA:3,0
DA:5,0
DA:7,0
DA:58,0
DA:60,0
DA:61,0
DA:62,0
DA:63,0
DA:65,0
DA:68,0
DA:70,0
DA:71,0
DA:74,0
DA:75,0
DA:76,0
DA:79,0
DA:303,0
LF:19
LH:0
BRF:0
BRH:0
end_of_record
TN:
SF:app/robots.js
FN:1,robots
FNF:1
FNH:0
FNDA:0,robots
DA:1,0
DA:2,0
DA:4,0
LF:3
LH:0
BRF:0
BRH:0
end_of_record
TN:
SF:app/sitemap.js
FN:42,sitemap
FN:86,(anonymous_2)
FN:94,(anonymous_3)
FN:102,(anonymous_4)
FN:110,(anonymous_5)
FNF:5
FNH:0
FNDA:0,sitemap
FNDA:0,(anonymous_2)
FNDA:0,(anonymous_3)
FNDA:0,(anonymous_4)
FNDA:0,(anonymous_5)
DA:1,0
DA:4,0
DA:32,0
DA:42,0
DA:43,0
DA:46,0
DA:86,0
DA:94,0
DA:102,0
DA:110,0
DA:117,0
LF:11
LH:0
BRF:0
BRH:0
end_of_record
TN:
SF:app/admin/Sidebar.jsx
FN:82,Sidebar
FN:116,(anonymous_3)
FN:129,(anonymous_4)
FNF:3
FNH:0
FNDA:0,Sidebar
FNDA:0,(anonymous_3)
FNDA:0,(anonymous_4)
DA:3,0
DA:4,0
DA:5,0
DA:21,0
DA:23,0
DA:82,0
DA:83,0
DA:117,0
DA:118,0
DA:120,0
DA:129,0
LF:11
LH:0
BRDA:88,0,0,0
BRDA:98,1,0,0
BRDA:98,1,1,0
BRDA:117,2,0,0
BRDA:117,2,1,0
BRDA:117,2,2,0
BRDA:125,3,0,0
BRDA:125,3,1,0
BRDA:131,4,0,0
BRDA:131,4,1,0
BRF:10
BRH:0
end_of_record
TN:
SF:app/admin/layout.jsx
FN:12,AdminLayout
FN:19,(anonymous_3)
FN:21,(anonymous_4)
FN:33,(anonymous_5)
FN:38,(anonymous_6)
FN:43,(anonymous_7)
FNF:6
FNH:0
FNDA:0,AdminLayout
FNDA:0,(anonymous_3)
FNDA:0,(anonymous_4)
FNDA:0,(anonymous_5)
FNDA:0,(anonymous_6)
FNDA:0,(anonymous_7)
DA:3,0
DA:4,0
DA:5,0
DA:7,0
DA:8,0
DA:9,0
DA:10,0
DA:12,0
DA:13,0
DA:14,0
DA:15,0
DA:16,0
DA:19,0
DA:21,0
DA:22,0
DA:23,0
DA:25,0
DA:26,0
DA:27,0
DA:30,0
DA:33,0
DA:34,0
DA:35,0
DA:38,0
DA:39,0
DA:40,0
DA:43,0
DA:44,0
DA:47,0
DA:58,0
LF:30
LH:0
BRDA:47,0,0,0
BRDA:47,0,1,0
BRDA:58,1,0,0
BRDA:58,1,1,0
BRF:4
BRH:0
end_of_record
TN:
SF:app/admin/page.jsx
FN:20,AdminDashboard
FN:31,(anonymous_3)
FN:35,(anonymous_4)
FN:73,(anonymous_5)
FN:76,(anonymous_6)
FN:100,(anonymous_7)
FN:111,(anonymous_8)
FN:124,(anonymous_9)
FN:128,(anonymous_10)
FN:132,(anonymous_11)
FN:136,(anonymous_12)
FN:138,(anonymous_13)
FN:151,(anonymous_14)
FN:159,(anonymous_15)
FN:163,(anonymous_16)
FN:173,(anonymous_17)
FN:258,(anonymous_18)
FN:288,(anonymous_19)
FN:338,(anonymous_20)
FN:390,(anonymous_21)
FNF:20
FNH:0
FNDA:0,AdminDashboard
FNDA:0,(anonymous_3)
FNDA:0,(anonymous_4)
FNDA:0,(anonymous_5)
FNDA:0,(anonymous_6)
FNDA:0,(anonymous_7)
FNDA:0,(anonymous_8)
FNDA:0,(anonymous_9)
FNDA:0,(anonymous_10)
FNDA:0,(anonymous_11)
FNDA:0,(anonymous_12)
FNDA:0,(anonymous_13)
FNDA:0,(anonymous_14)
FNDA:0,(anonymous_15)
FNDA:0,(anonymous_16)
FNDA:0,(anonymous_17)
FNDA:0,(anonymous_18)
FNDA:0,(anonymous_19)
FNDA:0,(anonymous_20)
FNDA:0,(anonymous_21)
DA:3,0
DA:4,0
DA:18,0
DA:20,0
DA:21,0
DA:22,0
DA:23,0
DA:24,0
DA:31,0
DA:32,0
DA:33,0
DA:34,0
DA:35,0
DA:37,0
DA:45,0
DA:47,0
DA:48,0
DA:51,0
DA:52,0
DA:54,0
DA:55,0
DA:56,0
DA:58,0
DA:59,0
DA:62,0
DA:63,0
DA:64,0
DA:66,0
DA:67,0
DA:73,0
DA:74,0
DA:75,0
DA:76,0
DA:78,0
DA:82,0
DA:83,0
DA:85,0
DA:86,0
DA:88,0
DA:91,0
DA:92,0
DA:94,0
DA:100,0
DA:101,0
DA:102,0
DA:103,0
DA:105,0
DA:110,0
DA:111,0
DA:112,0
DA:113,0
DA:117,0
DA:118,0
DA:120,0
DA:124,0
DA:125,0
DA:128,0
DA:129,0
DA:132,0
DA:136,0
DA:137,0
DA:138,0
DA:139,0
DA:140,0
DA:143,0
DA:151,0
DA:152,0
DA:153,0
DA:154,0
DA:158,0
DA:159,0
DA:163,0
DA:164,0
DA:165,0
DA:166,0
DA:167,0
DA:169,0
DA:173,0
DA:174,0
DA:175,0
DA:176,0
DA:177,0
DA:182,0
DA:186,0
DA:258,0
DA:289,0
DA:290,0
DA:339,0
DA:391,0
DA:392,0
LF:90
LH:0
BRDA:47,0,0,0
BRDA:47,0,1,0
BRDA:54,1,0,0
BRDA:54,1,1,0
BRDA:55,2,0,0
BRDA:55,2,1,0
BRDA:56,3,0,0
BRDA:56,3,1,0
BRDA:62,4,0,0
BRDA:62,4,1,0
BRDA:85,5,0,0
BRDA:85,5,1,0
BRDA:91,6,0,0
BRDA:91,6,1,0
BRDA:112,7,0,0
BRDA:112,7,1,0
BRDA:164,8,0,0
BRDA:164,8,1,0
BRDA:166,9,0,0
BRDA:166,9,1,0
BRDA:174,10,0,0
BRDA:174,10,1,0
BRDA:186,11,0,0
BRDA:186,11,1,0
BRDA:282,12,0,0
BRDA:332,13,0,0
BRDA:374,14,0,0
BRF:27
BRH:0
end_of_record
TN:
SF:app/admin/blog/page.jsx
FN:8,BlogYonetim
FN:32,(anonymous_3)
FN:56,(anonymous_4)
FN:60,(anonymous_5)
FN:91,(anonymous_6)
FN:107,(anonymous_7)
FN:127,(anonymous_8)
FN:185,(anonymous_9)
FN:216,(anonymous_10)
FN:238,(anonymous_11)
FN:243,(anonymous_12)
FN:245,(anonymous_13)
FN:251,(anonymous_14)
FN:257,(anonymous_15)
FN:258,(anonymous_16)
FN:261,(anonymous_17)
FN:290,(anonymous_18)
FN:329,(anonymous_19)
FN:351,(anonymous_20)
FN:356,(anonymous_21)
FNF:20
FNH:0
FNDA:0,BlogYonetim
FNDA:0,(anonymous_3)
FNDA:0,(anonymous_4)
FNDA:0,(anonymous_5)
FNDA:0,(anonymous_6)
FNDA:0,(anonymous_7)
FNDA:0,(anonymous_8)
FNDA:0,(anonymous_9)
FNDA:0,(anonymous_10)
FNDA:0,(anonymous_11)
FNDA:0,(anonymous_12)
FNDA:0,(anonymous_13)
FNDA:0,(anonymous_14)
FNDA:0,(anonymous_15)
FNDA:0,(anonymous_16)
FNDA:0,(anonymous_17)
FNDA:0,(anonymous_18)
FNDA:0,(anonymous_19)
FNDA:0,(anonymous_20)
FNDA:0,(anonymous_21)
DA:3,0
DA:4,0
DA:5,0
DA:6,0
DA:8,0
DA:9,0
DA:10,0
DA:11,0
DA:12,0
DA:13,0
DA:16,0
DA:32,0
DA:33,0
DA:34,0
DA:35,0
DA:36,0
DA:38,0
DA:39,0
DA:41,0
DA:42,0
DA:43,0
DA:45,0
DA:46,0
DA:49,0
DA:50,0
DA:52,0
DA:56,0
DA:57,0
DA:60,0
DA:61,0
DA:62,0
DA:64,0
DA:65,0
DA:66,0
DA:69,0
DA:71,0
DA:72,0
DA:73,0
DA:74,0
DA:76,0
DA:81,0
DA:83,0
DA:85,0
DA:90,0
DA:91,0
DA:92,0
DA:94,0
DA:97,0
DA:100,0
DA:101,0
DA:103,0
DA:107,0
DA:108,0
DA:123,0
DA:124,0
DA:127,0
DA:128,0
DA:129,0
DA:131,0
DA:132,0
DA:133,0
DA:136,0
DA:137,0
DA:138,0
DA:139,0
DA:142,0
DA:143,0
DA:145,0
DA:146,0
DA:149,0
DA:152,0
DA:153,0
DA:156,0
DA:158,0
DA:166,0
DA:167,0
DA:169,0
DA:170,0
DA:171,0
DA:172,0
DA:174,0
DA:175,0
DA:178,0
DA:179,0
DA:181,0
DA:185,0
DA:186,0
DA:187,0
DA:190,0
DA:191,0
DA:192,0
DA:193,0
DA:196,0
DA:198,0
DA:213,0
DA:216,0
DA:217,0
DA:219,0
DA:220,0
DA:224,0
DA:226,0
DA:227,0
DA:228,0
DA:230,0
DA:233,0
DA:234,0
DA:238,0
DA:239,0
DA:240,0
DA:243,0
DA:244,0
DA:245,0
DA:251,0
DA:252,0
DA:253,0
DA:255,0
DA:257,0
DA:258,0
DA:260,0
DA:261,0
DA:264,0
DA:291,0
DA:330,0
DA:351,0
DA:356,0
LF:125
LH:0
BRDA:41,0,0,0
BRDA:41,0,1,0
BRDA:62,1,0,0
BRDA:62,1,1,0
BRDA:64,2,0,0
BRDA:64,2,1,0
BRDA:83,3,0,0
BRDA:83,3,1,0
BRDA:85,4,0,0
BRDA:85,4,1,0
BRDA:85,4,2,0
BRDA:85,4,3,0
BRDA:85,4,4,0
BRDA:85,4,5,0
BRDA:85,4,6,0
BRDA:90,5,0,0
BRDA:90,5,1,0
BRDA:97,6,0,0
BRDA:97,6,1,0
BRDA:136,7,0,0
BRDA:136,7,1,0
BRDA:136,8,0,0
BRDA:136,8,1,0
BRDA:142,9,0,0
BRDA:142,9,1,0
BRDA:143,10,0,0
BRDA:143,10,1,0
BRDA:152,11,0,0
BRDA:152,11,1,0
BRDA:169,12,0,0
BRDA:169,12,1,0
BRDA:172,13,0,0
BRDA:172,13,1,0
BRDA:190,14,0,0
BRDA:190,14,1,0
BRDA:209,15,0,0
BRDA:209,15,1,0
BRDA:211,16,0,0
BRDA:211,16,1,0
BRDA:217,17,0,0
BRDA:217,17,1,0
BRDA:226,18,0,0
BRDA:226,18,1,0
BRDA:247,19,0,0
BRDA:247,19,1,0
BRDA:247,20,0,0
BRDA:247,20,1,0
BRDA:247,21,0,0
BRDA:247,21,1,0
BRDA:247,21,2,0
BRDA:264,22,0,0
BRDA:264,22,1,0
BRDA:342,23,0,0
BRDA:342,23,1,0
BRDA:344,24,0,0
BRDA:344,24,1,0
BRDA:367,25,0,0
BRDA:372,26,0,0
BRDA:376,27,0,0
BRDA:376,27,1,0
BRDA:524,28,0,0
BRDA:524,28,1,0
BRDA:533,29,0,0
BRDA:536,30,0,0
BRDA:536,30,1,0
BRDA:580,31,0,0
BRDA:580,31,1,0
BRDA:580,32,0,0
BRDA:580,32,1,0
BRF:69
BRH:0
end_of_record
TN:
SF:app/admin/carousel/page.jsx
FN:7,CarouselYonetim
FN:22,(anonymous_3)
FN:28,(anonymous_4)
FN:64,(anonymous_5)
FN:68,(anonymous_6)
FN:99,(anonymous_7)
FN:116,(anonymous_8)
FN:129,(anonymous_9)
FN:169,(anonymous_10)
FN:182,(anonymous_11)
FN:206,(anonymous_12)
FN:230,(anonymous_13)
FN:236,(anonymous_14)
FN:238,(anonymous_15)
FN:270,(anonymous_16)
FN:310,(anonymous_17)
FN:311,(anonymous_18)
FN:318,(anonymous_19)
FN:325,(anonymous_20)
FN:366,(anonymous_21)
FN:371,(anonymous_22)
FN:388,(anonymous_23)
FN:389,(anonymous_24)
FN:426,(anonymous_25)
FN:433,(anonymous_26)
FN:442,(anonymous_27)
FN:447,(anonymous_28)
FNF:27
FNH:0
FNDA:0,CarouselYonetim
FNDA:0,(anonymous_3)
FNDA:0,(anonymous_4)
FNDA:0,(anonymous_5)
FNDA:0,(anonymous_6)
FNDA:0,(anonymous_7)
FNDA:0,(anonymous_8)
FNDA:0,(anonymous_9)
FNDA:0,(anonymous_10)
FNDA:0,(anonymous_11)
FNDA:0,(anonymous_12)
FNDA:0,(anonymous_13)
FNDA:0,(anonymous_14)
FNDA:0,(anonymous_15)
FNDA:0,(anonymous_16)
FNDA:0,(anonymous_17)
FNDA:0,(anonymous_18)
FNDA:0,(anonymous_19)
FNDA:0,(anonymous_20)
FNDA:0,(anonymous_21)
FNDA:0,(anonymous_22)
FNDA:0,(anonymous_23)
FNDA:0,(anonymous_24)
FNDA:0,(anonymous_25)
FNDA:0,(anonymous_26)
FNDA:0,(anonymous_27)
FNDA:0,(anonymous_28)
DA:3,0
DA:4,0
DA:5,0
DA:7,0
DA:8,0
DA:9,0
DA:10,0
DA:11,0
DA:12,0
DA:13,0
DA:22,0
DA:23,0
DA:24,0
DA:25,0
DA:27,0
DA:28,0
DA:30,0
DA:34,0
DA:35,0
DA:37,0
DA:38,0
DA:41,0
DA:42,0
DA:44,0
DA:45,0
DA:46,0
DA:48,0
DA:49,0
DA:52,0
DA:53,0
DA:54,0
DA:56,0
DA:57,0
DA:60,0
DA:64,0
DA:65,0
DA:68,0
DA:69,0
DA:70,0
DA:72,0
DA:73,0
DA:74,0
DA:77,0
DA:79,0
DA:80,0
DA:81,0
DA:82,0
DA:84,0
DA:89,0
DA:91,0
DA:93,0
DA:98,0
DA:99,0
DA:100,0
DA:102,0
DA:105,0
DA:108,0
DA:109,0
DA:111,0
DA:116,0
DA:117,0
DA:125,0
DA:126,0
DA:129,0
DA:130,0
DA:132,0
DA:133,0
DA:134,0
DA:136,0
DA:138,0
DA:139,0
DA:140,0
DA:141,0
DA:143,0
DA:151,0
DA:152,0
DA:153,0
DA:155,0
DA:156,0
DA:157,0
DA:158,0
DA:160,0
DA:163,0
DA:164,0
DA:169,0
DA:170,0
DA:171,0
DA:179,0
DA:182,0
DA:183,0
DA:185,0
DA:186,0
DA:187,0
DA:191,0
DA:193,0
DA:194,0
DA:195,0
DA:197,0
DA:200,0
DA:201,0
DA:206,0
DA:207,0
DA:208,0
DA:209,0
DA:217,0
DA:219,0
DA:220,0
DA:221,0
DA:224,0
DA:225,0
DA:230,0
DA:231,0
DA:232,0
DA:236,0
DA:237,0
DA:238,0
DA:244,0
DA:271,0
DA:310,0
DA:312,0
DA:318,0
DA:325,0
DA:366,0
DA:371,0
DA:388,0
DA:390,0
DA:426,0
DA:433,0
DA:442,0
DA:447,0
LF:130
LH:0
BRDA:37,0,0,0
BRDA:37,0,1,0
BRDA:44,1,0,0
BRDA:44,1,1,0
BRDA:45,2,0,0
BRDA:45,2,1,0
BRDA:46,3,0,0
BRDA:46,3,1,0
BRDA:49,4,0,0
BRDA:49,4,1,0
BRDA:52,5,0,0
BRDA:52,5,1,0
BRDA:70,6,0,0
BRDA:70,6,1,0
BRDA:72,7,0,0
BRDA:72,7,1,0
BRDA:91,8,0,0
BRDA:91,8,1,0
BRDA:93,9,0,0
BRDA:93,9,1,0
BRDA:93,9,2,0
BRDA:93,9,3,0
BRDA:93,9,4,0
BRDA:93,9,5,0
BRDA:93,9,6,0
BRDA:98,10,0,0
BRDA:98,10,1,0
BRDA:105,11,0,0
BRDA:105,11,1,0
BRDA:133,12,0,0
BRDA:133,12,1,0
BRDA:133,13,0,0
BRDA:133,13,1,0
BRDA:134,14,0,0
BRDA:134,14,1,0
BRDA:136,15,0,0
BRDA:136,15,1,0
BRDA:155,16,0,0
BRDA:155,16,1,0
BRDA:158,17,0,0
BRDA:158,17,1,0
BRDA:172,18,0,0
BRDA:172,18,1,0
BRDA:173,19,0,0
BRDA:173,19,1,0
BRDA:174,20,0,0
BRDA:174,20,1,0
BRDA:175,21,0,0
BRDA:175,21,1,0
BRDA:176,22,0,0
BRDA:176,22,1,0
BRDA:183,23,0,0
BRDA:183,23,1,0
BRDA:186,24,0,0
BRDA:186,24,1,0
BRDA:193,25,0,0
BRDA:193,25,1,0
BRDA:208,26,0,0
BRDA:208,26,1,0
BRDA:219,27,0,0
BRDA:219,27,1,0
BRDA:240,28,0,0
BRDA:240,28,1,0
BRDA:240,29,0,0
BRDA:240,29,1,0
BRDA:240,30,0,0
BRDA:240,30,1,0
BRDA:244,31,0,0
BRDA:244,31,1,0
BRDA:310,32,0,0
BRDA:310,32,1,0
BRDA:310,33,0,0
BRDA:310,33,1,0
BRDA:315,34,0,0
BRDA:315,34,1,0
BRDA:318,35,0,0
BRDA:318,35,1,0
BRDA:325,36,0,0
BRDA:325,36,1,0
BRDA:337,37,0,0
BRDA:338,38,0,0
BRDA:338,38,1,0
BRDA:355,39,0,0
BRDA:355,39,1,0
BRDA:360,40,0,0
BRDA:360,40,1,0
BRDA:382,41,0,0
BRDA:388,42,0,0
BRDA:388,42,1,0
BRDA:388,43,0,0
BRDA:388,43,1,0
BRDA:394,44,0,0
BRDA:395,45,0,0
BRDA:395,45,1,0
BRDA:407,46,0,0
BRDA:407,46,1,0
BRDA:410,47,0,0
BRDA:410,47,1,0
BRDA:415,48,0,0
BRDA:415,48,1,0
BRDA:426,49,0,0
BRDA:426,49,1,0
BRDA:433,50,0,0
BRDA:433,50,1,0
BRDA:455,51,0,0
BRDA:460,52,0,0
BRDA:464,53,0,0
BRDA:464,53,1,0
BRDA:534,54,0,0
BRDA:534,54,1,0
BRDA:543,55,0,0
BRDA:546,56,0,0
BRDA:546,56,1,0
BRDA:583,57,0,0
BRDA:583,57,1,0
BRDA:583,58,0,0
BRDA:583,58,1,0
BRF:117
BRH:0
end_of_record
TN:
SF:app/admin/dashboard/page.jsx
FN:6,Dashboard
FN:15,(anonymous_2)
FN:16,(anonymous_3)
FN:33,(anonymous_4)
FN:34,(anonymous_5)
FN:56,(anonymous_6)
FN:65,(anonymous_7)
FN:76,(anonymous_8)
FNF:8
FNH:0
FNDA:0,Dashboard
FNDA:0,(anonymous_2)
FNDA:0,(anonymous_3)
FNDA:0,(anonymous_4)
FNDA:0,(anonymous_5)
FNDA:0,(anonymous_6)
FNDA:0,(anonymous_7)
FNDA:0,(anonymous_8)
DA:3,0
DA:4,0
DA:6,0
DA:7,0
DA:13,0
DA:15,0
DA:16,0
DA:17,0
DA:19,0
DA:20,0
DA:23,0
DA:24,0
DA:26,0
DA:27,0
DA:28,0
DA:30,0
DA:33,0
DA:34,0
DA:38,0
DA:40,0
DA:44,0
DA:47,0
DA:57,0
DA:66,0
DA:77,0
LF:25
LH:0
BRDA:26,0,0,0
BRDA:26,0,1,0
BRDA:26,1,0,0
BRDA:26,1,1,0
BRDA:27,2,0,0
BRDA:27,2,1,0
BRDA:28,3,0,0
BRDA:28,3,1,0
BRDA:47,4,0,0
BRDA:47,4,1,0
BRF:10
BRH:0
end_of_record
TN:
SF:app/admin/logs/page.jsx
FN:21,AdminLogsPage
FN:29,(anonymous_3)
FN:49,(anonymous_4)
FN:54,(anonymous_5)
FN:67,(anonymous_6)
FN:89,(anonymous_7)
FN:92,(anonymous_8)
FN:101,(anonymous_9)
FN:115,(anonymous_10)
FN:127,(anonymous_11)
FN:196,(anonymous_12)
FN:207,(anonymous_13)
FN:222,(anonymous_14)
FN:270,(anonymous_15)
FN:338,(anonymous_16)
FN:352,(anonymous_17)
FN:366,(anonymous_18)
FNF:17
FNH:0
FNDA:0,AdminLogsPage
FNDA:0,(anonymous_3)
FNDA:0,(anonymous_4)
FNDA:0,(anonymous_5)
FNDA:0,(anonymous_6)
FNDA:0,(anonymous_7)
FNDA:0,(anonymous_8)
FNDA:0,(anonymous_9)
FNDA:0,(anonymous_10)
FNDA:0,(anonymous_11)
FNDA:0,(anonymous_12)
FNDA:0,(anonymous_13)
FNDA:0,(anonymous_14)
FNDA:0,(anonymous_15)
FNDA:0,(anonymous_16)
FNDA:0,(anonymous_17)
FNDA:0,(anonymous_18)
DA:3,0
DA:4,0
DA:19,0
DA:21,0
DA:22,0
DA:23,0
DA:24,0
DA:25,0
DA:26,0
DA:29,0
DA:30,0
DA:31,0
DA:32,0
DA:33,0
DA:35,0
DA:36,0
DA:38,0
DA:39,0
DA:42,0
DA:43,0
DA:45,0
DA:49,0
DA:50,0
DA:54,0
DA:56,0
DA:60,0
DA:61,0
DA:63,0
DA:67,0
DA:68,0
DA:70,0
DA:71,0
DA:74,0
DA:76,0
DA:77,0
DA:78,0
DA:80,0
DA:83,0
DA:84,0
DA:89,0
DA:90,0
DA:92,0
DA:101,0
DA:103,0
DA:104,0
DA:105,0
DA:106,0
DA:107,0
DA:108,0
DA:109,0
DA:110,0
DA:111,0
DA:115,0
DA:116,0
DA:127,0
DA:128,0
DA:138,0
DA:196,0
DA:207,0
DA:222,0
DA:271,0
DA:338,0
DA:352,0
DA:366,0
LF:64
LH:0
BRDA:35,0,0,0
BRDA:35,0,1,0
BRDA:56,1,0,0
BRDA:56,1,1,0
BRDA:56,1,2,0
BRDA:60,2,0,0
BRDA:60,2,1,0
BRDA:61,3,0,0
BRDA:61,3,1,0
BRDA:63,4,0,0
BRDA:63,4,1,0
BRDA:63,4,2,0
BRDA:68,5,0,0
BRDA:68,5,1,0
BRDA:76,6,0,0
BRDA:76,6,1,0
BRDA:80,7,0,0
BRDA:80,7,1,0
BRDA:99,8,0,0
BRDA:99,8,1,0
BRDA:138,9,0,0
BRDA:138,9,1,0
BRDA:256,10,0,0
BRDA:256,10,1,0
BRDA:262,11,0,0
BRDA:262,11,1,0
BRDA:262,12,0,0
BRDA:262,12,1,0
BRDA:262,12,2,0
BRDA:307,13,0,0
BRDA:307,13,1,0
BRDA:308,14,0,0
BRDA:308,14,1,0
BRDA:310,15,0,0
BRDA:310,15,1,0
BRDA:311,16,0,0
BRDA:311,16,1,0
BRDA:317,17,0,0
BRDA:317,17,1,0
BRF:39
BRH:0
end_of_record
TN:
SF:app/admin/services/page.jsx
FN:20,AdminServicesPage
FN:31,(anonymous_3)
FN:51,(anonymous_4)
FN:56,(anonymous_5)
FN:66,(anonymous_6)
FN:78,(anonymous_7)
FN:116,(anonymous_8)
FN:132,(anonymous_9)
FN:231,(anonymous_10)
FN:281,(anonymous_11)
FN:315,(anonymous_12)
FN:320,(anonymous_13)
FN:344,(anonymous_14)
FN:354,(anonymous_15)
FN:369,(anonymous_16)
FN:378,(anonymous_17)
FN:424,(anonymous_18)
FN:435,(anonymous_19)
FN:481,(anonymous_20)
FN:498,(anonymous_21)
FN:515,(anonymous_22)
FN:554,(anonymous_23)
FN:683,(anonymous_24)
FN:693,(anonymous_25)
FN:721,(anonymous_26)
FN:725,(anonymous_27)
FN:818,(anonymous_28)
FNF:27
FNH:0
FNDA:0,AdminServicesPage
FNDA:0,(anonymous_3)
FNDA:0,(anonymous_4)
FNDA:0,(anonymous_5)
FNDA:0,(anonymous_6)
FNDA:0,(anonymous_7)
FNDA:0,(anonymous_8)
FNDA:0,(anonymous_9)
FNDA:0,(anonymous_10)
FNDA:0,(anonymous_11)
FNDA:0,(anonymous_12)
FNDA:0,(anonymous_13)
FNDA:0,(anonymous_14)
FNDA:0,(anonymous_15)
FNDA:0,(anonymous_16)
FNDA:0,(anonymous_17)
FNDA:0,(anonymous_18)
FNDA:0,(anonymous_19)
FNDA:0,(anonymous_20)
FNDA:0,(anonymous_21)
FNDA:0,(anonymous_22)
FNDA:0,(anonymous_23)
FNDA:0,(anonymous_24)
FNDA:0,(anonymous_25)
FNDA:0,(anonymous_26)
FNDA:0,(anonymous_27)
FNDA:0,(anonymous_28)
DA:3,0
DA:4,0
DA:18,0
DA:20,0
DA:21,0
DA:22,0
DA:23,0
DA:24,0
DA:25,0
DA:26,0
DA:27,0
DA:28,0
DA:31,0
DA:32,0
DA:33,0
DA:34,0
DA:35,0
DA:37,0
DA:38,0
DA:40,0
DA:41,0
DA:44,0
DA:45,0
DA:47,0
DA:51,0
DA:52,0
DA:56,0
DA:57,0
DA:59,0
DA:60,0
DA:63,0
DA:65,0
DA:66,0
DA:67,0
DA:69,0
DA:72,0
DA:73,0
DA:78,0
DA:79,0
DA:81,0
DA:82,0
DA:84,0
DA:94,0
DA:95,0
DA:98,0
DA:99,0
DA:100,0
DA:101,0
DA:105,0
DA:106,0
DA:107,0
DA:108,0
DA:109,0
DA:112,0
DA:113,0
DA:115,0
DA:116,0
DA:117,0
DA:121,0
DA:123,0
DA:126,0
DA:127,0
DA:132,0
DA:133,0
DA:135,0
DA:136,0
DA:139,0
DA:140,0
DA:141,0
DA:142,0
DA:143,0
DA:144,0
DA:145,0
DA:146,0
DA:148,0
DA:149,0
DA:150,0
DA:151,0
DA:152,0
DA:154,0
DA:160,0
DA:161,0
DA:164,0
DA:165,0
DA:167,0
DA:168,0
DA:169,0
DA:171,0
DA:172,0
DA:173,0
DA:176,0
DA:180,0
DA:181,0
DA:182,0
DA:183,0
DA:185,0
DA:186,0
DA:187,0
DA:188,0
DA:189,0
DA:190,0
DA:192,0
DA:194,0
DA:200,0
DA:201,0
DA:204,0
DA:205,0
DA:207,0
DA:208,0
DA:209,0
DA:211,0
DA:212,0
DA:213,0
DA:216,0
DA:220,0
DA:231,0
DA:239,0
DA:241,0
DA:242,0
DA:244,0
DA:252,0
DA:254,0
DA:255,0
DA:256,0
DA:257,0
DA:258,0
DA:260,0
DA:263,0
DA:266,0
DA:268,0
DA:269,0
DA:270,0
DA:271,0
DA:272,0
DA:273,0
DA:276,0
DA:281,0
DA:282,0
DA:284,0
DA:285,0
DA:289,0
DA:291,0
DA:315,0
DA:321,0
DA:322,0
DA:323,0
DA:344,0
DA:354,0
DA:370,0
DA:379,0
DA:380,0
DA:425,0
DA:426,0
DA:427,0
DA:435,0
DA:482,0
DA:499,0
DA:500,0
DA:515,0
DA:555,0
DA:556,0
DA:557,0
DA:684,0
DA:685,0
DA:686,0
DA:687,0
DA:692,0
DA:693,0
DA:694,0
DA:696,0
DA:722,0
DA:723,0
DA:724,0
DA:725,0
DA:726,0
DA:728,0
DA:819,0
DA:820,0
DA:821,0
DA:822,0
LF:180
LH:0
BRDA:37,0,0,0
BRDA:37,0,1,0
BRDA:57,1,0,0
BRDA:57,1,1,0
BRDA:65,2,0,0
BRDA:65,2,1,0
BRDA:69,3,0,0
BRDA:69,3,1,0
BRDA:81,4,0,0
BRDA:81,4,1,0
BRDA:98,5,0,0
BRDA:98,5,1,0
BRDA:106,6,0,0
BRDA:106,6,1,0
BRDA:106,7,0,0
BRDA:106,7,1,0
BRDA:115,8,0,0
BRDA:115,8,1,0
BRDA:117,9,0,0
BRDA:117,9,1,0
BRDA:121,10,0,0
BRDA:121,10,1,0
BRDA:123,11,0,0
BRDA:123,11,1,0
BRDA:139,12,0,0
BRDA:139,12,1,0
BRDA:148,13,0,0
BRDA:148,13,1,0
BRDA:160,14,0,0
BRDA:160,14,1,0
BRDA:167,15,0,0
BRDA:167,15,1,0
BRDA:180,16,0,0
BRDA:180,16,1,0
BRDA:185,17,0,0
BRDA:185,17,1,0
BRDA:200,18,0,0
BRDA:200,18,1,0
BRDA:207,19,0,0
BRDA:207,19,1,0
BRDA:228,20,0,0
BRDA:228,20,1,0
BRDA:231,21,0,0
BRDA:231,21,1,0
BRDA:232,22,0,0
BRDA:232,22,1,0
BRDA:241,23,0,0
BRDA:241,23,1,0
BRDA:242,24,0,0
BRDA:242,24,1,0
BRDA:254,25,0,0
BRDA:254,25,1,0
BRDA:255,26,0,0
BRDA:255,26,1,0
BRDA:260,27,0,0
BRDA:260,27,1,0
BRDA:268,28,0,0
BRDA:268,28,1,0
BRDA:268,29,0,0
BRDA:268,29,1,0
BRDA:270,30,0,0
BRDA:270,30,1,0
BRDA:270,31,0,0
BRDA:270,31,1,0
BRDA:272,32,0,0
BRDA:272,32,1,0
BRDA:282,33,0,0
BRDA:282,33,1,0
BRDA:284,34,0,0
BRDA:284,34,1,0
BRDA:285,35,0,0
BRDA:285,35,1,0
BRDA:291,36,0,0
BRDA:291,36,1,0
BRDA:373,37,0,0
BRDA:373,37,1,0
BRDA:386,38,0,0
BRDA:386,38,1,0
BRDA:394,39,0,0
BRDA:394,39,1,0
BRDA:394,40,0,0
BRDA:394,40,1,0
BRDA:398,41,0,0
BRDA:398,41,1,0
BRDA:398,42,0,0
BRDA:398,42,1,0
BRDA:405,43,0,0
BRDA:413,44,0,0
BRDA:469,45,0,0
BRDA:469,45,1,0
BRDA:469,46,0,0
BRDA:469,46,1,0
BRDA:474,47,0,0
BRDA:474,47,1,0
BRDA:477,48,0,0
BRDA:477,48,1,0
BRDA:477,48,2,0
BRDA:490,49,0,0
BRDA:490,49,1,0
BRDA:490,49,2,0
BRDA:490,49,3,0
BRDA:495,50,0,0
BRDA:495,50,1,0
BRDA:515,51,0,0
BRDA:515,51,1,0
BRDA:517,52,0,0
BRDA:517,52,1,0
BRDA:517,53,0,0
BRDA:517,53,1,0
BRDA:523,54,0,0
BRDA:522,55,0,0
BRDA:522,55,1,0
BRDA:540,56,0,0
BRDA:547,57,0,0
BRDA:547,57,1,0
BRDA:547,58,0,0
BRDA:547,58,1,0
BRDA:552,59,0,0
BRDA:552,59,1,0
BRDA:568,60,0,0
BRDA:568,60,1,0
BRDA:572,61,0,0
BRDA:572,61,1,0
BRDA:585,62,0,0
BRDA:585,62,1,0
BRDA:596,63,0,0
BRDA:596,63,1,0
BRDA:614,64,0,0
BRDA:614,64,1,0
BRDA:626,65,0,0
BRDA:626,65,1,0
BRDA:643,66,0,0
BRDA:643,66,1,0
BRDA:654,67,0,0
BRDA:654,67,1,0
BRDA:666,68,0,0
BRDA:666,68,1,0
BRDA:666,69,0,0
BRDA:666,69,1,0
BRDA:666,70,0,0
BRDA:666,70,1,0
BRDA:686,71,0,0
BRDA:686,71,1,0
BRDA:701,72,0,0
BRDA:701,72,1,0
BRDA:704,73,0,0
BRDA:704,73,1,0
BRDA:705,74,0,0
BRDA:705,74,1,0
BRDA:709,75,0,0
BRDA:709,75,1,0
BRDA:723,76,0,0
BRDA:723,76,1,0
BRDA:733,77,0,0
BRDA:733,77,1,0
BRDA:736,78,0,0
BRDA:736,78,1,0
BRDA:737,79,0,0
BRDA:737,79,1,0
BRDA:741,80,0,0
BRDA:741,80,1,0
BRDA:756,81,0,0
BRDA:756,81,1,0
BRDA:771,82,0,0
BRDA:771,82,1,0
BRDA:787,83,0,0
BRDA:787,83,1,0
BRDA:797,84,0,0
BRDA:797,84,1,0
BRDA:807,85,0,0
BRDA:807,85,1,0
BRDA:832,86,0,0
BRDA:832,86,1,0
BRF:173
BRH:0
end_of_record
TN:
SF:app/admin/talepler/page.jsx
FN:34,TaleplerPage
FN:48,(anonymous_3)
FN:68,(anonymous_4)
FN:73,(anonymous_5)
FN:77,(anonymous_6)
FN:86,(anonymous_7)
FN:93,(anonymous_8)
FN:134,(anonymous_9)
FN:157,(anonymous_10)
FN:167,(anonymous_11)
FN:179,(anonymous_12)
FN:180,(anonymous_13)
FN:218,(anonymous_14)
FN:228,(anonymous_15)
FN:232,(anonymous_16)
FN:259,(anonymous_17)
FN:327,(anonymous_18)
FN:334,(anonymous_19)
FN:378,(anonymous_20)
FN:382,(anonymous_21)
FN:396,(anonymous_22)
FN:406,(anonymous_23)
FNF:22
FNH:0
FNDA:0,TaleplerPage
FNDA:0,(anonymous_3)
FNDA:0,(anonymous_4)
FNDA:0,(anonymous_5)
FNDA:0,(anonymous_6)
FNDA:0,(anonymous_7)
FNDA:0,(anonymous_8)
FNDA:0,(anonymous_9)
FNDA:0,(anonymous_10)
FNDA:0,(anonymous_11)
FNDA:0,(anonymous_12)
FNDA:0,(anonymous_13)
FNDA:0,(anonymous_14)
FNDA:0,(anonymous_15)
FNDA:0,(anonymous_16)
FNDA:0,(anonymous_17)
FNDA:0,(anonymous_18)
FNDA:0,(anonymous_19)
FNDA:0,(anonymous_20)
FNDA:0,(anonymous_21)
FNDA:0,(anonymous_22)
FNDA:0,(anonymous_23)
DA:3,0
DA:4,0
DA:23,0
DA:26,0
DA:34,0
DA:35,0
DA:36,0
DA:37,0
DA:38,0
DA:39,0
DA:40,0
DA:41,0
DA:42,0
DA:48,0
DA:49,0
DA:50,0
DA:51,0
DA:52,0
DA:54,0
DA:55,0
DA:56,0
DA:58,0
DA:61,0
DA:62,0
DA:64,0
DA:68,0
DA:69,0
DA:73,0
DA:74,0
DA:76,0
DA:77,0
DA:78,0
DA:85,0
DA:86,0
DA:89,0
DA:93,0
DA:94,0
DA:95,0
DA:96,0
DA:99,0
DA:104,0
DA:106,0
DA:114,0
DA:115,0
DA:116,0
DA:118,0
DA:119,0
DA:120,0
DA:121,0
DA:122,0
DA:123,0
DA:125,0
DA:128,0
DA:129,0
DA:134,0
DA:135,0
DA:137,0
DA:138,0
DA:142,0
DA:144,0
DA:145,0
DA:146,0
DA:148,0
DA:151,0
DA:152,0
DA:157,0
DA:158,0
DA:159,0
DA:163,0
DA:167,0
DA:168,0
DA:170,0
DA:171,0
DA:172,0
DA:173,0
DA:175,0
DA:179,0
DA:180,0
DA:183,0
DA:218,0
DA:228,0
DA:233,0
DA:260,0
DA:261,0
DA:263,0
DA:327,0
DA:334,0
DA:378,0
DA:383,0
DA:396,0
DA:407,0
DA:408,0
DA:409,0
LF:93
LH:0
BRDA:54,0,0,0
BRDA:54,0,1,0
BRDA:76,1,0,0
BRDA:76,1,1,0
BRDA:78,2,0,0
BRDA:78,2,1,0
BRDA:78,2,2,0
BRDA:78,2,3,0
BRDA:85,3,0,0
BRDA:85,3,1,0
BRDA:118,4,0,0
BRDA:118,4,1,0
BRDA:135,5,0,0
BRDA:135,5,1,0
BRDA:144,6,0,0
BRDA:144,6,1,0
BRDA:161,7,0,0
BRDA:161,7,1,0
BRDA:168,8,0,0
BRDA:168,8,1,0
BRDA:168,9,0,0
BRDA:168,9,1,0
BRDA:171,10,0,0
BRDA:171,10,1,0
BRDA:180,11,0,0
BRDA:180,11,1,0
BRDA:183,12,0,0
BRDA:183,12,1,0
BRDA:286,13,0,0
BRDA:286,13,1,0
BRDA:290,14,0,0
BRDA:290,14,1,0
BRDA:298,15,0,0
BRDA:348,16,0,0
BRDA:355,17,0,0
BRDA:355,17,1,0
BRF:36
BRH:0
end_of_record
TN:
SF:app/admin/telegram/page.jsx
FN:7,TelegramSettings
FN:17,(anonymous_3)
FN:21,(anonymous_4)
FN:54,(anonymous_5)
FN:89,(anonymous_6)
FN:124,(anonymous_7)
FN:213,(anonymous_8)
FN:219,(anonymous_9)
FN:238,(anonymous_10)
FNF:9
FNH:0
FNDA:0,TelegramSettings
FNDA:0,(anonymous_3)
FNDA:0,(anonymous_4)
FNDA:0,(anonymous_5)
FNDA:0,(anonymous_6)
FNDA:0,(anonymous_7)
FNDA:0,(anonymous_8)
FNDA:0,(anonymous_9)
FNDA:0,(anonymous_10)
DA:3,0
DA:4,0
DA:5,0
DA:7,0
DA:8,0
DA:12,0
DA:13,0
DA:14,0
DA:15,0
DA:17,0
DA:18,0
DA:21,0
DA:22,0
DA:23,0
DA:24,0
DA:26,0
DA:27,0
DA:30,0
DA:32,0
DA:33,0
DA:38,0
DA:41,0
DA:42,0
DA:45,0
DA:50,0
DA:54,0
DA:55,0
DA:56,0
DA:57,0
DA:60,0
DA:61,0
DA:62,0
DA:70,0
DA:71,0
DA:74,0
DA:76,0
DA:77,0
DA:79,0
DA:82,0
DA:83,0
DA:85,0
DA:89,0
DA:90,0
DA:91,0
DA:92,0
DA:95,0
DA:96,0
DA:97,0
DA:105,0
DA:106,0
DA:109,0
DA:111,0
DA:112,0
DA:114,0
DA:117,0
DA:118,0
DA:120,0
DA:124,0
DA:125,0
DA:126,0
DA:127,0
DA:130,0
DA:131,0
DA:132,0
DA:143,0
DA:144,0
DA:147,0
DA:149,0
DA:150,0
DA:152,0
DA:155,0
DA:156,0
DA:158,0
DA:162,0
DA:213,0
DA:219,0
DA:238,0
LF:77
LH:0
BRDA:26,0,0,0
BRDA:26,0,1,0
BRDA:32,1,0,0
BRDA:32,1,1,0
BRDA:34,2,0,0
BRDA:34,2,1,0
BRDA:35,3,0,0
BRDA:35,3,1,0
BRDA:55,4,0,0
BRDA:55,4,1,0
BRDA:55,5,0,0
BRDA:55,5,1,0
BRDA:70,6,0,0
BRDA:70,6,1,0
BRDA:76,7,0,0
BRDA:76,7,1,0
BRDA:90,8,0,0
BRDA:90,8,1,0
BRDA:90,9,0,0
BRDA:90,9,1,0
BRDA:105,10,0,0
BRDA:105,10,1,0
BRDA:111,11,0,0
BRDA:111,11,1,0
BRDA:125,12,0,0
BRDA:125,12,1,0
BRDA:125,13,0,0
BRDA:125,13,1,0
BRDA:143,14,0,0
BRDA:143,14,1,0
BRDA:149,15,0,0
BRDA:149,15,1,0
BRDA:162,16,0,0
BRDA:162,16,1,0
BRDA:196,17,0,0
BRDA:196,17,1,0
BRDA:211,18,0,0
BRDA:211,18,1,0
BRDA:222,19,0,0
BRDA:254,20,0,0
BRDA:254,20,1,0
BRDA:255,21,0,0
BRDA:255,21,1,0
BRDA:265,22,0,0
BRDA:265,22,1,0
BRDA:265,22,2,0
BRDA:269,23,0,0
BRDA:269,23,1,0
BRDA:274,24,0,0
BRDA:274,24,1,0
BRDA:274,24,2,0
BRDA:278,25,0,0
BRDA:278,25,1,0
BRDA:283,26,0,0
BRDA:283,26,1,0
BRDA:283,26,2,0
BRDA:287,27,0,0
BRDA:287,27,1,0
BRF:58
BRH:0
end_of_record
TN:
SF:app/admin/testimonials/page.jsx
FN:12,TestimonialsAdmin
FN:28,(anonymous_3)
FN:32,(anonymous_4)
FN:51,(anonymous_5)
FN:55,(anonymous_6)
FN:96,(anonymous_7)
FN:118,(anonymous_8)
FN:138,(anonymous_9)
FN:154,(anonymous_10)
FN:183,(anonymous_11)
FN:190,(anonymous_12)
FN:194,(anonymous_13)
FN:216,(anonymous_14)
FN:216,(anonymous_15)
FN:225,(anonymous_16)
FN:225,(anonymous_17)
FN:230,(anonymous_18)
FN:243,(anonymous_19)
FN:243,(anonymous_20)
FN:253,(anonymous_21)
FN:253,(anonymous_22)
FN:256,(anonymous_23)
FN:270,(anonymous_24)
FN:290,(anonymous_25)
FN:312,(anonymous_26)
FN:312,(anonymous_27)
FN:321,(anonymous_28)
FN:339,(anonymous_29)
FN:347,(anonymous_30)
FN:364,(anonymous_31)
FN:368,(anonymous_32)
FNF:31
FNH:0
FNDA:0,TestimonialsAdmin
FNDA:0,(anonymous_3)
FNDA:0,(anonymous_4)
FNDA:0,(anonymous_5)
FNDA:0,(anonymous_6)
FNDA:0,(anonymous_7)
FNDA:0,(anonymous_8)
FNDA:0,(anonymous_9)
FNDA:0,(anonymous_10)
FNDA:0,(anonymous_11)
FNDA:0,(anonymous_12)
FNDA:0,(anonymous_13)
FNDA:0,(anonymous_14)
FNDA:0,(anonymous_15)
FNDA:0,(anonymous_16)
FNDA:0,(anonymous_17)
FNDA:0,(anonymous_18)
FNDA:0,(anonymous_19)
FNDA:0,(anonymous_20)
FNDA:0,(anonymous_21)
FNDA:0,(anonymous_22)
FNDA:0,(anonymous_23)
FNDA:0,(anonymous_24)
FNDA:0,(anonymous_25)
FNDA:0,(anonymous_26)
FNDA:0,(anonymous_27)
FNDA:0,(anonymous_28)
FNDA:0,(anonymous_29)
FNDA:0,(anonymous_30)
FNDA:0,(anonymous_31)
FNDA:0,(anonymous_32)
DA:3,0
DA:4,0
DA:5,0
DA:6,0
DA:7,0
DA:8,0
DA:9,0
DA:10,0
DA:12,0
DA:13,0
DA:14,0
DA:15,0
DA:16,0
DA:17,0
DA:28,0
DA:29,0
DA:32,0
DA:33,0
DA:34,0
DA:35,0
DA:37,0
DA:38,0
DA:40,0
DA:41,0
DA:44,0
DA:45,0
DA:47,0
DA:51,0
DA:52,0
DA:54,0
DA:55,0
DA:57,0
DA:63,0
DA:71,0
DA:73,0
DA:74,0
DA:75,0
DA:76,0
DA:86,0
DA:88,0
DA:91,0
DA:92,0
DA:96,0
DA:97,0
DA:98,0
DA:106,0
DA:108,0
DA:109,0
DA:110,0
DA:113,0
DA:114,0
DA:118,0
DA:119,0
DA:121,0
DA:122,0
DA:126,0
DA:128,0
DA:129,0
DA:130,0
DA:133,0
DA:134,0
DA:138,0
DA:139,0
DA:141,0
DA:142,0
DA:145,0
DA:146,0
DA:151,0
DA:153,0
DA:154,0
DA:158,0
DA:160,0
DA:163,0
DA:164,0
DA:168,0
DA:183,0
DA:190,0
DA:195,0
DA:216,0
DA:225,0
DA:231,0
DA:243,0
DA:253,0
DA:257,0
DA:270,0
DA:290,0
DA:312,0
DA:321,0
DA:340,0
DA:348,0
DA:364,0
DA:368,0
LF:92
LH:0
BRDA:35,0,0,0
BRDA:35,0,1,0
BRDA:40,1,0,0
BRDA:40,1,1,0
BRDA:60,2,0,0
BRDA:60,2,1,0
BRDA:73,3,0,0
BRDA:73,3,1,0
BRDA:108,4,0,0
BRDA:108,4,1,0
BRDA:109,5,0,0
BRDA:109,5,1,0
BRDA:119,6,0,0
BRDA:119,6,1,0
BRDA:128,7,0,0
BRDA:128,7,1,0
BRDA:139,8,0,0
BRDA:139,8,1,0
BRDA:153,9,0,0
BRDA:153,9,1,0
BRDA:160,10,0,0
BRDA:160,10,1,0
BRDA:168,11,0,0
BRDA:168,11,1,0
BRDA:203,12,0,0
BRDA:273,13,0,0
BRDA:276,14,0,0
BRDA:276,14,1,0
BRDA:293,15,0,0
BRDA:296,16,0,0
BRDA:296,16,1,0
BRDA:332,17,0,0
BRDA:332,17,1,0
BRDA:351,18,0,0
BRDA:351,18,1,0
BRDA:358,19,0,0
BRDA:358,19,1,0
BRDA:359,20,0,0
BRDA:359,20,1,0
BRDA:363,21,0,0
BRDA:363,21,1,0
BRDA:366,22,0,0
BRDA:376,23,0,0
BRDA:376,23,1,0
BRDA:378,24,0,0
BRDA:382,25,0,0
BRDA:382,25,1,0
BRDA:390,26,0,0
BRDA:394,27,0,0
BRDA:394,27,1,0
BRF:50
BRH:0
end_of_record
TN:
SF:app/api/admin/logs/route.js
FN:38,GET
FN:41,(anonymous_5)
FN:61,POST
FN:96,DELETE
FNF:4
FNH:0
FNDA:0,GET
FNDA:0,(anonymous_5)
FNDA:0,POST
FNDA:0,DELETE
DA:1,0
DA:4,0
DA:38,0
DA:39,0
DA:41,0
DA:43,0
DA:49,0
DA:50,0
DA:61,0
DA:62,0
DA:63,0
DA:64,0
DA:66,0
DA:79,0
DA:84,0
DA:85,0
DA:96,0
DA:97,0
DA:98,0
DA:100,0
DA:105,0
DA:106,0
LF:22
LH:0
BRDA:69,0,0,0
BRDA:69,0,1,0
BRDA:72,1,0,0
BRDA:72,1,1,0
BRDA:73,2,0,0
BRDA:73,2,1,0
BRDA:74,3,0,0
BRDA:74,3,1,0
BRF:8
BRH:0
end_of_record
TN:
SF:app/api/auth/route.js
FN:15,POST
FN:20,(anonymous_4)
FN:72,DELETE
FNF:3
FNH:0
FNDA:0,POST
FNDA:0,(anonymous_4)
FNDA:0,DELETE
DA:1,0
DA:4,0
DA:15,0
DA:16,0
DA:17,0
DA:20,0
DA:22,0
DA:23,0
DA:33,0
DA:34,0
DA:38,0
DA:45,0
DA:52,0
DA:59,0
DA:61,0
DA:72,0
DA:73,0
DA:79,0
DA:80,0
DA:82,0
LF:20
LH:0
BRDA:20,0,0,0
BRDA:20,0,1,0
BRDA:22,1,0,0
BRDA:22,1,1,0
BRF:4
BRH:0
end_of_record
TN:
SF:app/api/blog/route.js
FN:7,GET
FN:19,(anonymous_4)
FN:34,POST
FNF:3
FNH:0
FNDA:0,GET
FNDA:0,(anonymous_4)
FNDA:0,POST
DA:1,0
DA:2,0
DA:4,0
DA:7,0
DA:8,0
DA:9,0
DA:10,0
DA:11,0
DA:12,0
DA:16,0
DA:17,0
DA:18,0
DA:19,0
DA:20,0
DA:22,0
DA:24,0
DA:27,0
DA:29,0
DA:34,0
DA:35,0
DA:36,0
DA:38,0
DA:39,0
DA:40,0
DA:41,0
DA:48,0
DA:49,0
DA:50,0
DA:56,0
DA:57,0
DA:59,0
LF:31
LH:0
BRDA:16,0,0,0
BRDA:16,0,1,0
BRDA:18,1,0,0
BRDA:18,1,1,0
BRDA:20,2,0,0
BRDA:20,2,1,0
BRDA:40,3,0,0
BRDA:40,3,1,0
BRDA:49,4,0,0
BRDA:49,4,1,0
BRF:10
BRH:0
end_of_record
TN:
SF:app/api/blog/[id]/route.js
FN:8,GET
FN:21,PUT
FN:95,DELETE
FNF:3
FNH:0
FNDA:0,GET
FNDA:0,PUT
FNDA:0,DELETE
DA:1,0
DA:2,0
DA:3,0
DA:5,0
DA:8,0
DA:9,0
DA:10,0
DA:11,0
DA:12,0
DA:14,0
DA:16,0
DA:21,0
DA:22,0
DA:23,0
DA:26,0
DA:27,0
DA:28,0
DA:30,0
DA:31,0
DA:38,0
DA:39,0
DA:40,0
DA:42,0
DA:43,0
DA:44,0
DA:51,0
DA:52,0
DA:53,0
DA:54,0
DA:62,0
DA:64,0
DA:65,0
DA:66,0
DA:68,0
DA:69,0
DA:70,0
DA:76,0
DA:77,0
DA:79,0
DA:80,0
DA:86,0
DA:87,0
DA:95,0
DA:96,0
DA:97,0
DA:98,0
DA:100,0
DA:101,0
DA:103,0
LF:49
LH:0
BRDA:11,0,0,0
BRDA:11,0,1,0
BRDA:42,1,0,0
BRDA:42,1,1,0
BRDA:51,2,0,0
BRDA:51,2,1,0
BRDA:51,3,0,0
BRDA:51,3,1,0
BRDA:53,4,0,0
BRDA:53,4,1,0
BRDA:68,5,0,0
BRDA:68,5,1,0
BRDA:100,6,0,0
BRDA:100,6,1,0
BRF:14
BRH:0
end_of_record
TN:
SF:app/api/carousel/route.js
FN:6,GET
FN:12,(anonymous_8)
FN:12,(anonymous_9)
FN:59,POST
FN:112,PUT
FNF:5
FNH:0
FNDA:0,GET
FNDA:0,(anonymous_8)
FNDA:0,(anonymous_9)
FNDA:0,POST
FNDA:0,PUT
DA:1,1
DA:2,1
DA:3,1
DA:6,0
DA:7,0
DA:8,0
DA:11,0
DA:12,0
DA:13,0
DA:14,0
DA:16,0
DA:17,0
DA:26,0
DA:27,0
DA:29,0
DA:30,0
DA:31,0
DA:36,0
DA:37,0
DA:46,0
DA:47,0
DA:59,0
DA:60,0
DA:61,0
DA:62,0
DA:64,0
DA:65,0
DA:74,0
DA:83,0
DA:85,0
DA:86,0
DA:91,0
DA:100,0
DA:101,0
DA:112,0
DA:113,0
DA:114,0
DA:115,0
DA:117,0
DA:118,0
DA:127,0
DA:128,0
DA:129,0
DA:130,0
DA:131,0
DA:132,0
DA:133,0
DA:135,0
DA:137,0
DA:139,0
DA:141,0
DA:146,0
DA:155,0
DA:156,0
LF:54
LH:3
BRDA:29,0,0,0
BRDA:29,0,1,0
BRDA:30,1,0,0
BRDA:30,1,1,0
BRDA:51,2,0,0
BRDA:51,2,1,0
BRDA:64,3,0,0
BRDA:64,3,1,0
BRDA:64,4,0,0
BRDA:64,4,1,0
BRDA:64,4,2,0
BRDA:78,5,0,0
BRDA:78,5,1,0
BRDA:79,6,0,0
BRDA:79,6,1,0
BRDA:85,7,0,0
BRDA:85,7,1,0
BRDA:117,8,0,0
BRDA:117,8,1,0
BRDA:128,9,0,0
BRDA:128,9,1,0
BRDA:129,10,0,0
BRDA:129,10,1,0
BRDA:130,11,0,0
BRDA:130,11,1,0
BRDA:131,12,0,0
BRDA:131,12,1,0
BRDA:132,13,0,0
BRDA:132,13,1,0
BRDA:133,14,0,0
BRDA:133,14,1,0
BRDA:137,15,0,0
BRDA:137,15,1,0
BRF:33
BRH:0
end_of_record
TN:
SF:app/api/carousel/[id]/route.js
FN:6,PUT
FN:67,DELETE
FNF:2
FNH:0
FNDA:0,PUT
FNDA:0,DELETE
DA:1,0
DA:2,0
DA:3,0
DA:6,0
DA:7,0
DA:8,0
DA:9,0
DA:10,0
DA:12,0
DA:13,0
DA:15,0
DA:16,0
DA:25,0
DA:26,0
DA:27,0
DA:28,0
DA:29,0
DA:30,0
DA:31,0
DA:33,0
DA:35,0
DA:37,0
DA:39,0
DA:41,0
DA:46,0
DA:55,0
DA:56,0
DA:67,0
DA:68,0
DA:69,0
DA:71,0
DA:72,0
DA:81,0
DA:83,0
DA:85,0
DA:87,0
DA:92,0
DA:101,0
DA:102,0
LF:39
LH:0
BRDA:15,0,0,0
BRDA:15,0,1,0
BRDA:26,1,0,0
BRDA:26,1,1,0
BRDA:27,2,0,0
BRDA:27,2,1,0
BRDA:28,3,0,0
BRDA:28,3,1,0
BRDA:29,4,0,0
BRDA:29,4,1,0
BRDA:30,5,0,0
BRDA:30,5,1,0
BRDA:31,6,0,0
BRDA:31,6,1,0
BRDA:37,7,0,0
BRDA:37,7,1,0
BRDA:71,8,0,0
BRDA:71,8,1,0
BRDA:83,9,0,0
BRDA:83,9,1,0
BRF:20
BRH:0
end_of_record
TN:
SF:app/api/categories/route.js
FN:5,GET
FNF:1
FNH:0
FNDA:0,GET
DA:1,1
DA:2,1
DA:5,0
DA:6,0
DA:7,0
DA:12,0
LF:6
LH:2
BRF:0
BRH:0
end_of_record
TN:
SF:app/api/contact/route.js
FN:5,POST
FN:42,GET
FNF:2
FNH:0
FNDA:0,POST
FNDA:0,GET
DA:1,0
DA:2,0
DA:5,0
DA:6,0
DA:7,0
DA:8,0
DA:10,0
DA:19,0
DA:20,0
DA:21,0
DA:24,0
DA:27,0
DA:33,0
DA:34,0
DA:42,0
DA:43,0
DA:44,0
DA:45,0
DA:46,0
DA:48,0
DA:50,0
DA:55,0
DA:56,0
LF:23
LH:0
BRF:0
BRH:0
end_of_record
TN:
SF:app/api/services/route.js
FN:6,GET
FN:24,(anonymous_5)
FN:74,POST
FN:107,PUT
FNF:4
FNH:0
FNDA:0,GET
FNDA:0,(anonymous_5)
FNDA:0,POST
FNDA:0,PUT
DA:1,0
DA:2,0
DA:3,0
DA:6,0
DA:7,0
DA:8,0
DA:9,0
DA:10,0
DA:14,0
DA:15,0
DA:16,0
DA:17,0
DA:19,0
DA:22,0
DA:24,0
DA:26,0
DA:40,0
DA:47,0
DA:53,0
DA:62,0
DA:63,0
DA:74,0
DA:75,0
DA:76,0
DA:78,0
DA:80,0
DA:81,0
DA:86,0
DA:95,0
DA:96,0
DA:107,0
DA:108,0
DA:109,0
DA:110,0
DA:112,0
DA:113,0
DA:122,0
DA:124,0
DA:126,0
DA:128,0
DA:133,0
DA:142,0
DA:143,0
LF:43
LH:0
BRDA:14,0,0,0
BRDA:14,0,1,0
BRDA:16,1,0,0
BRDA:16,1,1,0
BRDA:22,2,0,0
BRDA:22,2,1,0
BRDA:42,3,0,0
BRDA:42,3,1,0
BRDA:43,4,0,0
BRDA:43,4,1,0
BRDA:80,5,0,0
BRDA:80,5,1,0
BRDA:112,6,0,0
BRDA:112,6,1,0
BRDA:124,7,0,0
BRDA:124,7,1,0
BRDA:126,8,0,0
BRDA:126,8,1,0
BRF:18
BRH:0
end_of_record
TN:
SF:app/api/services/[slug]/route.js
FN:9,GET
FN:25,(anonymous_8)
FN:79,PUT
FN:89,(anonymous_10)
FN:89,(anonymous_11)
FN:111,(anonymous_12)
FN:190,DELETE
FN:201,(anonymous_14)
FNF:8
FNH:0
FNDA:0,GET
FNDA:0,(anonymous_8)
FNDA:0,PUT
FNDA:0,(anonymous_10)
FNDA:0,(anonymous_11)
FNDA:0,(anonymous_12)
FNDA:0,DELETE
FNDA:0,(anonymous_14)
DA:3,0
DA:4,0
DA:5,0
DA:6,0
DA:9,0
DA:10,0
DA:11,0
DA:12,0
DA:14,0
DA:16,0
DA:18,0
DA:19,0
DA:23,0
DA:24,0
DA:25,0
DA:29,0
DA:31,0
DA:32,0
DA:42,0
DA:56,0
DA:62,0
DA:67,0
DA:68,0
DA:79,0
DA:80,0
DA:81,0
DA:82,0
DA:84,0
DA:85,0
DA:88,0
DA:89,0
DA:90,0
DA:91,0
DA:93,0
DA:94,0
DA:104,0
DA:105,0
DA:106,0
DA:109,0
DA:110,0
DA:111,0
DA:112,0
DA:113,0
DA:115,0
DA:124,0
DA:134,0
DA:135,0
DA:136,0
DA:139,0
DA:140,0
DA:141,0
DA:150,0
DA:151,0
DA:153,0
DA:155,0
DA:156,0
DA:161,0
DA:164,0
DA:169,0
DA:178,0
DA:179,0
DA:190,0
DA:191,0
DA:192,0
DA:194,0
DA:196,0
DA:197,0
DA:199,0
DA:200,0
DA:201,0
DA:202,0
DA:203,0
DA:205,0
DA:214,0
DA:224,0
DA:226,0
DA:228,0
DA:229,0
DA:233,0
DA:236,0
DA:241,0
DA:250,0
DA:251,0
LF:83
LH:0
BRDA:16,0,0,0
BRDA:16,0,1,0
BRDA:19,1,0,0
BRDA:19,1,1,0
BRDA:24,2,0,0
BRDA:24,2,1,0
BRDA:29,3,0,0
BRDA:29,3,1,0
BRDA:31,4,0,0
BRDA:31,4,1,0
BRDA:58,5,0,0
BRDA:58,5,1,0
BRDA:59,6,0,0
BRDA:59,6,1,0
BRDA:105,7,0,0
BRDA:105,7,1,0
BRDA:110,8,0,0
BRDA:110,8,1,0
BRDA:112,9,0,0
BRDA:112,9,1,0
BRDA:139,10,0,0
BRDA:139,10,1,0
BRDA:153,11,0,0
BRDA:153,11,1,0
BRDA:197,12,0,0
BRDA:197,12,1,0
BRDA:200,13,0,0
BRDA:200,13,1,0
BRDA:202,14,0,0
BRDA:202,14,1,0
BRDA:226,15,0,0
BRDA:226,15,1,0
BRF:32
BRH:0
end_of_record
TN:
SF:app/api/talepler/route.js
FN:6,(anonymous_4)
FN:25,(anonymous_5)
FN:52,GET
FN:89,POST
FNF:4
FNH:0
FNDA:0,(anonymous_4)
FNDA:0,(anonymous_5)
FNDA:0,GET
FNDA:0,POST
DA:1,0
DA:2,0
DA:3,0
DA:6,0
DA:7,0
DA:8,0
DA:9,0
DA:10,0
DA:11,0
DA:16,0
DA:17,0
DA:25,0
DA:26,0
DA:27,0
DA:28,0
DA:40,0
DA:41,0
DA:44,0
DA:46,0
DA:47,0
DA:52,0
DA:53,0
DA:54,0
DA:55,0
DA:57,0
DA:58,0
DA:60,0
DA:61,0
DA:63,0
DA:64,0
DA:66,0
DA:67,0
DA:69,0
DA:76,0
DA:77,0
DA:89,0
DA:90,0
DA:91,0
DA:92,0
DA:93,0
DA:95,0
DA:109,0
DA:125,0
DA:126,0
DA:127,0
DA:130,0
DA:133,0
DA:134,0
DA:136,0
DA:141,0
DA:147,0
DA:148,0
LF:52
LH:0
BRDA:11,0,0,0
BRDA:11,0,1,0
BRDA:12,1,0,0
BRDA:12,1,1,0
BRDA:13,2,0,0
BRDA:13,2,1,0
BRDA:18,3,0,0
BRDA:18,3,1,0
BRDA:19,4,0,0
BRDA:19,4,1,0
BRDA:40,5,0,0
BRDA:40,5,1,0
BRDA:81,6,0,0
BRDA:81,6,1,0
BRDA:101,7,0,0
BRDA:101,7,1,0
BRDA:103,8,0,0
BRDA:103,8,1,0
BRDA:120,9,0,0
BRDA:120,9,1,0
BRF:20
BRH:0
end_of_record
TN:
SF:app/api/talepler/[id]/route.js
FN:6,GET
FN:38,PUT
FN:112,DELETE
FNF:3
FNH:0
FNDA:0,GET
FNDA:0,PUT
FNDA:0,DELETE
DA:1,0
DA:2,0
DA:3,0
DA:6,0
DA:7,0
DA:8,0
DA:9,0
DA:10,0
DA:12,0
DA:14,0
DA:15,0
DA:21,0
DA:23,0
DA:24,0
DA:27,0
DA:29,0
DA:30,0
DA:38,0
DA:39,0
DA:40,0
DA:41,0
DA:43,0
DA:44,0
DA:45,0
DA:47,0
DA:48,0
DA:49,0
DA:55,0
DA:56,0
DA:57,0
DA:59,0
DA:60,0
DA:62,0
DA:63,0
DA:64,0
DA:70,0
DA:75,0
DA:76,0
DA:79,0
DA:80,0
DA:82,0
DA:87,0
DA:89,0
DA:90,0
DA:91,0
DA:97,0
DA:98,0
DA:103,0
DA:104,0
DA:112,0
DA:113,0
DA:114,0
DA:115,0
DA:116,0
DA:118,0
DA:120,0
DA:121,0
DA:127,0
DA:129,0
DA:130,0
DA:136,0
DA:141,0
DA:142,0
LF:63
LH:0
BRDA:14,0,0,0
BRDA:14,0,1,0
BRDA:23,1,0,0
BRDA:23,1,1,0
BRDA:47,2,0,0
BRDA:47,2,1,0
BRDA:62,3,0,0
BRDA:62,3,1,0
BRDA:75,4,0,0
BRDA:75,4,1,0
BRDA:89,5,0,0
BRDA:89,5,1,0
BRDA:120,6,0,0
BRDA:120,6,1,0
BRDA:129,7,0,0
BRDA:129,7,1,0
BRF:16
BRH:0
end_of_record
TN:
SF:app/api/telegram-config/route.js
FN:5,GET
FN:56,PUT
FN:88,(anonymous_6)
FNF:3
FNH:0
FNDA:0,GET
FNDA:0,PUT
FNDA:0,(anonymous_6)
DA:1,1
DA:2,1
DA:5,0
DA:6,0
DA:8,0
DA:9,0
DA:10,0
DA:12,0
DA:14,0
DA:16,0
DA:22,0
DA:26,0
DA:32,0
DA:34,0
DA:37,0
DA:44,0
DA:56,0
DA:57,0
DA:58,0
DA:59,0
DA:61,0
DA:62,0
DA:69,0
DA:70,0
DA:71,0
DA:74,0
DA:75,0
DA:76,0
DA:87,0
DA:88,0
DA:89,0
DA:95,0
DA:96,0
DA:104,0
DA:116,0
DA:121,0
DA:124,0
DA:125,0
DA:131,0
LF:39
LH:2
BRDA:14,0,0,0
BRDA:14,0,1,0
BRDA:17,1,0,0
BRDA:17,1,1,0
BRDA:18,2,0,0
BRDA:18,2,1,0
BRDA:28,3,0,0
BRDA:28,3,1,0
BRDA:38,4,0,0
BRDA:38,4,1,0
BRDA:39,5,0,0
BRDA:39,5,1,0
BRDA:48,6,0,0
BRDA:48,6,1,0
BRDA:61,7,0,0
BRDA:61,7,1,0
BRDA:61,8,0,0
BRDA:61,8,1,0
BRDA:74,9,0,0
BRDA:74,9,1,0
BRDA:87,10,0,0
BRDA:87,10,1,0
BRDA:90,11,0,0
BRDA:90,11,1,0
BRDA:118,12,0,0
BRDA:118,12,1,0
BRDA:124,13,0,0
BRDA:124,13,1,0
BRF:28
BRH:0
end_of_record
TN:
SF:app/api/testimonial/route.js
FN:4,GET
FN:43,POST
FNF:2
FNH:0
FNDA:0,GET
FNDA:0,POST
DA:1,1
DA:2,1
DA:4,0
DA:5,0
DA:6,0
DA:7,0
DA:8,0
DA:11,0
DA:13,0
DA:14,0
DA:15,0
DA:18,0
DA:21,0
DA:24,0
DA:32,0
DA:33,0
DA:43,0
DA:44,0
DA:46,0
DA:47,0
DA:49,0
DA:50,0
DA:52,0
DA:54,0
DA:56,0
DA:64,0
DA:65,0
LF:27
LH:2
BRDA:11,0,0,0
BRDA:11,0,1,0
BRDA:14,1,0,0
BRDA:14,1,1,0
BRF:4
BRH:0
end_of_record
TN:
SF:app/api/testimonial/[id]/route.js
FN:5,GET
FN:44,PUT
FN:86,DELETE
FNF:3
FNH:0
FNDA:0,GET
FNDA:0,PUT
FNDA:0,DELETE
DA:1,0
DA:2,0
DA:3,0
DA:5,0
DA:6,0
DA:8,0
DA:9,0
DA:10,0
DA:12,0
DA:13,0
DA:14,0
DA:23,0
DA:25,0
DA:33,0
DA:34,0
DA:44,0
DA:45,0
DA:47,0
DA:48,0
DA:49,0
DA:50,0
DA:52,0
DA:54,0
DA:55,0
DA:56,0
DA:65,0
DA:67,0
DA:75,0
DA:76,0
DA:86,0
DA:87,0
DA:89,0
DA:90,0
DA:91,0
DA:93,0
DA:94,0
DA:95,0
DA:104,0
DA:106,0
DA:114,0
DA:115,0
LF:41
LH:0
BRDA:12,0,0,0
BRDA:12,0,1,0
BRDA:54,1,0,0
BRDA:54,1,1,0
BRDA:93,2,0,0
BRDA:93,2,1,0
BRF:6
BRH:0
end_of_record
TN:
SF:app/api/upload/route.js
FN:9,POST
FN:74,(anonymous_5)
FN:76,(anonymous_6)
FNF:3
FNH:0
FNDA:0,POST
FNDA:0,(anonymous_5)
FNDA:0,(anonymous_6)
DA:2,0
DA:3,0
DA:4,0
DA:6,0
DA:7,0
DA:9,0
DA:10,0
DA:12,0
DA:13,0
DA:14,0
DA:20,0
DA:21,0
DA:22,0
DA:23,0
DA:25,0
DA:33,0
DA:34,0
DA:37,0
DA:38,0
DA:41,0
DA:42,0
DA:45,0
DA:47,0
DA:48,0
DA:50,0
DA:51,0
DA:53,0
DA:55,0
DA:58,0
DA:61,0
DA:62,0
DA:63,0
DA:64,0
DA:67,0
DA:74,0
DA:75,0
DA:76,0
DA:78,0
DA:79,0
DA:83,0
DA:84,0
DA:86,0
DA:87,0
DA:91,0
DA:93,0
DA:98,0
DA:106,0
DA:107,0
DA:115,0
DA:116,0
DA:118,0
DA:119,0
DA:120,0
DA:121,0
DA:122,0
DA:123,0
DA:124,0
DA:125,0
DA:126,0
DA:129,0
LF:60
LH:0
BRDA:12,0,0,0
BRDA:12,0,1,0
BRDA:22,1,0,0
BRDA:22,1,1,0
BRDA:33,2,0,0
BRDA:33,2,1,0
BRDA:37,3,0,0
BRDA:37,3,1,0
BRDA:45,4,0,0
BRDA:45,4,1,0
BRDA:48,5,0,0
BRDA:48,5,1,0
BRDA:53,6,0,0
BRDA:53,6,1,0
BRDA:118,7,0,0
BRDA:118,7,1,0
BRDA:118,8,0,0
BRDA:118,8,1,0
BRDA:121,9,0,0
BRDA:121,9,1,0
BRDA:124,10,0,0
BRDA:124,10,1,0
BRDA:133,11,0,0
BRDA:133,11,1,0
BRF:24
BRH:0
end_of_record
TN:
SF:app/blog/BlogClientPage.jsx
FN:68,(anonymous_4)
FN:79,(anonymous_5)
FN:97,(anonymous_6)
FN:114,(anonymous_7)
FN:119,(anonymous_8)
FN:125,(anonymous_9)
FN:126,(anonymous_10)
FN:176,(anonymous_11)
FN:183,(anonymous_12)
FN:186,(anonymous_13)
FN:208,(anonymous_14)
FN:272,(anonymous_15)
FN:287,(anonymous_16)
FNF:13
FNH:0
FNDA:0,(anonymous_4)
FNDA:0,(anonymous_5)
FNDA:0,(anonymous_6)
FNDA:0,(anonymous_7)
FNDA:0,(anonymous_8)
FNDA:0,(anonymous_9)
FNDA:0,(anonymous_10)
FNDA:0,(anonymous_11)
FNDA:0,(anonymous_12)
FNDA:0,(anonymous_13)
FNDA:0,(anonymous_14)
FNDA:0,(anonymous_15)
FNDA:0,(anonymous_16)
DA:3,0
DA:4,0
DA:5,0
DA:6,0
DA:7,0
DA:8,0
DA:11,0
DA:68,0
DA:69,0
DA:70,0
DA:73,0
DA:79,0
DA:81,0
DA:97,0
DA:113,0
DA:115,0
DA:117,0
DA:119,0
DA:120,0
DA:125,0
DA:126,0
DA:176,0
DA:184,0
DA:186,0
DA:209,0
DA:273,0
DA:287,0
DA:329,0
LF:28
LH:0
BRDA:79,0,0,0
BRDA:79,0,1,0
BRDA:96,1,0,0
BRDA:96,1,1,0
BRDA:99,2,0,0
BRDA:99,2,1,0
BRDA:100,3,0,0
BRDA:100,3,1,0
BRDA:101,4,0,0
BRDA:101,4,1,0
BRDA:104,5,0,0
BRDA:104,5,1,0
BRDA:106,6,0,0
BRDA:106,6,1,0
BRDA:107,7,0,0
BRDA:107,7,1,0
BRDA:113,8,0,0
BRDA:113,8,1,0
BRDA:115,9,0,0
BRDA:115,9,1,0
BRDA:117,10,0,0
BRDA:117,10,1,0
BRDA:117,10,2,0
BRDA:117,10,3,0
BRDA:117,10,4,0
BRDA:117,10,5,0
BRDA:120,11,0,0
BRDA:120,11,1,0
BRDA:125,12,0,0
BRDA:125,12,1,0
BRDA:188,13,0,0
BRDA:188,13,1,0
BRDA:200,14,0,0
BRDA:200,14,1,0
BRDA:217,15,0,0
BRDA:217,15,1,0
BRDA:218,16,0,0
BRDA:218,16,1,0
BRDA:229,17,0,0
BRDA:229,17,1,0
BRDA:231,18,0,0
BRDA:231,18,1,0
BRDA:233,19,0,0
BRDA:233,19,1,0
BRDA:235,20,0,0
BRDA:235,20,1,0
BRDA:236,21,0,0
BRDA:236,21,1,0
BRDA:240,22,0,0
BRDA:240,22,1,0
BRDA:241,23,0,0
BRDA:241,23,1,0
BRDA:244,24,0,0
BRDA:244,24,1,0
BRDA:247,25,0,0
BRDA:247,25,1,0
BRDA:262,26,0,0
BRDA:262,26,1,0
BRDA:265,27,0,0
BRDA:267,28,0,0
BRDA:267,28,1,0
BRDA:272,29,0,0
BRDA:272,29,1,0
BRDA:281,30,0,0
BRDA:281,30,1,0
BRDA:282,31,0,0
BRDA:282,31,1,0
BRDA:287,32,0,0
BRDA:287,32,1,0
BRDA:293,33,0,0
BRDA:293,33,1,0
BRDA:295,34,0,0
BRDA:295,34,1,0
BRDA:298,35,0,0
BRDA:298,35,1,0
BRDA:300,36,0,0
BRDA:300,36,1,0
BRDA:304,37,0,0
BRDA:304,37,1,0
BRDA:305,38,0,0
BRDA:305,38,1,0
BRDA:308,39,0,0
BRDA:308,39,1,0
BRDA:311,40,0,0
BRDA:311,40,1,0
BRF:85
BRH:0
end_of_record
TN:
SF:app/blog/loading.jsx
FN:6,(anonymous_1)
FN:32,(anonymous_2)
FN:48,(anonymous_3)
FN:85,(anonymous_4)
FNF:4
FNH:0
FNDA:0,(anonymous_1)
FNDA:0,(anonymous_2)
FNDA:0,(anonymous_3)
FNDA:0,(anonymous_4)
DA:3,0
DA:4,0
DA:6,0
DA:33,0
DA:49,0
DA:86,0
DA:133,0
LF:7
LH:0
BRDA:51,0,0,0
BRDA:51,0,1,0
BRF:2
BRH:0
end_of_record
TN:
SF:app/blog/page.jsx
FN:74,(anonymous_2)
FN:94,(anonymous_3)
FN:142,(anonymous_4)
FN:143,(anonymous_5)
FN:167,(anonymous_6)
FN:169,(anonymous_7)
FN:201,(anonymous_8)
FN:204,(anonymous_9)
FN:267,(anonymous_10)
FN:273,(anonymous_11)
FNF:10
FNH:0
FNDA:0,(anonymous_2)
FNDA:0,(anonymous_3)
FNDA:0,(anonymous_4)
FNDA:0,(anonymous_5)
FNDA:0,(anonymous_6)
FNDA:0,(anonymous_7)
FNDA:0,(anonymous_8)
FNDA:0,(anonymous_9)
FNDA:0,(anonymous_10)
FNDA:0,(anonymous_11)
DA:2,0
DA:3,0
DA:4,0
DA:5,0
DA:6,0
DA:8,0
DA:9,0
DA:10,0
DA:13,0
DA:72,0
DA:74,0
DA:75,0
DA:76,0
DA:77,0
DA:80,0
DA:86,0
DA:94,0
DA:118,0
DA:142,0
DA:143,0
DA:144,0
DA:145,0
DA:146,0
DA:149,0
DA:150,0
DA:151,0
DA:153,0
DA:156,0
DA:157,0
DA:159,0
DA:162,0
DA:167,0
DA:169,0
DA:202,0
DA:204,0
DA:267,0
DA:275,0
DA:276,0
DA:401,0
LF:39
LH:0
BRDA:111,0,0,0
BRDA:111,0,1,0
BRDA:150,1,0,0
BRDA:150,1,1,0
BRDA:151,2,0,0
BRDA:151,2,1,0
BRDA:167,3,0,0
BRDA:167,3,1,0
BRDA:169,4,0,0
BRDA:169,4,1,0
BRDA:185,5,0,0
BRDA:185,5,1,0
BRDA:188,6,0,0
BRDA:188,6,1,0
BRDA:206,7,0,0
BRDA:206,7,1,0
BRDA:220,8,0,0
BRDA:230,9,0,0
BRDA:230,9,1,0
BRDA:266,10,0,0
BRDA:266,10,1,0
BRDA:268,11,0,0
BRDA:268,11,1,0
BRDA:275,12,0,0
BRDA:275,12,1,0
BRDA:291,13,0,0
BRDA:291,13,1,0
BRDA:314,14,0,0
BRDA:317,15,0,0
BRF:29
BRH:0
end_of_record
TN:
SF:app/blog/[slug]/BlogDetail.jsx
FN:12,(anonymous_2)
FN:20,(anonymous_3)
FN:22,(anonymous_4)
FN:24,(anonymous_5)
FN:28,(anonymous_6)
FN:32,(anonymous_7)
FN:34,(anonymous_8)
FN:36,(anonymous_9)
FN:42,(anonymous_10)
FN:53,(anonymous_11)
FN:61,(anonymous_12)
FN:131,(anonymous_13)
FN:142,(anonymous_14)
FN:199,(anonymous_16)
FN:211,(anonymous_17)
FN:418,(anonymous_28)
FN:693,(anonymous_29)
FN:782,(anonymous_30)
FN:822,(anonymous_31)
FN:825,(anonymous_32)
FN:876,(anonymous_33)
FN:895,(anonymous_34)
FN:952,(anonymous_35)
FN:1090,(anonymous_36)
FN:1101,(anonymous_37)
FNF:25
FNH:0
FNDA:0,(anonymous_2)
FNDA:0,(anonymous_3)
FNDA:0,(anonymous_4)
FNDA:0,(anonymous_5)
FNDA:0,(anonymous_6)
FNDA:0,(anonymous_7)
FNDA:0,(anonymous_8)
FNDA:0,(anonymous_9)
FNDA:0,(anonymous_10)
FNDA:0,(anonymous_11)
FNDA:0,(anonymous_12)
FNDA:0,(anonymous_13)
FNDA:0,(anonymous_14)
FNDA:0,(anonymous_16)
FNDA:0,(anonymous_17)
FNDA:0,(anonymous_28)
FNDA:0,(anonymous_29)
FNDA:0,(anonymous_30)
FNDA:0,(anonymous_31)
FNDA:0,(anonymous_32)
FNDA:0,(anonymous_33)
FNDA:0,(anonymous_34)
FNDA:0,(anonymous_35)
FNDA:0,(anonymous_36)
FNDA:0,(anonymous_37)
DA:5,0
DA:6,0
DA:7,0
DA:8,0
DA:12,0
DA:20,0
DA:21,0
DA:22,0
DA:24,0
DA:25,0
DA:28,0
DA:29,0
DA:32,0
DA:33,0
DA:34,0
DA:36,0
DA:37,0
DA:43,0
DA:53,0
DA:54,0
DA:62,0
DA:131,0
DA:132,0
DA:143,0
DA:199,0
DA:200,0
DA:212,0
DA:239,0
DA:418,0
DA:420,0
DA:448,0
DA:473,0
DA:517,0
DA:694,0
DA:783,0
DA:823,0
DA:826,0
DA:877,0
DA:896,0
DA:953,0
DA:1091,0
DA:1102,0
DA:1135,0
LF:43
LH:0
BRDA:21,0,0,0
BRDA:21,0,1,0
BRDA:21,1,0,0
BRDA:21,1,1,0
BRDA:25,2,0,0
BRDA:25,2,1,0
BRDA:25,3,0,0
BRDA:25,3,1,0
BRDA:29,4,0,0
BRDA:29,4,1,0
BRDA:33,5,0,0
BRDA:33,5,1,0
BRDA:33,6,0,0
BRDA:33,6,1,0
BRDA:33,6,2,0
BRDA:37,7,0,0
BRDA:37,7,1,0
BRDA:37,8,0,0
BRDA:37,8,1,0
BRDA:43,9,0,0
BRDA:43,9,1,0
BRDA:54,10,0,0
BRDA:54,10,1,0
BRDA:54,11,0,0
BRDA:54,11,1,0
BRDA:132,12,0,0
BRDA:132,12,1,0
BRDA:132,13,0,0
BRDA:132,13,1,0
BRDA:149,14,0,0
BRDA:200,15,0,0
BRDA:200,15,1,0
BRDA:517,16,0,0
BRDA:517,16,1,0
BRDA:564,17,0,0
BRDA:564,17,1,0
BRDA:632,18,0,0
BRDA:636,19,0,0
BRF:38
BRH:0
end_of_record
TN:
SF:app/blog/[slug]/page.jsx
FN:19,generateMetadata
FN:37,(anonymous_6)
FN:86,(anonymous_7)
FN:106,(anonymous_8)
FNF:4
FNH:0
FNDA:0,generateMetadata
FNDA:0,(anonymous_6)
FNDA:0,(anonymous_7)
FNDA:0,(anonymous_8)
DA:2,0
DA:4,0
DA:5,0
DA:7,0
DA:19,0
DA:20,0
DA:21,0
DA:22,0
DA:23,0
DA:24,0
DA:25,0
DA:27,0
DA:30,0
DA:31,0
DA:37,0
DA:38,0
DA:40,0
DA:86,0
DA:87,0
DA:88,0
DA:89,0
DA:90,0
DA:91,0
DA:92,0
DA:93,0
DA:94,0
DA:96,0
DA:97,0
DA:101,0
DA:102,0
DA:106,0
DA:111,0
DA:112,0
DA:115,0
DA:138,0
LF:35
LH:0
BRDA:16,0,0,0
BRDA:22,1,0,0
BRDA:22,1,1,0
BRDA:25,2,0,0
BRDA:25,2,1,0
BRDA:30,3,0,0
BRDA:30,3,1,0
BRDA:37,4,0,0
BRDA:37,4,1,0
BRDA:42,5,0,0
BRDA:42,5,1,0
BRDA:46,6,0,0
BRDA:46,6,1,0
BRDA:53,7,0,0
BRDA:53,7,1,0
BRDA:66,8,0,0
BRDA:66,8,1,0
BRDA:67,9,0,0
BRDA:67,9,1,0
BRDA:90,10,0,0
BRDA:90,10,1,0
BRDA:93,11,0,0
BRDA:93,11,1,0
BRDA:101,12,0,0
BRDA:101,12,1,0
BRDA:102,13,0,0
BRDA:102,13,1,0
BRDA:111,14,0,0
BRDA:111,14,1,0
BRDA:115,15,0,0
BRDA:115,15,1,0
BRDA:131,16,0,0
BRDA:132,17,0,0
BRF:33
BRH:0
end_of_record
TN:
SF:app/hakkimizda/AboutClient.jsx
FN:6,(anonymous_2)
FNF:1
FNH:0
FNDA:0,(anonymous_2)
DA:2,0
DA:3,0
DA:4,0
DA:6,0
DA:128,0
LF:5
LH:0
BRF:0
BRH:0
end_of_record
TN:
SF:app/hakkimizda/page.jsx
FN:42,AboutPage
FNF:1
FNH:0
FNDA:0,AboutPage
DA:1,0
DA:3,0
DA:42,0
DA:43,0
LF:4
LH:0
BRF:0
BRH:0
end_of_record
TN:
SF:app/hizmetler/page.jsx
FN:73,(anonymous_2)
FN:92,(anonymous_3)
FN:109,(anonymous_4)
FN:110,(anonymous_5)
FN:130,(anonymous_6)
FN:132,(anonymous_7)
FN:164,(anonymous_8)
FN:167,(anonymous_9)
FN:195,(anonymous_10)
FN:196,(anonymous_11)
FNF:10
FNH:0
FNDA:0,(anonymous_2)
FNDA:0,(anonymous_3)
FNDA:0,(anonymous_4)
FNDA:0,(anonymous_5)
FNDA:0,(anonymous_6)
FNDA:0,(anonymous_7)
FNDA:0,(anonymous_8)
FNDA:0,(anonymous_9)
FNDA:0,(anonymous_10)
FNDA:0,(anonymous_11)
DA:2,0
DA:3,0
DA:4,0
DA:6,0
DA:7,0
DA:8,0
DA:9,0
DA:10,0
DA:11,0
DA:13,0
DA:15,0
DA:73,0
DA:74,0
DA:75,0
DA:76,0
DA:77,0
DA:79,0
DA:84,0
DA:92,0
DA:109,0
DA:110,0
DA:111,0
DA:112,0
DA:113,0
DA:114,0
DA:115,0
DA:116,0
DA:117,0
DA:120,0
DA:121,0
DA:123,0
DA:126,0
DA:130,0
DA:132,0
DA:165,0
DA:167,0
DA:195,0
DA:197,0
DA:386,0
LF:39
LH:0
BRDA:115,0,0,0
BRDA:115,0,1,0
BRDA:116,1,0,0
BRDA:116,1,1,0
BRDA:117,2,0,0
BRDA:117,2,1,0
BRDA:130,3,0,0
BRDA:130,3,1,0
BRDA:132,4,0,0
BRDA:132,4,1,0
BRDA:147,5,0,0
BRDA:147,5,1,0
BRDA:150,6,0,0
BRDA:150,6,1,0
BRDA:169,7,0,0
BRDA:169,7,1,0
BRDA:183,8,0,0
BRDA:194,9,0,0
BRDA:194,9,1,0
BRDA:211,10,0,0
BRDA:211,10,1,0
BRDA:234,11,0,0
BRDA:235,12,0,0
BRDA:237,13,0,0
BRDA:237,13,1,0
BRF:25
BRH:0
end_of_record
TN:
SF:app/hizmetler/[slug]/page.js
FN:124,(anonymous_4)
FN:144,(anonymous_5)
FN:167,(anonymous_6)
FN:258,(anonymous_9)
FN:258,(anonymous_10)
FN:288,(anonymous_12)
FN:334,(anonymous_14)
FN:350,(anonymous_15)
FN:357,(anonymous_16)
FN:358,(anonymous_17)
FN:452,(anonymous_18)
FN:469,(anonymous_19)
FN:473,(anonymous_20)
FN:479,(anonymous_21)
FN:529,(anonymous_22)
FN:639,(anonymous_23)
FN:673,(anonymous_24)
FN:698,(anonymous_25)
FN:716,(anonymous_26)
FN:761,(anonymous_27)
FN:846,(anonymous_28)
FN:857,(anonymous_29)
FN:858,(anonymous_30)
FN:907,(anonymous_31)
FN:934,(anonymous_32)
FN:954,(anonymous_33)
FNF:26
FNH:0
FNDA:0,(anonymous_4)
FNDA:0,(anonymous_5)
FNDA:0,(anonymous_6)
FNDA:0,(anonymous_9)
FNDA:0,(anonymous_10)
FNDA:0,(anonymous_12)
FNDA:0,(anonymous_14)
FNDA:0,(anonymous_15)
FNDA:0,(anonymous_16)
FNDA:0,(anonymous_17)
FNDA:0,(anonymous_18)
FNDA:0,(anonymous_19)
FNDA:0,(anonymous_20)
FNDA:0,(anonymous_21)
FNDA:0,(anonymous_22)
FNDA:0,(anonymous_23)
FNDA:0,(anonymous_24)
FNDA:0,(anonymous_25)
FNDA:0,(anonymous_26)
FNDA:0,(anonymous_27)
FNDA:0,(anonymous_28)
FNDA:0,(anonymous_29)
FNDA:0,(anonymous_30)
FNDA:0,(anonymous_31)
FNDA:0,(anonymous_32)
FNDA:0,(anonymous_33)
DA:2,0
DA:3,0
DA:4,0
DA:5,0
DA:6,0
DA:11,0
DA:12,0
DA:13,0
DA:14,0
DA:15,0
DA:18,0
DA:125,0
DA:144,0
DA:145,0
DA:147,0
DA:168,0
DA:258,0
DA:259,0
DA:289,0
DA:335,0
DA:350,0
DA:351,0
DA:352,0
DA:353,0
DA:354,0
DA:355,0
DA:357,0
DA:358,0
DA:359,0
DA:360,0
DA:361,0
DA:364,0
DA:366,0
DA:367,0
DA:368,0
DA:370,0
DA:371,0
DA:374,0
DA:375,0
DA:376,0
DA:378,0
DA:379,0
DA:381,0
DA:384,0
DA:387,0
DA:388,0
DA:390,0
DA:391,0
DA:395,0
DA:398,0
DA:399,0
DA:402,0
DA:417,0
DA:438,0
DA:446,0
DA:448,0
DA:450,0
DA:452,0
DA:468,0
DA:469,0
DA:473,0
DA:474,0
DA:475,0
DA:476,0
DA:479,0
DA:480,0
DA:481,0
DA:530,0
DA:640,0
DA:674,0
DA:699,0
DA:717,0
DA:762,0
DA:846,0
DA:857,0
DA:859,0
DA:908,0
DA:935,0
DA:955,0
DA:1212,0
LF:80
LH:0
BRDA:99,0,0,0
BRDA:145,1,0,0
BRDA:145,1,1,0
BRDA:147,2,0,0
BRDA:147,2,1,0
BRDA:257,3,0,0
BRDA:257,3,1,0
BRDA:359,4,0,0
BRDA:359,4,1,0
BRDA:370,5,0,0
BRDA:370,5,1,0
BRDA:374,6,0,0
BRDA:374,6,1,0
BRDA:378,7,0,0
BRDA:378,7,1,0
BRDA:398,8,0,0
BRDA:398,8,1,0
BRDA:402,9,0,0
BRDA:402,9,1,0
BRDA:448,10,0,0
BRDA:448,10,1,0
BRDA:451,11,0,0
BRDA:451,11,1,0
BRDA:468,12,0,0
BRDA:468,12,1,0
BRDA:469,13,0,0
BRDA:469,13,1,0
BRDA:474,14,0,0
BRDA:474,14,1,0
BRDA:475,15,0,0
BRDA:475,15,1,0
BRDA:475,16,0,0
BRDA:475,16,1,0
BRDA:480,17,0,0
BRDA:480,17,1,0
BRDA:480,18,0,0
BRDA:480,18,1,0
BRDA:490,19,0,0
BRDA:490,19,1,0
BRDA:492,20,0,0
BRDA:492,20,1,0
BRDA:499,21,0,0
BRDA:533,22,0,0
BRDA:533,22,1,0
BRDA:544,23,0,0
BRDA:544,23,1,0
BRDA:596,24,0,0
BRDA:596,24,1,0
BRDA:635,25,0,0
BRDA:635,25,1,0
BRDA:746,26,0,0
BRDA:746,26,1,0
BRDA:839,27,0,0
BRDA:844,28,0,0
BRDA:846,29,0,0
BRDA:846,30,0,0
BRDA:846,30,1,0
BRDA:857,31,0,0
BRDA:857,31,1,0
BRDA:868,32,0,0
BRDA:883,33,0,0
BRDA:911,34,0,0
BRDA:911,34,1,0
BRDA:911,35,0,0
BRDA:911,35,1,0
BRDA:860,36,0,0
BRDA:860,36,1,0
BRDA:952,37,0,0
BRDA:952,37,1,0
BRDA:958,38,0,0
BRDA:958,38,1,0
BRDA:958,39,0,0
BRDA:958,39,1,0
BRDA:968,40,0,0
BRDA:968,40,1,0
BRDA:936,41,0,0
BRDA:936,41,1,0
BRF:77
BRH:0
end_of_record
TN:
SF:app/iletisim/ContactClient.jsx
FN:7,(anonymous_2)
FN:164,(anonymous_3)
FNF:2
FNH:0
FNDA:0,(anonymous_2)
FNDA:0,(anonymous_3)
DA:2,0
DA:3,0
DA:4,0
DA:5,0
DA:7,0
DA:10,0
DA:165,0
DA:280,0
LF:8
LH:0
BRF:0
BRH:0
end_of_record
TN:
SF:app/iletisim/page.jsx
FN:43,ContactPage
FNF:1
FNH:0
FNDA:0,ContactPage
DA:1,0
DA:3,0
DA:43,0
DA:44,0
LF:4
LH:0
BRF:0
BRH:0
end_of_record
TN:
SF:app/kampanyalar/kalici-makyaj/page.jsx
FN:7,KaliciMakyaj
FNF:1
FNH:0
FNDA:0,KaliciMakyaj
DA:1,0
DA:7,0
LF:2
LH:0
BRF:0
BRH:0
end_of_record
TN:
SF:app/kampanyalar/kis-cilt-bakimi/page.jsx
FN:7,KisCiltBakimi
FNF:1
FNH:0
FNDA:0,KisCiltBakimi
DA:1,0
DA:7,0
LF:2
LH:0
BRF:0
BRH:0
end_of_record
TN:
SF:app/kampanyalar/lazer-epilasyon-kis/page.jsx
FN:7,LazerEpilasyonKis
FNF:1
FNH:0
FNDA:0,LazerEpilasyonKis
DA:1,0
DA:7,0
LF:2
LH:0
BRF:0
BRH:0
end_of_record
TN:
SF:app/konsultasyon/page.jsx
FN:7,Konsultasyon
FNF:1
FNH:0
FNDA:0,Konsultasyon
DA:1,0
DA:7,0
LF:2
LH:0
BRF:0
BRH:0
end_of_record
TN:
SF:app/rezervasyon/page.jsx
FN:37,(anonymous_5)
FN:111,(anonymous_6)
FN:112,(anonymous_7)
FN:120,(anonymous_8)
FN:149,(anonymous_9)
FN:150,(anonymous_10)
FN:158,(anonymous_11)
FN:177,(anonymous_12)
FN:181,(anonymous_13)
FN:214,(anonymous_14)
FN:220,(anonymous_15)
FN:251,(anonymous_16)
FN:262,(anonymous_17)
FN:268,(anonymous_18)
FN:274,(anonymous_19)
FN:289,(anonymous_20)
FN:311,(anonymous_21)
FN:318,(anonymous_22)
FN:329,(anonymous_23)
FN:330,(anonymous_24)
FN:344,(anonymous_25)
FN:353,(anonymous_26)
FN:358,(anonymous_27)
FN:417,(anonymous_28)
FN:461,(anonymous_29)
FN:473,(anonymous_30)
FN:485,(anonymous_31)
FN:507,(anonymous_32)
FN:520,(anonymous_33)
FN:534,(anonymous_34)
FN:547,(anonymous_35)
FN:587,(anonymous_36)
FN:589,(anonymous_37)
FN:597,(anonymous_38)
FN:659,(anonymous_39)
FN:660,(anonymous_40)
FN:668,(anonymous_41)
FN:674,(anonymous_42)
FN:719,(anonymous_43)
FN:742,(anonymous_44)
FN:748,(anonymous_45)
FN:754,(anonymous_46)
FN:782,(anonymous_47)
FN:794,(anonymous_48)
FN:811,(anonymous_49)
FN:825,(anonymous_50)
FN:836,(anonymous_51)
FN:905,(anonymous_52)
FN:985,(anonymous_53)
FN:1025,(anonymous_54)
FN:1033,(anonymous_55)
FN:1056,(anonymous_56)
FN:1146,(anonymous_57)
FNF:53
FNH:0
FNDA:0,(anonymous_5)
FNDA:0,(anonymous_6)
FNDA:0,(anonymous_7)
FNDA:0,(anonymous_8)
FNDA:0,(anonymous_9)
FNDA:0,(anonymous_10)
FNDA:0,(anonymous_11)
FNDA:0,(anonymous_12)
FNDA:0,(anonymous_13)
FNDA:0,(anonymous_14)
FNDA:0,(anonymous_15)
FNDA:0,(anonymous_16)
FNDA:0,(anonymous_17)
FNDA:0,(anonymous_18)
FNDA:0,(anonymous_19)
FNDA:0,(anonymous_20)
FNDA:0,(anonymous_21)
FNDA:0,(anonymous_22)
FNDA:0,(anonymous_23)
FNDA:0,(anonymous_24)
FNDA:0,(anonymous_25)
FNDA:0,(anonymous_26)
FNDA:0,(anonymous_27)
FNDA:0,(anonymous_28)
FNDA:0,(anonymous_29)
FNDA:0,(anonymous_30)
FNDA:0,(anonymous_31)
FNDA:0,(anonymous_32)
FNDA:0,(anonymous_33)
FNDA:0,(anonymous_34)
FNDA:0,(anonymous_35)
FNDA:0,(anonymous_36)
FNDA:0,(anonymous_37)
FNDA:0,(anonymous_38)
FNDA:0,(anonymous_39)
FNDA:0,(anonymous_40)
FNDA:0,(anonymous_41)
FNDA:0,(anonymous_42)
FNDA:0,(anonymous_43)
FNDA:0,(anonymous_44)
FNDA:0,(anonymous_45)
FNDA:0,(anonymous_46)
FNDA:0,(anonymous_47)
FNDA:0,(anonymous_48)
FNDA:0,(anonymous_49)
FNDA:0,(anonymous_50)
FNDA:0,(anonymous_51)
FNDA:0,(anonymous_52)
FNDA:0,(anonymous_53)
FNDA:0,(anonymous_54)
FNDA:0,(anonymous_55)
FNDA:0,(anonymous_56)
FNDA:0,(anonymous_57)
DA:3,0
DA:4,0
DA:32,0
DA:34,0
DA:37,0
DA:38,0
DA:39,0
DA:40,0
DA:41,0
DA:42,0
DA:43,0
DA:44,0
DA:45,0
DA:46,0
DA:47,0
DA:54,0
DA:62,0
DA:96,0
DA:111,0
DA:112,0
DA:113,0
DA:114,0
DA:115,0
DA:116,0
DA:118,0
DA:120,0
DA:132,0
DA:134,0
DA:135,0
DA:138,0
DA:139,0
DA:141,0
DA:145,0
DA:149,0
DA:150,0
DA:151,0
DA:152,0
DA:153,0
DA:154,0
DA:156,0
DA:158,0
DA:159,0
DA:161,0
DA:162,0
DA:164,0
DA:167,0
DA:169,0
DA:173,0
DA:176,0
DA:177,0
DA:181,0
DA:182,0
DA:183,0
DA:185,0
DA:186,0
DA:187,0
DA:190,0
DA:191,0
DA:202,0
DA:205,0
DA:208,0
DA:214,0
DA:215,0
DA:217,0
DA:218,0
DA:220,0
DA:221,0
DA:226,0
DA:228,0
DA:229,0
DA:230,0
DA:231,0
DA:232,0
DA:233,0
DA:235,0
DA:238,0
DA:242,0
DA:243,0
DA:245,0
DA:248,0
DA:251,0
DA:252,0
DA:253,0
DA:255,0
DA:256,0
DA:259,0
DA:262,0
DA:263,0
DA:264,0
DA:268,0
DA:269,0
DA:270,0
DA:274,0
DA:275,0
DA:277,0
DA:279,0
DA:281,0
DA:283,0
DA:285,0
DA:289,0
DA:290,0
DA:311,0
DA:319,0
DA:330,0
DA:331,0
DA:337,0
DA:344,0
DA:353,0
DA:354,0
DA:355,0
DA:358,0
DA:418,0
DA:461,0
DA:473,0
DA:485,0
DA:507,0
DA:520,0
DA:534,0
DA:547,0
DA:589,0
DA:590,0
DA:591,0
DA:592,0
DA:594,0
DA:597,0
DA:660,0
DA:661,0
DA:662,0
DA:663,0
DA:669,0
DA:671,0
DA:674,0
DA:719,0
DA:742,0
DA:748,0
DA:754,0
DA:782,0
DA:794,0
DA:811,0
DA:825,0
DA:836,0
DA:905,0
DA:986,0
DA:987,0
DA:989,0
DA:1006,0
DA:1014,0
DA:1016,0
DA:1017,0
DA:1020,0
DA:1021,0
DA:1022,0
DA:1024,0
DA:1025,0
DA:1026,0
DA:1028,0
DA:1029,0
DA:1032,0
DA:1033,0
DA:1034,0
DA:1041,0
DA:1047,0
DA:1048,0
DA:1049,0
DA:1050,0
DA:1051,0
DA:1052,0
DA:1053,0
DA:1056,0
DA:1057,0
DA:1061,0
DA:1062,0
DA:1069,0
DA:1070,0
DA:1071,0
DA:1072,0
DA:1073,0
DA:1080,0
DA:1089,0
DA:1094,0
DA:1097,0
DA:1098,0
DA:1116,0
DA:1147,0
DA:1148,0
DA:1149,0
DA:1151,0
DA:1255,0
LF:188
LH:0
BRDA:118,0,0,0
BRDA:118,0,1,0
BRDA:124,1,0,0
BRDA:124,1,1,0
BRDA:125,2,0,0
BRDA:125,2,1,0
BRDA:127,3,0,0
BRDA:127,3,1,0
BRDA:128,4,0,0
BRDA:128,4,1,0
BRDA:129,5,0,0
BRDA:129,5,1,0
BRDA:130,6,0,0
BRDA:130,6,1,0
BRDA:156,7,0,0
BRDA:156,7,1,0
BRDA:159,8,0,0
BRDA:159,8,1,0
BRDA:190,9,0,0
BRDA:190,9,1,0
BRDA:226,10,0,0
BRDA:226,10,1,0
BRDA:226,11,0,0
BRDA:226,11,1,0
BRDA:229,12,0,0
BRDA:229,12,1,0
BRDA:255,13,0,0
BRDA:255,13,1,0
BRDA:263,14,0,0
BRDA:263,14,1,0
BRDA:269,15,0,0
BRDA:269,15,1,0
BRDA:275,16,0,0
BRDA:275,16,1,0
BRDA:275,16,2,0
BRDA:275,16,3,0
BRDA:275,16,4,0
BRDA:281,17,0,0
BRDA:281,17,1,0
BRDA:281,17,2,0
BRDA:283,18,0,0
BRDA:283,18,1,0
BRDA:283,18,2,0
BRDA:290,19,0,0
BRDA:295,20,0,0
BRDA:316,21,0,0
BRDA:319,22,0,0
BRDA:319,22,1,0
BRDA:319,22,2,0
BRDA:331,23,0,0
BRDA:331,23,1,0
BRDA:331,23,2,0
BRDA:331,23,3,0
BRDA:337,24,0,0
BRDA:337,24,1,0
BRDA:337,25,0,0
BRDA:337,25,1,0
BRDA:360,26,0,0
BRDA:360,26,1,0
BRDA:376,27,0,0
BRDA:398,28,0,0
BRDA:398,28,1,0
BRDA:402,29,0,0
BRDA:409,30,0,0
BRDA:413,31,0,0
BRDA:413,31,1,0
BRDA:422,32,0,0
BRDA:463,33,0,0
BRDA:463,33,1,0
BRDA:475,34,0,0
BRDA:475,34,1,0
BRDA:487,35,0,0
BRDA:487,35,1,0
BRDA:499,36,0,0
BRDA:499,36,1,0
BRDA:599,37,0,0
BRDA:599,37,1,0
BRDA:601,38,0,0
BRDA:601,38,1,0
BRDA:603,39,0,0
BRDA:603,39,1,0
BRDA:617,40,0,0
BRDA:625,41,0,0
BRDA:632,42,0,0
BRDA:632,42,1,0
BRDA:639,43,0,0
BRDA:639,43,1,0
BRDA:651,44,0,0
BRDA:674,45,0,0
BRDA:674,45,1,0
BRDA:677,46,0,0
BRDA:677,46,1,0
BRDA:679,47,0,0
BRDA:679,47,1,0
BRDA:691,48,0,0
BRDA:698,49,0,0
BRDA:698,49,1,0
BRDA:711,50,0,0
BRDA:711,50,1,0
BRDA:727,51,0,0
BRDA:738,52,0,0
BRDA:876,53,0,0
BRDA:927,54,0,0
BRDA:930,55,0,0
BRDA:946,56,0,0
BRDA:946,56,1,0
BRDA:947,57,0,0
BRDA:947,57,1,0
BRDA:950,58,0,0
BRDA:950,58,1,0
BRDA:951,59,0,0
BRDA:951,59,1,0
BRDA:954,60,0,0
BRDA:957,61,0,0
BRDA:960,62,0,0
BRDA:991,63,0,0
BRDA:991,63,1,0
BRDA:997,64,0,0
BRDA:997,64,1,0
BRDA:997,65,0,0
BRDA:997,65,1,0
BRDA:998,66,0,0
BRDA:998,66,1,0
BRDA:999,67,0,0
BRDA:999,67,1,0
BRDA:1000,68,0,0
BRDA:1000,68,1,0
BRDA:1001,69,0,0
BRDA:1001,69,1,0
BRDA:1002,70,0,0
BRDA:1002,70,1,0
BRDA:1016,71,0,0
BRDA:1016,71,1,0
BRDA:1024,72,0,0
BRDA:1024,72,1,0
BRDA:1026,73,0,0
BRDA:1026,73,1,0
BRDA:1154,74,0,0
BRDA:1154,74,1,0
BRDA:1156,75,0,0
BRDA:1156,75,1,0
BRDA:1161,76,0,0
BRDA:1168,77,0,0
BRDA:1168,77,1,0
BRDA:1168,78,0,0
BRDA:1168,78,1,0
BRDA:1195,79,0,0
BRDA:1195,79,1,0
BRDA:1205,80,0,0
BRDA:1209,81,0,0
BRDA:1209,81,1,0
BRF:151
BRH:0
end_of_record
TN:
SF:app/sss/page.jsx
FN:7,SSS
FN:51,(anonymous_4)
FNF:2
FNH:0
FNDA:0,SSS
FNDA:0,(anonymous_4)
DA:1,0
DA:7,0
DA:8,0
DA:52,0
LF:4
LH:0
BRF:0
BRH:0
end_of_record
TN:
SF:app/sultanbeyli/bolgesel-incelme/page.jsx
FN:7,SultanbeyliBolgeselIncelme
FNF:1
FNH:0
FNDA:0,SultanbeyliBolgeselIncelme
DA:1,0
DA:7,0
LF:2
LH:0
BRF:0
BRH:0
end_of_record
TN:
SF:app/sultanbeyli/cilt-bakimi/page.jsx
FN:7,SultanbeyliCiltBakimi
FNF:1
FNH:0
FNDA:0,SultanbeyliCiltBakimi
DA:1,0
DA:7,0
LF:2
LH:0
BRF:0
BRH:0
end_of_record
TN:
SF:app/sultanbeyli/kalici-makyaj/page.jsx
FN:7,SultanbeyliKaliciMakyaj
FNF:1
FNH:0
FNDA:0,SultanbeyliKaliciMakyaj
DA:1,0
DA:7,0
LF:2
LH:0
BRF:0
BRH:0
end_of_record
TN:
SF:app/sultanbeyli/lazer-epilasyon/page.jsx
FN:7,SultanbeyliLazerEpilasyon
FNF:1
FNH:0
FNDA:0,SultanbeyliLazerEpilasyon
DA:1,0
DA:7,0
LF:2
LH:0
BRF:0
BRH:0
end_of_record
TN:
SF:app/sultanbeyli/tirnak-protez/page.jsx
FN:7,SultanbeyliTirnakProtez
FNF:1
FNH:0
FNDA:0,SultanbeyliTirnakProtez
DA:1,0
DA:7,0
LF:2
LH:0
BRF:0
BRH:0
end_of_record
TN:
SF:app/yorum-ekle/page.jsx
FN:7,YorumEkle
FN:71,(anonymous_4)
FNF:2
FNH:0
FNDA:0,YorumEkle
FNDA:0,(anonymous_4)
DA:1,0
DA:7,0
DA:72,0
LF:3
LH:0
BRF:0
BRH:0
end_of_record
TN:
SF:app/yorumlar/page.jsx
FN:7,Yorumlar
FN:79,(anonymous_4)
FN:83,(anonymous_5)
FNF:3
FNH:0
FNDA:0,Yorumlar
FNDA:0,(anonymous_4)
FNDA:0,(anonymous_5)
DA:1,0
DA:7,0
DA:8,0
DA:80,0
DA:84,0
LF:5
LH:0
BRF:0
BRH:0
end_of_record
TN:
SF:components/BlogSection.jsx
FN:9,(anonymous_2)
FN:48,(anonymous_3)
FN:53,(anonymous_4)
FN:142,(anonymous_5)
FN:143,(anonymous_6)
FNF:5
FNH:0
FNDA:0,(anonymous_2)
FNDA:0,(anonymous_3)
FNDA:0,(anonymous_4)
FNDA:0,(anonymous_5)
FNDA:0,(anonymous_6)
DA:3,0
DA:4,0
DA:5,0
DA:6,0
DA:7,0
DA:9,0
DA:10,0
DA:49,0
DA:55,0
DA:56,0
DA:142,0
DA:143,0
DA:144,0
DA:146,0
DA:147,0
DA:148,0
DA:154,0
DA:241,0
LF:18
LH:0
BRDA:9,0,0,0
BRDA:9,1,0,0
BRDA:9,2,0,0
BRDA:10,3,0,0
BRDA:10,3,1,0
BRDA:48,4,0,0
BRDA:53,5,0,0
BRDA:57,6,0,0
BRDA:57,6,1,0
BRDA:58,7,0,0
BRDA:57,8,0,0
BRDA:57,8,1,0
BRDA:104,9,0,0
BRDA:142,10,0,0
BRDA:144,11,0,0
BRDA:144,11,1,0
BRDA:164,12,0,0
BRDA:164,12,1,0
BRDA:169,13,0,0
BRDA:169,13,1,0
BRDA:177,14,0,0
BRDA:188,15,0,0
BRDA:188,15,1,0
BRDA:191,16,0,0
BRDA:207,17,0,0
BRDA:207,17,1,0
BRDA:207,17,2,0
BRDA:211,18,0,0
BRDA:213,19,0,0
BRF:29
BRH:0
end_of_record
TN:
SF:components/ConditionalLayout.jsx
FN:7,ConditionalLayout
FNF:1
FNH:0
FNDA:0,ConditionalLayout
DA:3,0
DA:4,0
DA:5,0
DA:7,0
DA:8,0
DA:11,0
DA:13,0
LF:7
LH:0
BRDA:13,0,0,0
BRDA:13,0,1,0
BRF:2
BRH:0
end_of_record
TN:
SF:components/FeaturedServices.jsx
FN:14,(anonymous_2)
FN:56,(anonymous_3)
FN:58,(anonymous_4)
FN:98,(anonymous_5)
FN:103,(anonymous_6)
FNF:5
FNH:0
FNDA:0,(anonymous_2)
FNDA:0,(anonymous_3)
FNDA:0,(anonymous_4)
FNDA:0,(anonymous_5)
FNDA:0,(anonymous_6)
DA:3,0
DA:4,0
DA:5,0
DA:11,0
DA:12,0
DA:14,0
DA:15,0
DA:56,0
DA:59,0
DA:98,0
DA:101,0
DA:103,0
DA:169,0
LF:13
LH:0
BRDA:14,0,0,0
BRDA:14,1,0,0
BRDA:14,2,0,0
BRDA:15,3,0,0
BRDA:15,3,1,0
BRDA:56,4,0,0
BRDA:58,5,0,0
BRDA:60,6,0,0
BRDA:60,6,1,0
BRDA:73,7,0,0
BRDA:101,8,0,0
BRDA:101,8,1,0
BRDA:101,9,0,0
BRDA:101,9,1,0
BRDA:103,10,0,0
BRDA:103,10,1,0
BRDA:122,11,0,0
BRDA:122,11,1,0
BRDA:123,12,0,0
BRDA:123,12,1,0
BRDA:136,13,0,0
BRDA:145,14,0,0
BRDA:145,14,1,0
BRDA:149,15,0,0
BRF:24
BRH:0
end_of_record
TN:
SF:components/FloatingContactButtons.jsx
FN:6,(anonymous_5)
FN:71,(anonymous_6)
FN:83,(anonymous_7)
FN:105,(anonymous_8)
FNF:4
FNH:0
FNDA:0,(anonymous_5)
FNDA:0,(anonymous_6)
FNDA:0,(anonymous_7)
FNDA:0,(anonymous_8)
DA:2,0
DA:3,0
DA:4,0
DA:6,0
DA:7,0
DA:9,0
DA:72,0
DA:84,0
DA:85,0
DA:86,0
DA:87,0
DA:88,0
DA:90,0
DA:106,0
DA:107,0
DA:108,0
DA:149,0
LF:17
LH:0
BRDA:63,0,0,0
BRDA:85,1,0,0
BRDA:85,1,1,0
BRDA:87,2,0,0
BRDA:87,2,1,0
BRDA:111,3,0,0
BRDA:111,3,1,0
BRDA:120,4,0,0
BRDA:120,4,1,0
BRDA:125,5,0,0
BRDA:137,6,0,0
BRF:11
BRH:0
end_of_record
TN:
SF:components/Form.jsx
FN:5,(anonymous_2)
FN:18,(anonymous_3)
FN:51,(anonymous_4)
FN:72,(anonymous_5)
FN:79,(anonymous_6)
FN:86,(anonymous_7)
FN:93,(anonymous_8)
FN:109,(anonymous_9)
FN:115,(anonymous_10)
FN:122,(anonymous_11)
FN:168,(anonymous_12)
FN:199,(anonymous_13)
FNF:12
FNH:8
FNDA:32,(anonymous_2)
FNDA:2,(anonymous_3)
FNDA:6,(anonymous_4)
FNDA:11,(anonymous_5)
FNDA:10,(anonymous_6)
FNDA:0,(anonymous_7)
FNDA:5,(anonymous_8)
FNDA:5,(anonymous_9)
FNDA:0,(anonymous_10)
FNDA:6,(anonymous_11)
FNDA:0,(anonymous_12)
FNDA:0,(anonymous_13)
DA:2,1
DA:3,1
DA:5,1
DA:6,32
DA:12,32
DA:13,32
DA:14,32
DA:15,32
DA:18,32
DA:19,2
DA:20,2
DA:51,32
DA:52,6
DA:54,6
DA:55,3
DA:58,6
DA:59,2
DA:60,4
DA:61,1
DA:65,6
DA:66,1
DA:69,6
DA:72,32
DA:73,11
DA:75,11
DA:76,1
DA:79,10
DA:85,10
DA:86,0
DA:93,32
DA:94,5
DA:97,5
DA:98,5
DA:100,5
DA:101,5
DA:102,5
DA:103,5
DA:104,5
DA:106,5
DA:109,5
DA:114,5
DA:115,0
DA:122,32
DA:123,6
DA:124,6
DA:125,6
DA:126,6
DA:128,6
DA:129,3
DA:130,3
DA:133,3
DA:135,3
DA:137,3
DA:145,2
DA:147,2
DA:149,2
DA:155,2
DA:156,2
DA:158,0
DA:163,1
DA:164,1
DA:166,3
DA:168,3
DA:169,0
DA:199,0
DA:460,9
LF:66
LH:61
BRDA:20,0,0,1
BRDA:20,0,1,1
BRDA:22,1,0,1
BRDA:54,2,0,3
BRDA:54,2,1,3
BRDA:58,3,0,2
BRDA:58,3,1,4
BRDA:60,4,0,1
BRDA:60,4,1,3
BRDA:65,5,0,1
BRDA:65,5,1,5
BRDA:65,6,0,6
BRDA:65,6,1,4
BRDA:75,7,0,1
BRDA:75,7,1,10
BRDA:75,8,0,11
BRDA:75,8,1,4
BRDA:85,9,0,0
BRDA:85,9,1,10
BRDA:97,10,0,5
BRDA:97,10,1,0
BRDA:101,11,0,5
BRDA:101,11,1,0
BRDA:102,12,0,4
BRDA:102,12,1,1
BRDA:103,13,0,4
BRDA:103,13,1,1
BRDA:104,14,0,4
BRDA:104,14,1,1
BRDA:114,15,0,0
BRDA:114,15,1,5
BRDA:128,16,0,3
BRDA:128,16,1,3
BRDA:147,17,0,2
BRDA:147,17,1,0
BRDA:158,18,0,0
BRDA:158,18,1,0
BRDA:195,19,0,32
BRDA:246,20,0,3
BRDA:246,20,1,29
BRDA:237,21,0,3
BRDA:237,21,1,29
BRDA:248,22,0,32
BRDA:248,22,1,16
BRDA:256,23,0,32
BRDA:300,24,0,3
BRDA:300,24,1,29
BRDA:291,25,0,3
BRDA:291,25,1,29
BRDA:302,26,0,32
BRDA:302,26,1,15
BRDA:302,26,2,14
BRDA:310,27,0,32
BRDA:345,28,0,1
BRDA:345,28,1,31
BRDA:354,29,0,32
BRDA:354,29,1,13
BRDA:354,29,2,12
BRDA:362,30,0,32
BRDA:435,31,0,3
BRDA:435,31,1,29
BRDA:438,32,0,3
BRF:62
BRH:55
end_of_record
TN:
SF:components/Header.jsx
FN:17,(anonymous_2)
FN:21,(anonymous_3)
FN:29,(anonymous_4)
FN:35,(anonymous_5)
FN:36,(anonymous_6)
FN:43,(anonymous_7)
FN:47,(anonymous_8)
FN:48,(anonymous_9)
FN:55,(anonymous_10)
FN:58,(anonymous_11)
FN:62,(anonymous_12)
FN:78,(anonymous_13)
FNF:12
FNH:0
FNDA:0,(anonymous_2)
FNDA:0,(anonymous_3)
FNDA:0,(anonymous_4)
FNDA:0,(anonymous_5)
FNDA:0,(anonymous_6)
FNDA:0,(anonymous_7)
FNDA:0,(anonymous_8)
FNDA:0,(anonymous_9)
FNDA:0,(anonymous_10)
FNDA:0,(anonymous_11)
FNDA:0,(anonymous_12)
FNDA:0,(anonymous_13)
DA:2,0
DA:4,0
DA:5,0
DA:6,0
DA:8,0
DA:11,0
DA:12,0
DA:13,0
DA:14,0
DA:17,0
DA:18,0
DA:21,0
DA:22,0
DA:23,0
DA:25,0
DA:29,0
DA:30,0
DA:35,0
DA:36,0
DA:37,0
DA:38,0
DA:42,0
DA:43,0
DA:47,0
DA:48,0
DA:49,0
DA:50,0
DA:54,0
DA:55,0
DA:58,0
DA:59,0
DA:62,0
DA:63,0
DA:64,0
DA:65,0
DA:78,0
DA:144,0
LF:37
LH:0
BRDA:22,0,0,0
BRDA:22,0,1,0
BRDA:37,1,0,0
BRDA:37,1,1,0
BRDA:37,2,0,0
BRDA:37,2,1,0
BRDA:49,3,0,0
BRDA:49,3,1,0
BRDA:49,4,0,0
BRDA:49,4,1,0
BRDA:63,5,0,0
BRDA:63,5,1,0
BRDA:63,6,0,0
BRDA:63,6,1,0
BRDA:72,7,0,0
BRDA:108,8,0,0
BRDA:108,8,1,0
BRDA:114,9,0,0
BRDA:123,10,0,0
BRDA:123,10,1,0
BRDA:127,11,0,0
BRDA:127,11,1,0
BRF:22
BRH:0
end_of_record
TN:
SF:components/JsonLd.jsx
FN:1,(anonymous_1)
FNF:1
FNH:0
FNDA:0,(anonymous_1)
DA:1,0
DA:5,0
LF:2
LH:0
BRF:0
BRH:0
end_of_record
TN:
SF:components/MobileNav.jsx
FN:36,(anonymous_2)
FN:39,(anonymous_3)
FN:40,(anonymous_4)
FN:47,(anonymous_5)
FN:50,(anonymous_6)
FN:69,(anonymous_7)
FN:80,(anonymous_8)
FN:90,(anonymous_9)
FNF:8
FNH:0
FNDA:0,(anonymous_2)
FNDA:0,(anonymous_3)
FNDA:0,(anonymous_4)
FNDA:0,(anonymous_5)
FNDA:0,(anonymous_6)
FNDA:0,(anonymous_7)
FNDA:0,(anonymous_8)
FNDA:0,(anonymous_9)
DA:2,0
DA:3,0
DA:4,0
DA:5,0
DA:6,0
DA:8,0
DA:36,0
DA:37,0
DA:39,0
DA:40,0
DA:41,0
DA:42,0
DA:46,0
DA:47,0
DA:50,0
DA:51,0
DA:52,0
DA:53,0
DA:69,0
DA:81,0
DA:90,0
DA:114,0
LF:22
LH:0
BRDA:41,0,0,0
BRDA:41,0,1,0
BRDA:51,1,0,0
BRDA:51,1,1,0
BRDA:51,2,0,0
BRDA:51,2,1,0
BRDA:86,3,0,0
BRDA:86,3,1,0
BRDA:91,4,0,0
BRDA:91,4,1,0
BRF:10
BRH:0
end_of_record
TN:
SF:components/ModalVideo.jsx
FN:5,(anonymous_2)
FNF:1
FNH:0
FNDA:0,(anonymous_2)
DA:1,0
DA:2,0
DA:3,0
DA:5,0
DA:26,0
LF:5
LH:0
BRF:0
BRH:0
end_of_record
TN:
SF:components/Nav.jsx
FN:34,(anonymous_2)
FN:39,(anonymous_3)
FNF:2
FNH:0
FNDA:0,(anonymous_2)
FNDA:0,(anonymous_3)
DA:2,0
DA:3,0
DA:4,0
DA:6,0
DA:34,0
DA:35,0
DA:40,0
DA:89,0
LF:8
LH:0
BRDA:51,0,0,0
BRDA:51,0,1,0
BRF:2
BRH:0
end_of_record
TN:
SF:components/PageTransition.jsx
FN:6,(anonymous_1)
FNF:1
FNH:0
FNDA:0,(anonymous_1)
DA:3,0
DA:4,0
DA:6,0
DA:7,0
DA:24,0
LF:5
LH:0
BRF:0
BRH:0
end_of_record
TN:
SF:components/RelatedBlogs.jsx
FN:9,(anonymous_2)
FN:13,(anonymous_3)
FN:14,(anonymous_4)
FN:32,(anonymous_5)
FN:33,(anonymous_6)
FN:52,(anonymous_7)
FN:70,(anonymous_8)
FN:104,(anonymous_9)
FNF:8
FNH:0
FNDA:0,(anonymous_2)
FNDA:0,(anonymous_3)
FNDA:0,(anonymous_4)
FNDA:0,(anonymous_5)
FNDA:0,(anonymous_6)
FNDA:0,(anonymous_7)
FNDA:0,(anonymous_8)
FNDA:0,(anonymous_9)
DA:3,0
DA:4,0
DA:5,0
DA:6,0
DA:7,0
DA:9,0
DA:10,0
DA:11,0
DA:13,0
DA:14,0
DA:15,0
DA:16,0
DA:17,0
DA:18,0
DA:20,0
DA:22,0
DA:25,0
DA:26,0
DA:27,0
DA:28,0
DA:32,0
DA:33,0
DA:36,0
DA:39,0
DA:42,0
DA:43,0
DA:45,0
DA:49,0
DA:52,0
DA:53,0
DA:55,0
DA:56,0
DA:57,0
DA:63,0
DA:67,0
DA:71,0
DA:82,0
DA:83,0
DA:105,0
DA:106,0
DA:212,0
LF:41
LH:0
BRDA:9,0,0,0
BRDA:20,1,0,0
BRDA:20,1,1,0
BRDA:22,2,0,0
BRDA:22,2,1,0
BRDA:25,3,0,0
BRDA:25,3,1,0
BRDA:28,4,0,0
BRDA:28,4,1,0
BRDA:36,5,0,0
BRDA:36,5,1,0
BRDA:53,6,0,0
BRDA:53,6,1,0
BRDA:67,7,0,0
BRDA:67,7,1,0
BRDA:82,8,0,0
BRDA:82,8,1,0
BRDA:114,9,0,0
BRDA:114,9,1,0
BRDA:119,10,0,0
BRDA:119,10,1,0
BRDA:127,11,0,0
BRDA:134,12,0,0
BRDA:145,13,0,0
BRDA:145,13,1,0
BRDA:148,14,0,0
BRDA:164,15,0,0
BRDA:164,15,1,0
BRDA:164,15,2,0
BRDA:168,16,0,0
BRDA:170,17,0,0
BRDA:108,18,0,0
BRDA:108,18,1,0
BRF:33
BRH:0
end_of_record
TN:
SF:components/ServicesSkeleton.jsx
FN:4,(anonymous_2)
FN:14,(anonymous_3)
FNF:2
FNH:0
FNDA:0,(anonymous_2)
FNDA:0,(anonymous_3)
DA:1,0
DA:2,0
DA:4,0
DA:15,0
DA:59,0
LF:5
LH:0
BRF:0
BRH:0
end_of_record
TN:
SF:components/Skeletons.jsx
FN:4,(anonymous_13)
FN:21,(anonymous_14)
FN:37,(anonymous_15)
FN:53,(anonymous_16)
FN:67,(anonymous_17)
FN:98,(anonymous_18)
FN:129,(anonymous_19)
FN:134,(anonymous_20)
FN:144,(anonymous_21)
FN:154,(anonymous_22)
FN:159,(anonymous_23)
FN:171,(anonymous_24)
FN:180,(anonymous_25)
FN:202,(anonymous_26)
FN:225,(anonymous_27)
FN:233,(anonymous_28)
FN:244,(anonymous_29)
FN:247,(anonymous_30)
FN:257,(anonymous_31)
FN:272,(anonymous_32)
FN:286,(anonymous_33)
FN:300,(anonymous_34)
FN:325,(anonymous_35)
FN:333,(anonymous_36)
FNF:24
FNH:0
FNDA:0,(anonymous_13)
FNDA:0,(anonymous_14)
FNDA:0,(anonymous_15)
FNDA:0,(anonymous_16)
FNDA:0,(anonymous_17)
FNDA:0,(anonymous_18)
FNDA:0,(anonymous_19)
FNDA:0,(anonymous_20)
FNDA:0,(anonymous_21)
FNDA:0,(anonymous_22)
FNDA:0,(anonymous_23)
FNDA:0,(anonymous_24)
FNDA:0,(anonymous_25)
FNDA:0,(anonymous_26)
FNDA:0,(anonymous_27)
FNDA:0,(anonymous_28)
FNDA:0,(anonymous_29)
FNDA:0,(anonymous_30)
FNDA:0,(anonymous_31)
FNDA:0,(anonymous_32)
FNDA:0,(anonymous_33)
FNDA:0,(anonymous_34)
FNDA:0,(anonymous_35)
FNDA:0,(anonymous_36)
DA:2,0
DA:4,0
DA:21,0
DA:37,0
DA:53,0
DA:67,0
DA:98,0
DA:129,0
DA:134,0
DA:145,0
DA:154,0
DA:160,0
DA:171,0
DA:181,0
DA:202,0
DA:226,0
DA:234,0
DA:245,0
DA:248,0
DA:258,0
DA:273,0
DA:287,0
DA:301,0
DA:326,0
DA:334,0
DA:358,0
DA:359,0
DA:360,0
DA:361,0
DA:362,0
DA:363,0
DA:364,0
DA:365,0
DA:366,0
DA:367,0
DA:368,0
LF:36
LH:0
BRDA:129,0,0,0
BRF:1
BRH:0
end_of_record
TN:
SF:components/Socials.jsx
FN:5,(anonymous_2)
FNF:1
FNH:0
FNDA:0,(anonymous_2)
DA:1,0
DA:3,0
DA:5,0
DA:32,0
LF:4
LH:0
BRF:0
BRH:0
end_of_record
TN:
SF:components/StatsItem.jsx
FN:3,(anonymous_2)
FNF:1
FNH:0
FNDA:0,(anonymous_2)
DA:1,0
DA:3,0
DA:15,0
LF:3
LH:0
BRF:0
BRH:0
end_of_record
TN:
SF:components/StatsSection.jsx
FN:6,(anonymous_1)
FN:57,(anonymous_2)
FN:66,(anonymous_3)
FNF:3
FNH:0
FNDA:0,(anonymous_1)
FNDA:0,(anonymous_2)
FNDA:0,(anonymous_3)
DA:3,0
DA:4,0
DA:6,0
DA:7,0
DA:58,0
DA:66,0
DA:67,0
DA:107,0
LF:8
LH:0
BRF:0
BRH:0
end_of_record
TN:
SF:components/Transition.jsx
FN:19,(anonymous_1)
FNF:1
FNH:0
FNDA:0,(anonymous_1)
DA:3,0
DA:4,0
DA:7,0
DA:19,0
DA:20,0
DA:45,0
LF:6
LH:0
BRF:0
BRH:0
end_of_record
TN:
SF:components/hero-carousel.jsx
FN:7,HeroCarousel
FN:13,(anonymous_3)
FN:14,(anonymous_4)
FN:22,(anonymous_5)
FN:23,(anonymous_6)
FN:86,(anonymous_7)
FN:89,(anonymous_8)
FN:90,(anonymous_9)
FN:93,(anonymous_10)
FN:96,(anonymous_11)
FN:99,(anonymous_12)
FN:128,(anonymous_13)
FN:187,(anonymous_14)
FN:190,(anonymous_15)
FN:202,(anonymous_16)
FN:216,(anonymous_17)
FNF:16
FNH:0
FNDA:0,HeroCarousel
FNDA:0,(anonymous_3)
FNDA:0,(anonymous_4)
FNDA:0,(anonymous_5)
FNDA:0,(anonymous_6)
FNDA:0,(anonymous_7)
FNDA:0,(anonymous_8)
FNDA:0,(anonymous_9)
FNDA:0,(anonymous_10)
FNDA:0,(anonymous_11)
FNDA:0,(anonymous_12)
FNDA:0,(anonymous_13)
FNDA:0,(anonymous_14)
FNDA:0,(anonymous_15)
FNDA:0,(anonymous_16)
FNDA:0,(anonymous_17)
DA:3,0
DA:4,0
DA:5,0
DA:7,0
DA:8,0
DA:9,0
DA:10,0
DA:11,0
DA:13,0
DA:14,0
DA:15,0
DA:16,0
DA:17,0
DA:19,0
DA:21,0
DA:22,0
DA:23,0
DA:24,0
DA:26,0
DA:28,0
DA:53,0
DA:55,0
DA:79,0
DA:83,0
DA:86,0
DA:87,0
DA:89,0
DA:90,0
DA:93,0
DA:96,0
DA:97,0
DA:98,0
DA:99,0
DA:102,0
DA:113,0
DA:129,0
DA:188,0
DA:190,0
DA:202,0
DA:216,0
LF:40
LH:0
BRDA:19,0,0,0
BRDA:19,0,1,0
BRDA:23,1,0,0
BRDA:23,1,1,0
BRDA:23,2,0,0
BRDA:23,2,1,0
BRDA:87,3,0,0
BRDA:87,3,1,0
BRDA:87,4,0,0
BRDA:87,4,1,0
BRDA:102,5,0,0
BRDA:102,5,1,0
BRDA:113,6,0,0
BRDA:113,6,1,0
BRDA:129,7,0,0
BRDA:129,7,1,0
BRDA:141,8,0,0
BRDA:141,8,1,0
BRDA:145,9,0,0
BRDA:145,9,1,0
BRDA:192,10,0,0
BRDA:192,10,1,0
BRDA:202,11,0,0
BRDA:202,11,1,0
BRF:24
BRH:0
end_of_record
TN:
SF:components/musteri.jsx
FN:28,TestimonialsCarousel
FN:33,(anonymous_2)
FN:34,(anonymous_3)
FN:35,(anonymous_4)
FN:37,(anonymous_5)
FN:41,(anonymous_6)
FN:42,(anonymous_7)
FN:44,(anonymous_8)
FN:48,(anonymous_9)
FN:52,(anonymous_10)
FN:56,(anonymous_11)
FN:66,(anonymous_12)
FNF:12
FNH:0
FNDA:0,TestimonialsCarousel
FNDA:0,(anonymous_2)
FNDA:0,(anonymous_3)
FNDA:0,(anonymous_4)
FNDA:0,(anonymous_5)
FNDA:0,(anonymous_6)
FNDA:0,(anonymous_7)
FNDA:0,(anonymous_8)
FNDA:0,(anonymous_9)
FNDA:0,(anonymous_10)
FNDA:0,(anonymous_11)
FNDA:0,(anonymous_12)
DA:2,0
DA:3,0
DA:5,0
DA:28,0
DA:29,0
DA:30,0
DA:33,0
DA:34,0
DA:35,0
DA:37,0
DA:41,0
DA:42,0
DA:43,0
DA:44,0
DA:48,0
DA:49,0
DA:52,0
DA:53,0
DA:54,0
DA:55,0
DA:56,0
DA:58,0
DA:62,0
DA:63,0
DA:64,0
DA:66,0
DA:67,0
DA:68,0
DA:69,0
LF:29
LH:0
BRDA:43,0,0,0
BRDA:43,0,1,0
BRDA:53,1,0,0
BRDA:53,1,1,0
BRDA:55,2,0,0
BRDA:55,2,1,0
BRF:6
BRH:0
end_of_record
TN:
SF:components/populer-tedavi.jsx
FN:48,TreatmentsSection
FN:72,(anonymous_2)
FNF:2
FNH:0
FNDA:0,TreatmentsSection
FNDA:0,(anonymous_2)
DA:1,0
DA:48,0
DA:73,0
LF:3
LH:0
BRDA:79,0,0,0
BRDA:79,0,1,0
BRF:2
BRH:0
end_of_record
TN:
SF:components/seo-head.jsx
FN:3,SEOHead
FN:51,(anonymous_3)
FNF:2
FNH:0
FNDA:0,SEOHead
FNDA:0,(anonymous_3)
DA:1,0
DA:3,0
DA:15,0
DA:16,0
DA:17,0
DA:18,0
DA:51,0
LF:7
LH:0
BRDA:7,0,0,0
BRDA:8,1,0,0
BRDA:13,2,0,0
BRDA:17,3,0,0
BRDA:17,3,1,0
BRDA:18,4,0,0
BRDA:18,4,1,0
BRDA:28,5,0,0
BRDA:46,6,0,0
BRDA:46,6,1,0
BRDA:47,7,0,0
BRDA:47,7,1,0
BRDA:48,8,0,0
BRDA:48,8,1,0
BRDA:49,9,0,0
BRDA:49,9,1,0
BRDA:49,9,2,0
BRDA:54,10,0,0
BRF:18
BRH:0
end_of_record
TN:
SF:components/service-cards.jsx
FN:46,ServiceCards
FN:57,(anonymous_3)
FNF:2
FNH:0
FNDA:0,ServiceCards
FNDA:0,(anonymous_3)
DA:2,0
DA:3,0
DA:4,0
DA:5,0
DA:7,0
DA:46,0
DA:58,0
LF:7
LH:0
BRDA:79,0,0,0
BRDA:79,0,1,0
BRDA:86,1,0,0
BRDA:86,1,1,0
BRF:4
BRH:0
end_of_record
TN:
SF:components/Admin/AdminHeader.jsx
FN:8,AdminHeader
FN:11,(anonymous_6)
FN:58,(anonymous_7)
FNF:3
FNH:0
FNDA:0,AdminHeader
FNDA:0,(anonymous_6)
FNDA:0,(anonymous_7)
DA:3,0
DA:4,0
DA:5,0
DA:6,0
DA:8,0
DA:9,0
DA:11,0
DA:12,0
DA:13,0
DA:14,0
DA:58,0
LF:11
LH:0
BRDA:26,0,0,0
BRDA:71,1,0,0
BRF:2
BRH:0
end_of_record
TN:
SF:components/Admin/BlogForm.jsx
FN:4,BlogForm
FN:17,(anonymous_2)
FN:19,(anonymous_3)
FN:23,(anonymous_4)
FN:24,(anonymous_5)
FN:25,(anonymous_6)
FNF:6
FNH:0
FNDA:0,BlogForm
FNDA:0,(anonymous_2)
FNDA:0,(anonymous_3)
FNDA:0,(anonymous_4)
FNDA:0,(anonymous_5)
FNDA:0,(anonymous_6)
DA:2,0
DA:4,0
DA:14,0
DA:17,0
DA:18,0
DA:19,0
DA:23,0
DA:24,0
DA:25,0
LF:9
LH:0
BRDA:14,0,0,0
BRDA:14,0,1,0
BRDA:32,1,0,0
BRDA:32,1,1,0
BRDA:169,2,0,0
BRDA:169,2,1,0
BRDA:178,3,0,0
BRDA:229,4,0,0
BRDA:229,4,1,0
BRF:9
BRH:0
end_of_record
TN:
SF:components/Admin/BlogHeader.jsx
FN:2,BlogHeader
FNF:1
FNH:0
FNDA:0,BlogHeader
DA:2,0
LF:1
LH:0
BRF:0
BRH:0
end_of_record
TN:
SF:components/Admin/BlogTable.jsx
FN:2,BlogTable
FN:20,(anonymous_2)
FN:42,(anonymous_3)
FN:48,(anonymous_4)
FNF:4
FNH:0
FNDA:0,BlogTable
FNDA:0,(anonymous_2)
FNDA:0,(anonymous_3)
FNDA:0,(anonymous_4)
DA:2,0
DA:21,0
DA:42,0
DA:48,0
LF:4
LH:0
BRDA:21,0,0,0
BRDA:21,0,1,0
BRDA:33,1,0,0
BRDA:33,1,1,0
BRDA:35,2,0,0
BRDA:35,2,1,0
BRDA:61,3,0,0
BRF:7
BRH:0
end_of_record
TN:
SF:components/Admin/ProtectedRoute.jsx
FN:7,ProtectedRoute
FN:12,(anonymous_3)
FN:13,(anonymous_4)
FN:27,(anonymous_5)
FN:30,(anonymous_6)
FN:35,(anonymous_7)
FNF:6
FNH:0
FNDA:0,ProtectedRoute
FNDA:0,(anonymous_3)
FNDA:0,(anonymous_4)
FNDA:0,(anonymous_5)
FNDA:0,(anonymous_6)
FNDA:0,(anonymous_7)
DA:3,0
DA:4,0
DA:5,0
DA:7,0
DA:8,0
DA:9,0
DA:10,0
DA:12,0
DA:13,0
DA:14,0
DA:15,0
DA:17,0
DA:18,0
DA:19,0
DA:22,0
DA:25,0
DA:27,0
DA:30,0
DA:31,0
DA:32,0
DA:35,0
DA:36,0
DA:37,0
DA:40,0
DA:48,0
DA:52,0
LF:26
LH:0
BRDA:40,0,0,0
BRDA:40,0,1,0
BRDA:48,1,0,0
BRDA:48,1,1,0
BRF:4
BRH:0
end_of_record
TN:
SF:components/Admin/Sidebar.jsx
FN:82,Sidebar
FN:116,(anonymous_3)
FN:129,(anonymous_4)
FNF:3
FNH:0
FNDA:0,Sidebar
FNDA:0,(anonymous_3)
FNDA:0,(anonymous_4)
DA:3,0
DA:4,0
DA:5,0
DA:21,0
DA:23,0
DA:82,0
DA:83,0
DA:117,0
DA:118,0
DA:120,0
DA:129,0
LF:11
LH:0
BRDA:88,0,0,0
BRDA:98,1,0,0
BRDA:98,1,1,0
BRDA:117,2,0,0
BRDA:117,2,1,0
BRDA:117,2,2,0
BRDA:125,3,0,0
BRDA:125,3,1,0
BRDA:131,4,0,0
BRDA:131,4,1,0
BRF:10
BRH:0
end_of_record
TN:
SF:components/Auth/LoginForm.jsx
FN:7,LoginForm
FN:14,(anonymous_3)
FN:16,(anonymous_4)
FN:19,(anonymous_5)
FNF:4
FNH:0
FNDA:0,LoginForm
FNDA:0,(anonymous_3)
FNDA:0,(anonymous_4)
FNDA:0,(anonymous_5)
DA:3,0
DA:4,0
DA:5,0
DA:7,0
DA:8,0
DA:12,0
DA:14,0
DA:15,0
DA:16,0
DA:19,0
DA:20,0
DA:21,0
DA:23,0
DA:24,0
DA:26,0
DA:27,0
DA:28,0
DA:30,0
DA:33,0
DA:35,0
LF:20
LH:0
BRDA:26,0,0,0
BRDA:26,0,1,0
BRDA:79,1,0,0
BRDA:79,1,1,0
BRF:4
BRH:0
end_of_record
TN:
SF:components/ui/dialog.jsx
FNF:0
FNH:0
DA:3,0
DA:4,0
DA:5,0
DA:7,0
DA:9,0
DA:11,0
DA:13,0
DA:15,0
DA:27,0
DA:50,0
DA:61,0
DA:72,0
DA:84,0
DA:93,0
DA:96,0
DA:97,0
DA:98,0
DA:99,0
DA:100,0
DA:101,0
DA:102,0
DA:103,0
DA:104,0
DA:105,0
LF:24
LH:0
BRF:0
BRH:0
end_of_record
TN:
SF:hooks/useServices.js
FN:3,(anonymous_1)
FN:8,(anonymous_2)
FN:39,(anonymous_3)
FN:60,(anonymous_4)
FN:89,(anonymous_5)
FN:118,(anonymous_6)
FN:143,(anonymous_7)
FNF:7
FNH:0
FNDA:0,(anonymous_1)
FNDA:0,(anonymous_2)
FNDA:0,(anonymous_3)
FNDA:0,(anonymous_4)
FNDA:0,(anonymous_5)
FNDA:0,(anonymous_6)
FNDA:0,(anonymous_7)
DA:1,0
DA:3,0
DA:4,0
DA:5,0
DA:6,0
DA:8,0
DA:9,0
DA:10,0
DA:11,0
DA:13,0
DA:14,0
DA:15,0
DA:17,0
DA:18,0
DA:20,0
DA:21,0
DA:24,0
DA:26,0
DA:27,0
DA:29,0
DA:32,0
DA:33,0
DA:35,0
DA:39,0
DA:40,0
DA:41,0
DA:43,0
DA:44,0
DA:47,0
DA:49,0
DA:50,0
DA:52,0
DA:55,0
DA:56,0
DA:60,0
DA:61,0
DA:62,0
DA:70,0
DA:71,0
DA:74,0
DA:76,0
DA:78,0
DA:79,0
DA:81,0
DA:84,0
DA:85,0
DA:89,0
DA:90,0
DA:91,0
DA:99,0
DA:100,0
DA:103,0
DA:105,0
DA:107,0
DA:108,0
DA:110,0
DA:113,0
DA:114,0
DA:118,0
DA:119,0
DA:120,0
DA:124,0
DA:125,0
DA:128,0
DA:130,0
DA:132,0
DA:133,0
DA:135,0
DA:138,0
DA:139,0
DA:143,0
DA:144,0
DA:147,0
LF:73
LH:0
BRDA:8,0,0,0
BRDA:14,1,0,0
BRDA:14,1,1,0
BRDA:15,2,0,0
BRDA:15,2,1,0
BRDA:17,3,0,0
BRDA:17,3,1,0
BRDA:20,4,0,0
BRDA:20,4,1,0
BRDA:26,5,0,0
BRDA:26,5,1,0
BRDA:29,6,0,0
BRDA:29,6,1,0
BRDA:43,7,0,0
BRDA:43,7,1,0
BRDA:49,8,0,0
BRDA:49,8,1,0
BRDA:52,9,0,0
BRDA:52,9,1,0
BRDA:70,10,0,0
BRDA:70,10,1,0
BRDA:76,11,0,0
BRDA:76,11,1,0
BRDA:81,12,0,0
BRDA:81,12,1,0
BRDA:99,13,0,0
BRDA:99,13,1,0
BRDA:105,14,0,0
BRDA:105,14,1,0
BRDA:110,15,0,0
BRDA:110,15,1,0
BRDA:124,16,0,0
BRDA:124,16,1,0
BRDA:130,17,0,0
BRDA:130,17,1,0
BRDA:135,18,0,0
BRDA:135,18,1,0
BRF:37
BRH:0
end_of_record
